[0.194s] Invoking command in '/home/ass/dev_ws/build/diffdrive_arduino': CMAKE_PREFIX_PATH=${CMAKE_PREFIX_PATH}:/opt/ros/humble /usr/bin/cmake --build /home/ass/dev_ws/build/diffdrive_arduino -- -j4 -l4
[0.851s] [100%] Built target diffdrive_arduino
[1.003s] Invoked command in '/home/ass/dev_ws/build/diffdrive_arduino' returned '0': CMAKE_PREFIX_PATH=${CMAKE_PREFIX_PATH}:/opt/ros/humble /usr/bin/cmake --build /home/ass/dev_ws/build/diffdrive_arduino -- -j4 -l4
[1.353s] Invoking command in '/home/ass/dev_ws/build/diffdrive_arduino': CMAKE_PREFIX_PATH=${CMAKE_PREFIX_PATH}:/opt/ros/humble /usr/bin/cmake --install /home/ass/dev_ws/build/diffdrive_arduino
[1.380s] -- Install configuration: ""
[1.392s] -- Execute custom install script
[1.393s] -- Up-to-date symlink: /home/ass/dev_ws/install/diffdrive_arduino/share/diffdrive_arduino//diffdrive_arduino.xml
[1.400s] -- Up-to-date symlink: /home/ass/dev_ws/install/diffdrive_arduino/include/diffdrive_arduino/diffdrive_arduino/arduino_comms.hpp
[1.406s] -- Up-to-date symlink: /home/ass/dev_ws/install/diffdrive_arduino/include/diffdrive_arduino/diffdrive_arduino/diffbot_system.hpp
[1.408s] -- Up-to-date symlink: /home/ass/dev_ws/install/diffdrive_arduino/include/diffdrive_arduino/diffdrive_arduino/visibility_control.h
[1.410s] -- Up-to-date symlink: /home/ass/dev_ws/install/diffdrive_arduino/include/diffdrive_arduino/diffdrive_arduino/wheel.hpp
[1.414s] -- Up-to-date symlink: /home/ass/dev_ws/install/diffdrive_arduino/share/diffdrive_arduino/launch/view_robot.launch.py
[1.418s] -- Up-to-date symlink: /home/ass/dev_ws/install/diffdrive_arduino/share/diffdrive_arduino/ros2_control/diffbot.ros2_control.xacro
[1.418s] -- Up-to-date symlink: /home/ass/dev_ws/install/diffdrive_arduino/share/diffdrive_arduino/urdf/diffbot.materials.xacro
[1.420s] -- Up-to-date symlink: /home/ass/dev_ws/install/diffdrive_arduino/share/diffdrive_arduino/urdf/diffbot.urdf.xacro
[1.420s] -- Up-to-date symlink: /home/ass/dev_ws/install/diffdrive_arduino/share/diffdrive_arduino/urdf/diffbot_description.urdf.xacro
[1.422s] -- Up-to-date symlink: /home/ass/dev_ws/install/diffdrive_arduino/share/diffdrive_arduino/rviz/diffbot.rviz
[1.423s] -- Up-to-date symlink: /home/ass/dev_ws/install/diffdrive_arduino/share/diffdrive_arduino/rviz/diffbot_view.rviz
[1.424s] -- Up-to-date symlink: /home/ass/dev_ws/install/diffdrive_arduino/share/diffdrive_arduino/launch/diffbot.launch.py
[1.427s] -- Up-to-date symlink: /home/ass/dev_ws/install/diffdrive_arduino/share/diffdrive_arduino/config/diffbot_controllers.yaml
[1.444s] -- Up-to-date symlink: /home/ass/dev_ws/install/diffdrive_arduino/share/diffdrive_arduino/environment/library_path.sh
[1.445s] -- Up-to-date symlink: /home/ass/dev_ws/install/diffdrive_arduino/share/diffdrive_arduino/environment/library_path.dsv
[1.445s] -- Up-to-date symlink: /home/ass/dev_ws/install/diffdrive_arduino/share/ament_index/resource_index/package_run_dependencies/diffdrive_arduino
[1.449s] -- Up-to-date symlink: /home/ass/dev_ws/install/diffdrive_arduino/share/ament_index/resource_index/parent_prefix_path/diffdrive_arduino
[1.450s] -- Up-to-date symlink: /home/ass/dev_ws/install/diffdrive_arduino/share/diffdrive_arduino/environment/ament_prefix_path.sh
[1.451s] -- Up-to-date symlink: /home/ass/dev_ws/install/diffdrive_arduino/share/diffdrive_arduino/environment/ament_prefix_path.dsv
[1.451s] -- Up-to-date symlink: /home/ass/dev_ws/install/diffdrive_arduino/share/diffdrive_arduino/environment/path.sh
[1.451s] -- Up-to-date symlink: /home/ass/dev_ws/install/diffdrive_arduino/share/diffdrive_arduino/environment/path.dsv
[1.452s] -- Up-to-date symlink: /home/ass/dev_ws/install/diffdrive_arduino/share/diffdrive_arduino/local_setup.bash
[1.452s] -- Up-to-date symlink: /home/ass/dev_ws/install/diffdrive_arduino/share/diffdrive_arduino/local_setup.sh
[1.452s] -- Up-to-date symlink: /home/ass/dev_ws/install/diffdrive_arduino/share/diffdrive_arduino/local_setup.zsh
[1.453s] -- Up-to-date symlink: /home/ass/dev_ws/install/diffdrive_arduino/share/diffdrive_arduino/local_setup.dsv
[1.454s] -- Symlinking: /home/ass/dev_ws/install/diffdrive_arduino/share/diffdrive_arduino/package.dsv
[1.495s] -- Up-to-date symlink: /home/ass/dev_ws/install/diffdrive_arduino/share/ament_index/resource_index/packages/diffdrive_arduino
[1.500s] -- Up-to-date symlink: /home/ass/dev_ws/install/diffdrive_arduino/share/ament_index/resource_index/hardware_interface__pluginlib__plugin/diffdrive_arduino
[1.502s] -- Up-to-date symlink: /home/ass/dev_ws/install/diffdrive_arduino/share/diffdrive_arduino/cmake/ament_cmake_export_targets-extras.cmake
[1.503s] -- Up-to-date symlink: /home/ass/dev_ws/install/diffdrive_arduino/share/diffdrive_arduino/cmake/ament_cmake_export_dependencies-extras.cmake
[1.504s] -- Up-to-date symlink: /home/ass/dev_ws/install/diffdrive_arduino/share/diffdrive_arduino/cmake/diffdrive_arduinoConfig.cmake
[1.505s] -- Up-to-date symlink: /home/ass/dev_ws/install/diffdrive_arduino/share/diffdrive_arduino/cmake/diffdrive_arduinoConfig-version.cmake
[1.507s] -- Up-to-date symlink: /home/ass/dev_ws/install/diffdrive_arduino/share/diffdrive_arduino/package.xml
[1.509s] -- Up-to-date: /home/ass/dev_ws/install/diffdrive_arduino/lib/libdiffdrive_arduino.so
[1.510s] -- Up-to-date: /home/ass/dev_ws/install/diffdrive_arduino/share/diffdrive_arduino/cmake/export_diffdrive_arduinoExport.cmake
[1.511s] -- Up-to-date: /home/ass/dev_ws/install/diffdrive_arduino/share/diffdrive_arduino/cmake/export_diffdrive_arduinoExport-noconfig.cmake
[1.552s] Invoked command in '/home/ass/dev_ws/build/diffdrive_arduino' returned '0': CMAKE_PREFIX_PATH=${CMAKE_PREFIX_PATH}:/opt/ros/humble /usr/bin/cmake --install /home/ass/dev_ws/build/diffdrive_arduino
