[3.572s] DEBUG:colcon:Command line arguments: ['/usr/bin/colcon', 'build']
[3.572s] DEBUG:colcon:Parsed command line arguments: Namespace(log_base=None, log_level=None, verb_name='build', build_base='build', install_base='install', merge_install=False, symlink_install=False, test_result_base=None, continue_on_error=False, executor='parallel', parallel_workers=4, event_handlers=None, ignore_user_meta=False, metas=['./colcon.meta'], base_paths=['.'], packages_ignore=None, packages_ignore_regex=None, paths=None, packages_up_to=None, packages_up_to_regex=None, packages_above=None, packages_above_and_dependencies=None, packages_above_depth=None, packages_select_by_dep=None, packages_skip_by_dep=None, packages_skip_up_to=None, packages_select_build_failed=False, packages_skip_build_finished=False, packages_select_test_failures=False, packages_skip_test_passed=False, packages_select=None, packages_skip=None, packages_select_regex=None, packages_skip_regex=None, packages_start=None, packages_end=None, allow_overriding=[], cmake_args=None, cmake_target=None, cmake_target_skip_unavailable=False, cmake_clean_cache=False, cmake_clean_first=False, cmake_force_configure=False, ament_cmake_args=None, catkin_cmake_args=None, catkin_skip_building_tests=False, verb_parser=<colcon_defaults.argument_parser.defaults.DefaultArgumentsDecorator object at 0xffffaab43070>, verb_extension=<colcon_core.verb.build.BuildVerb object at 0xffffaaa9bd30>, main=<bound method BuildVerb.main of <colcon_core.verb.build.BuildVerb object at 0xffffaaa9bd30>>)
[3.931s] Level 1:colcon.colcon_core.package_discovery:discover_packages(colcon_meta) check parameters
[3.932s] Level 1:colcon.colcon_core.package_discovery:discover_packages(recursive) check parameters
[3.932s] Level 1:colcon.colcon_core.package_discovery:discover_packages(ignore) check parameters
[3.932s] Level 1:colcon.colcon_core.package_discovery:discover_packages(path) check parameters
[3.932s] Level 1:colcon.colcon_core.package_discovery:discover_packages(colcon_meta) discover
[3.932s] Level 1:colcon.colcon_core.package_discovery:discover_packages(recursive) discover
[3.933s] INFO:colcon.colcon_core.package_discovery:Crawling recursively for packages in '/home/ass/dev_ws'
[3.933s] Level 1:colcon.colcon_core.package_identification:_identify(.) by extensions ['ignore', 'ignore_ament_install']
[3.933s] Level 1:colcon.colcon_core.package_identification:_identify(.) by extension 'ignore'
[3.934s] Level 1:colcon.colcon_core.package_identification:_identify(.) by extension 'ignore_ament_install'
[3.934s] Level 1:colcon.colcon_core.package_identification:_identify(.) by extensions ['colcon_pkg']
[3.934s] Level 1:colcon.colcon_core.package_identification:_identify(.) by extension 'colcon_pkg'
[3.935s] Level 1:colcon.colcon_core.package_identification:_identify(.) by extensions ['colcon_meta']
[3.935s] Level 1:colcon.colcon_core.package_identification:_identify(.) by extension 'colcon_meta'
[3.935s] Level 1:colcon.colcon_core.package_identification:_identify(.) by extensions ['ros']
[3.935s] Level 1:colcon.colcon_core.package_identification:_identify(.) by extension 'ros'
[4.030s] Level 1:colcon.colcon_core.package_identification:_identify(.) by extensions ['cmake', 'python']
[4.030s] Level 1:colcon.colcon_core.package_identification:_identify(.) by extension 'cmake'
[4.030s] Level 1:colcon.colcon_core.package_identification:_identify(.) by extension 'python'
[4.030s] Level 1:colcon.colcon_core.package_identification:_identify(.) by extensions ['python_setup_py']
[4.031s] Level 1:colcon.colcon_core.package_identification:_identify(.) by extension 'python_setup_py'
[4.031s] Level 1:colcon.colcon_core.package_identification:_identify(build) by extensions ['ignore', 'ignore_ament_install']
[4.032s] Level 1:colcon.colcon_core.package_identification:_identify(build) by extension 'ignore'
[4.032s] Level 1:colcon.colcon_core.package_identification:_identify(build) ignored
[4.033s] Level 1:colcon.colcon_core.package_identification:_identify(install) by extensions ['ignore', 'ignore_ament_install']
[4.033s] Level 1:colcon.colcon_core.package_identification:_identify(install) by extension 'ignore'
[4.033s] Level 1:colcon.colcon_core.package_identification:_identify(install) ignored
[4.034s] Level 1:colcon.colcon_core.package_identification:_identify(log) by extensions ['ignore', 'ignore_ament_install']
[4.034s] Level 1:colcon.colcon_core.package_identification:_identify(log) by extension 'ignore'
[4.034s] Level 1:colcon.colcon_core.package_identification:_identify(log) ignored
[4.040s] Level 1:colcon.colcon_core.package_identification:_identify(src) by extensions ['ignore', 'ignore_ament_install']
[4.040s] Level 1:colcon.colcon_core.package_identification:_identify(src) by extension 'ignore'
[4.041s] Level 1:colcon.colcon_core.package_identification:_identify(src) by extension 'ignore_ament_install'
[4.041s] Level 1:colcon.colcon_core.package_identification:_identify(src) by extensions ['colcon_pkg']
[4.041s] Level 1:colcon.colcon_core.package_identification:_identify(src) by extension 'colcon_pkg'
[4.041s] Level 1:colcon.colcon_core.package_identification:_identify(src) by extensions ['colcon_meta']
[4.041s] Level 1:colcon.colcon_core.package_identification:_identify(src) by extension 'colcon_meta'
[4.041s] Level 1:colcon.colcon_core.package_identification:_identify(src) by extensions ['ros']
[4.041s] Level 1:colcon.colcon_core.package_identification:_identify(src) by extension 'ros'
[4.042s] Level 1:colcon.colcon_core.package_identification:_identify(src) by extensions ['cmake', 'python']
[4.042s] Level 1:colcon.colcon_core.package_identification:_identify(src) by extension 'cmake'
[4.042s] Level 1:colcon.colcon_core.package_identification:_identify(src) by extension 'python'
[4.043s] Level 1:colcon.colcon_core.package_identification:_identify(src) by extensions ['python_setup_py']
[4.043s] Level 1:colcon.colcon_core.package_identification:_identify(src) by extension 'python_setup_py'
[4.045s] Level 1:colcon.colcon_core.package_identification:_identify(src/articubot_one) by extensions ['ignore', 'ignore_ament_install']
[4.046s] Level 1:colcon.colcon_core.package_identification:_identify(src/articubot_one) by extension 'ignore'
[4.046s] Level 1:colcon.colcon_core.package_identification:_identify(src/articubot_one) by extension 'ignore_ament_install'
[4.046s] Level 1:colcon.colcon_core.package_identification:_identify(src/articubot_one) by extensions ['colcon_pkg']
[4.046s] Level 1:colcon.colcon_core.package_identification:_identify(src/articubot_one) by extension 'colcon_pkg'
[4.047s] Level 1:colcon.colcon_core.package_identification:_identify(src/articubot_one) by extensions ['colcon_meta']
[4.047s] Level 1:colcon.colcon_core.package_identification:_identify(src/articubot_one) by extension 'colcon_meta'
[4.047s] Level 1:colcon.colcon_core.package_identification:_identify(src/articubot_one) by extensions ['ros']
[4.047s] Level 1:colcon.colcon_core.package_identification:_identify(src/articubot_one) by extension 'ros'
[4.064s] DEBUG:colcon.colcon_core.package_identification:Package 'src/articubot_one' with type 'ros.ament_cmake' and name 'articubot_one'
[4.074s] Level 1:colcon.colcon_core.package_identification:_identify(src/build) by extensions ['ignore', 'ignore_ament_install']
[4.075s] Level 1:colcon.colcon_core.package_identification:_identify(src/build) by extension 'ignore'
[4.075s] Level 1:colcon.colcon_core.package_identification:_identify(src/build) ignored
[4.077s] Level 1:colcon.colcon_core.package_identification:_identify(src/diffdrive_arduino) by extensions ['ignore', 'ignore_ament_install']
[4.078s] Level 1:colcon.colcon_core.package_identification:_identify(src/diffdrive_arduino) by extension 'ignore'
[4.079s] Level 1:colcon.colcon_core.package_identification:_identify(src/diffdrive_arduino) by extension 'ignore_ament_install'
[4.079s] Level 1:colcon.colcon_core.package_identification:_identify(src/diffdrive_arduino) by extensions ['colcon_pkg']
[4.079s] Level 1:colcon.colcon_core.package_identification:_identify(src/diffdrive_arduino) by extension 'colcon_pkg'
[4.080s] Level 1:colcon.colcon_core.package_identification:_identify(src/diffdrive_arduino) by extensions ['colcon_meta']
[4.080s] Level 1:colcon.colcon_core.package_identification:_identify(src/diffdrive_arduino) by extension 'colcon_meta'
[4.080s] Level 1:colcon.colcon_core.package_identification:_identify(src/diffdrive_arduino) by extensions ['ros']
[4.081s] Level 1:colcon.colcon_core.package_identification:_identify(src/diffdrive_arduino) by extension 'ros'
[4.094s] DEBUG:colcon.colcon_core.package_identification:Package 'src/diffdrive_arduino' with type 'ros.ament_cmake' and name 'diffdrive_arduino'
[4.096s] Level 1:colcon.colcon_core.package_identification:_identify(src/install) by extensions ['ignore', 'ignore_ament_install']
[4.097s] Level 1:colcon.colcon_core.package_identification:_identify(src/install) by extension 'ignore'
[4.097s] Level 1:colcon.colcon_core.package_identification:_identify(src/install) ignored
[4.099s] Level 1:colcon.colcon_core.package_identification:_identify(src/log) by extensions ['ignore', 'ignore_ament_install']
[4.099s] Level 1:colcon.colcon_core.package_identification:_identify(src/log) by extension 'ignore'
[4.099s] Level 1:colcon.colcon_core.package_identification:_identify(src/log) ignored
[4.101s] Level 1:colcon.colcon_core.package_identification:_identify(src/serial) by extensions ['ignore', 'ignore_ament_install']
[4.101s] Level 1:colcon.colcon_core.package_identification:_identify(src/serial) by extension 'ignore'
[4.102s] Level 1:colcon.colcon_core.package_identification:_identify(src/serial) by extension 'ignore_ament_install'
[4.102s] Level 1:colcon.colcon_core.package_identification:_identify(src/serial) by extensions ['colcon_pkg']
[4.102s] Level 1:colcon.colcon_core.package_identification:_identify(src/serial) by extension 'colcon_pkg'
[4.103s] Level 1:colcon.colcon_core.package_identification:_identify(src/serial) by extensions ['colcon_meta']
[4.103s] Level 1:colcon.colcon_core.package_identification:_identify(src/serial) by extension 'colcon_meta'
[4.103s] Level 1:colcon.colcon_core.package_identification:_identify(src/serial) by extensions ['ros']
[4.103s] Level 1:colcon.colcon_core.package_identification:_identify(src/serial) by extension 'ros'
[4.108s] DEBUG:colcon.colcon_core.package_identification:Package 'src/serial' with type 'ros.ament_cmake' and name 'serial'
[4.110s] Level 1:colcon.colcon_core.package_identification:_identify(src/twist_mux_example) by extensions ['ignore', 'ignore_ament_install']
[4.111s] Level 1:colcon.colcon_core.package_identification:_identify(src/twist_mux_example) by extension 'ignore'
[4.111s] Level 1:colcon.colcon_core.package_identification:_identify(src/twist_mux_example) by extension 'ignore_ament_install'
[4.112s] Level 1:colcon.colcon_core.package_identification:_identify(src/twist_mux_example) by extensions ['colcon_pkg']
[4.112s] Level 1:colcon.colcon_core.package_identification:_identify(src/twist_mux_example) by extension 'colcon_pkg'
[4.113s] Level 1:colcon.colcon_core.package_identification:_identify(src/twist_mux_example) by extensions ['colcon_meta']
[4.113s] Level 1:colcon.colcon_core.package_identification:_identify(src/twist_mux_example) by extension 'colcon_meta'
[4.113s] Level 1:colcon.colcon_core.package_identification:_identify(src/twist_mux_example) by extensions ['ros']
[4.113s] Level 1:colcon.colcon_core.package_identification:_identify(src/twist_mux_example) by extension 'ros'
[4.114s] Level 1:colcon.colcon_core.package_identification:_identify(src/twist_mux_example) by extensions ['cmake', 'python']
[4.114s] Level 1:colcon.colcon_core.package_identification:_identify(src/twist_mux_example) by extension 'cmake'
[4.115s] Level 1:colcon.colcon_core.package_identification:_identify(src/twist_mux_example) by extension 'python'
[4.115s] Level 1:colcon.colcon_core.package_identification:_identify(src/twist_mux_example) by extensions ['python_setup_py']
[4.115s] Level 1:colcon.colcon_core.package_identification:_identify(src/twist_mux_example) by extension 'python_setup_py'
[4.117s] Level 1:colcon.colcon_core.package_identification:_identify(src/twist_mux_example/src) by extensions ['ignore', 'ignore_ament_install']
[4.118s] Level 1:colcon.colcon_core.package_identification:_identify(src/twist_mux_example/src) by extension 'ignore'
[4.118s] Level 1:colcon.colcon_core.package_identification:_identify(src/twist_mux_example/src) by extension 'ignore_ament_install'
[4.118s] Level 1:colcon.colcon_core.package_identification:_identify(src/twist_mux_example/src) by extensions ['colcon_pkg']
[4.119s] Level 1:colcon.colcon_core.package_identification:_identify(src/twist_mux_example/src) by extension 'colcon_pkg'
[4.119s] Level 1:colcon.colcon_core.package_identification:_identify(src/twist_mux_example/src) by extensions ['colcon_meta']
[4.119s] Level 1:colcon.colcon_core.package_identification:_identify(src/twist_mux_example/src) by extension 'colcon_meta'
[4.119s] Level 1:colcon.colcon_core.package_identification:_identify(src/twist_mux_example/src) by extensions ['ros']
[4.120s] Level 1:colcon.colcon_core.package_identification:_identify(src/twist_mux_example/src) by extension 'ros'
[4.120s] Level 1:colcon.colcon_core.package_identification:_identify(src/twist_mux_example/src) by extensions ['cmake', 'python']
[4.121s] Level 1:colcon.colcon_core.package_identification:_identify(src/twist_mux_example/src) by extension 'cmake'
[4.121s] Level 1:colcon.colcon_core.package_identification:_identify(src/twist_mux_example/src) by extension 'python'
[4.121s] Level 1:colcon.colcon_core.package_identification:_identify(src/twist_mux_example/src) by extensions ['python_setup_py']
[4.121s] Level 1:colcon.colcon_core.package_identification:_identify(src/twist_mux_example/src) by extension 'python_setup_py'
[4.123s] Level 1:colcon.colcon_core.package_identification:_identify(src/twist_mux_example/src/twist_mux_test) by extensions ['ignore', 'ignore_ament_install']
[4.124s] Level 1:colcon.colcon_core.package_identification:_identify(src/twist_mux_example/src/twist_mux_test) by extension 'ignore'
[4.124s] Level 1:colcon.colcon_core.package_identification:_identify(src/twist_mux_example/src/twist_mux_test) by extension 'ignore_ament_install'
[4.124s] Level 1:colcon.colcon_core.package_identification:_identify(src/twist_mux_example/src/twist_mux_test) by extensions ['colcon_pkg']
[4.125s] Level 1:colcon.colcon_core.package_identification:_identify(src/twist_mux_example/src/twist_mux_test) by extension 'colcon_pkg'
[4.125s] Level 1:colcon.colcon_core.package_identification:_identify(src/twist_mux_example/src/twist_mux_test) by extensions ['colcon_meta']
[4.125s] Level 1:colcon.colcon_core.package_identification:_identify(src/twist_mux_example/src/twist_mux_test) by extension 'colcon_meta'
[4.125s] Level 1:colcon.colcon_core.package_identification:_identify(src/twist_mux_example/src/twist_mux_test) by extensions ['ros']
[4.125s] Level 1:colcon.colcon_core.package_identification:_identify(src/twist_mux_example/src/twist_mux_test) by extension 'ros'
[4.130s] DEBUG:colcon.colcon_core.package_identification:Package 'src/twist_mux_example/src/twist_mux_test' with type 'ros.ament_python' and name 'twist_mux_test'
[4.130s] Level 1:colcon.colcon_core.package_discovery:discover_packages(recursive) using defaults
[4.131s] Level 1:colcon.colcon_core.package_discovery:discover_packages(ignore) discover
[4.131s] Level 1:colcon.colcon_core.package_discovery:discover_packages(ignore) using defaults
[4.131s] Level 1:colcon.colcon_core.package_discovery:discover_packages(path) discover
[4.131s] Level 1:colcon.colcon_core.package_discovery:discover_packages(path) using defaults
[4.362s] Level 1:colcon.colcon_core.package_discovery:discover_packages(prefix_path) check parameters
[4.362s] Level 1:colcon.colcon_core.package_discovery:discover_packages(prefix_path) discover
[4.403s] DEBUG:colcon.colcon_installed_package_information.package_discovery:Found 291 installed packages in /opt/ros/humble
[4.411s] Level 1:colcon.colcon_core.package_discovery:discover_packages(prefix_path) using defaults
[4.843s] Level 5:colcon.colcon_core.verb:set package 'articubot_one' build argument 'cmake_args' from command line to 'None'
[4.843s] Level 5:colcon.colcon_core.verb:set package 'articubot_one' build argument 'cmake_target' from command line to 'None'
[4.843s] Level 5:colcon.colcon_core.verb:set package 'articubot_one' build argument 'cmake_target_skip_unavailable' from command line to 'False'
[4.844s] Level 5:colcon.colcon_core.verb:set package 'articubot_one' build argument 'cmake_clean_cache' from command line to 'False'
[4.844s] Level 5:colcon.colcon_core.verb:set package 'articubot_one' build argument 'cmake_clean_first' from command line to 'False'
[4.844s] Level 5:colcon.colcon_core.verb:set package 'articubot_one' build argument 'cmake_force_configure' from command line to 'False'
[4.844s] Level 5:colcon.colcon_core.verb:set package 'articubot_one' build argument 'ament_cmake_args' from command line to 'None'
[4.844s] Level 5:colcon.colcon_core.verb:set package 'articubot_one' build argument 'catkin_cmake_args' from command line to 'None'
[4.844s] Level 5:colcon.colcon_core.verb:set package 'articubot_one' build argument 'catkin_skip_building_tests' from command line to 'False'
[4.844s] DEBUG:colcon.colcon_core.verb:Building package 'articubot_one' with the following arguments: {'ament_cmake_args': None, 'build_base': '/home/ass/dev_ws/build/articubot_one', 'catkin_cmake_args': None, 'catkin_skip_building_tests': False, 'cmake_args': None, 'cmake_clean_cache': False, 'cmake_clean_first': False, 'cmake_force_configure': False, 'cmake_target': None, 'cmake_target_skip_unavailable': False, 'install_base': '/home/ass/dev_ws/install/articubot_one', 'merge_install': False, 'path': '/home/ass/dev_ws/src/articubot_one', 'symlink_install': False, 'test_result_base': None}
[4.848s] Level 5:colcon.colcon_core.verb:set package 'diffdrive_arduino' build argument 'cmake_args' from command line to 'None'
[4.849s] Level 5:colcon.colcon_core.verb:set package 'diffdrive_arduino' build argument 'cmake_target' from command line to 'None'
[4.849s] Level 5:colcon.colcon_core.verb:set package 'diffdrive_arduino' build argument 'cmake_target_skip_unavailable' from command line to 'False'
[4.849s] Level 5:colcon.colcon_core.verb:set package 'diffdrive_arduino' build argument 'cmake_clean_cache' from command line to 'False'
[4.849s] Level 5:colcon.colcon_core.verb:set package 'diffdrive_arduino' build argument 'cmake_clean_first' from command line to 'False'
[4.849s] Level 5:colcon.colcon_core.verb:set package 'diffdrive_arduino' build argument 'cmake_force_configure' from command line to 'False'
[4.849s] Level 5:colcon.colcon_core.verb:set package 'diffdrive_arduino' build argument 'ament_cmake_args' from command line to 'None'
[4.849s] Level 5:colcon.colcon_core.verb:set package 'diffdrive_arduino' build argument 'catkin_cmake_args' from command line to 'None'
[4.849s] Level 5:colcon.colcon_core.verb:set package 'diffdrive_arduino' build argument 'catkin_skip_building_tests' from command line to 'False'
[4.849s] DEBUG:colcon.colcon_core.verb:Building package 'diffdrive_arduino' with the following arguments: {'ament_cmake_args': None, 'build_base': '/home/ass/dev_ws/build/diffdrive_arduino', 'catkin_cmake_args': None, 'catkin_skip_building_tests': False, 'cmake_args': None, 'cmake_clean_cache': False, 'cmake_clean_first': False, 'cmake_force_configure': False, 'cmake_target': None, 'cmake_target_skip_unavailable': False, 'install_base': '/home/ass/dev_ws/install/diffdrive_arduino', 'merge_install': False, 'path': '/home/ass/dev_ws/src/diffdrive_arduino', 'symlink_install': False, 'test_result_base': None}
[4.853s] Level 5:colcon.colcon_core.verb:set package 'serial' build argument 'cmake_args' from command line to 'None'
[4.854s] Level 5:colcon.colcon_core.verb:set package 'serial' build argument 'cmake_target' from command line to 'None'
[4.854s] Level 5:colcon.colcon_core.verb:set package 'serial' build argument 'cmake_target_skip_unavailable' from command line to 'False'
[4.854s] Level 5:colcon.colcon_core.verb:set package 'serial' build argument 'cmake_clean_cache' from command line to 'False'
[4.854s] Level 5:colcon.colcon_core.verb:set package 'serial' build argument 'cmake_clean_first' from command line to 'False'
[4.854s] Level 5:colcon.colcon_core.verb:set package 'serial' build argument 'cmake_force_configure' from command line to 'False'
[4.854s] Level 5:colcon.colcon_core.verb:set package 'serial' build argument 'ament_cmake_args' from command line to 'None'
[4.854s] Level 5:colcon.colcon_core.verb:set package 'serial' build argument 'catkin_cmake_args' from command line to 'None'
[4.854s] Level 5:colcon.colcon_core.verb:set package 'serial' build argument 'catkin_skip_building_tests' from command line to 'False'
[4.855s] DEBUG:colcon.colcon_core.verb:Building package 'serial' with the following arguments: {'ament_cmake_args': None, 'build_base': '/home/ass/dev_ws/build/serial', 'catkin_cmake_args': None, 'catkin_skip_building_tests': False, 'cmake_args': None, 'cmake_clean_cache': False, 'cmake_clean_first': False, 'cmake_force_configure': False, 'cmake_target': None, 'cmake_target_skip_unavailable': False, 'install_base': '/home/ass/dev_ws/install/serial', 'merge_install': False, 'path': '/home/ass/dev_ws/src/serial', 'symlink_install': False, 'test_result_base': None}
[4.859s] Level 5:colcon.colcon_core.verb:set package 'twist_mux_test' build argument 'cmake_args' from command line to 'None'
[4.859s] Level 5:colcon.colcon_core.verb:set package 'twist_mux_test' build argument 'cmake_target' from command line to 'None'
[4.859s] Level 5:colcon.colcon_core.verb:set package 'twist_mux_test' build argument 'cmake_target_skip_unavailable' from command line to 'False'
[4.859s] Level 5:colcon.colcon_core.verb:set package 'twist_mux_test' build argument 'cmake_clean_cache' from command line to 'False'
[4.859s] Level 5:colcon.colcon_core.verb:set package 'twist_mux_test' build argument 'cmake_clean_first' from command line to 'False'
[4.859s] Level 5:colcon.colcon_core.verb:set package 'twist_mux_test' build argument 'cmake_force_configure' from command line to 'False'
[4.859s] Level 5:colcon.colcon_core.verb:set package 'twist_mux_test' build argument 'ament_cmake_args' from command line to 'None'
[4.859s] Level 5:colcon.colcon_core.verb:set package 'twist_mux_test' build argument 'catkin_cmake_args' from command line to 'None'
[4.859s] Level 5:colcon.colcon_core.verb:set package 'twist_mux_test' build argument 'catkin_skip_building_tests' from command line to 'False'
[4.860s] DEBUG:colcon.colcon_core.verb:Building package 'twist_mux_test' with the following arguments: {'ament_cmake_args': None, 'build_base': '/home/ass/dev_ws/build/twist_mux_test', 'catkin_cmake_args': None, 'catkin_skip_building_tests': False, 'cmake_args': None, 'cmake_clean_cache': False, 'cmake_clean_first': False, 'cmake_force_configure': False, 'cmake_target': None, 'cmake_target_skip_unavailable': False, 'install_base': '/home/ass/dev_ws/install/twist_mux_test', 'merge_install': False, 'path': '/home/ass/dev_ws/src/twist_mux_example/src/twist_mux_test', 'symlink_install': False, 'test_result_base': None}
[4.863s] INFO:colcon.colcon_core.executor:Executing jobs using 'parallel' executor
[4.876s] DEBUG:colcon.colcon_parallel_executor.executor.parallel:run_until_complete
[4.878s] INFO:colcon.colcon_ros.task.ament_cmake.build:Building ROS package in '/home/ass/dev_ws/src/articubot_one' with build type 'ament_cmake'
[4.878s] INFO:colcon.colcon_cmake.task.cmake.build:Building CMake package in '/home/ass/dev_ws/src/articubot_one'
[4.931s] INFO:colcon.colcon_core.plugin_system:Skipping extension 'colcon_core.shell.bat': Not used on non-Windows systems
[4.932s] INFO:colcon.colcon_core.shell:Skip shell extension 'powershell' for command environment: Not usable outside of PowerShell
[4.932s] DEBUG:colcon.colcon_core.shell:Skip shell extension 'dsv' for command environment
[4.963s] INFO:colcon.colcon_ros.task.ament_cmake.build:Building ROS package in '/home/ass/dev_ws/src/diffdrive_arduino' with build type 'ament_cmake'
[4.964s] INFO:colcon.colcon_cmake.task.cmake.build:Building CMake package in '/home/ass/dev_ws/src/diffdrive_arduino'
[4.973s] INFO:colcon.colcon_core.shell:Skip shell extension 'powershell' for command environment: Not usable outside of PowerShell
[4.974s] DEBUG:colcon.colcon_core.shell:Skip shell extension 'dsv' for command environment
[5.004s] INFO:colcon.colcon_ros.task.ament_cmake.build:Building ROS package in '/home/ass/dev_ws/src/serial' with build type 'ament_cmake'
[5.005s] INFO:colcon.colcon_cmake.task.cmake.build:Building CMake package in '/home/ass/dev_ws/src/serial'
[5.013s] INFO:colcon.colcon_core.shell:Skip shell extension 'powershell' for command environment: Not usable outside of PowerShell
[5.013s] DEBUG:colcon.colcon_core.shell:Skip shell extension 'dsv' for command environment
[5.039s] INFO:colcon.colcon_ros.task.ament_python.build:Building ROS package in '/home/ass/dev_ws/src/twist_mux_example/src/twist_mux_test' with build type 'ament_python'
[5.039s] Level 1:colcon.colcon_core.shell:create_environment_hook('twist_mux_test', 'ament_prefix_path')
[5.047s] INFO:colcon.colcon_core.shell:Creating environment hook '/home/ass/dev_ws/install/twist_mux_test/share/twist_mux_test/hook/ament_prefix_path.ps1'
[5.059s] INFO:colcon.colcon_core.shell:Creating environment descriptor '/home/ass/dev_ws/install/twist_mux_test/share/twist_mux_test/hook/ament_prefix_path.dsv'
[5.066s] INFO:colcon.colcon_core.shell:Creating environment hook '/home/ass/dev_ws/install/twist_mux_test/share/twist_mux_test/hook/ament_prefix_path.sh'
[5.076s] INFO:colcon.colcon_core.shell:Skip shell extension 'powershell' for command environment: Not usable outside of PowerShell
[5.077s] DEBUG:colcon.colcon_core.shell:Skip shell extension 'dsv' for command environment
[5.126s] DEBUG:colcon.colcon_core.event_handler.log_command:Invoking command in '/home/ass/dev_ws/build/articubot_one': CMAKE_PREFIX_PATH=/opt/ros/humble /usr/bin/cmake --build /home/ass/dev_ws/build/articubot_one -- -j4 -l4
[5.168s] DEBUG:colcon.colcon_core.event_handler.log_command:Invoking command in '/home/ass/dev_ws/build/diffdrive_arduino': CMAKE_PREFIX_PATH=/opt/ros/humble /usr/bin/cmake --build /home/ass/dev_ws/build/diffdrive_arduino -- -j4 -l4
[5.201s] DEBUG:colcon.colcon_core.event_handler.log_command:Invoking command in '/home/ass/dev_ws/build/serial': CMAKE_PREFIX_PATH=/opt/ros/humble /usr/bin/cmake --build /home/ass/dev_ws/build/serial -- -j4 -l4
[6.775s] INFO:colcon.colcon_core.task.python.build:Building Python package in '/home/ass/dev_ws/src/twist_mux_example/src/twist_mux_test'
[6.781s] INFO:colcon.colcon_core.shell:Skip shell extension 'powershell' for command environment: Not usable outside of PowerShell
[6.781s] DEBUG:colcon.colcon_core.shell:Skip shell extension 'dsv' for command environment
[6.806s] DEBUG:colcon.colcon_core.event_handler.log_command:Invoked command in '/home/ass/dev_ws/build/articubot_one' returned '0': CMAKE_PREFIX_PATH=/opt/ros/humble /usr/bin/cmake --build /home/ass/dev_ws/build/articubot_one -- -j4 -l4
[6.813s] DEBUG:colcon.colcon_core.event_handler.log_command:Invoked command in '/home/ass/dev_ws/build/diffdrive_arduino' returned '0': CMAKE_PREFIX_PATH=/opt/ros/humble /usr/bin/cmake --build /home/ass/dev_ws/build/diffdrive_arduino -- -j4 -l4
[6.821s] DEBUG:colcon.colcon_core.event_handler.log_command:Invoked command in '/home/ass/dev_ws/build/serial' returned '0': CMAKE_PREFIX_PATH=/opt/ros/humble /usr/bin/cmake --build /home/ass/dev_ws/build/serial -- -j4 -l4
[6.981s] DEBUG:colcon.colcon_core.event_handler.log_command:Invoking command in '/home/ass/dev_ws/build/articubot_one': CMAKE_PREFIX_PATH=/opt/ros/humble /usr/bin/cmake --install /home/ass/dev_ws/build/articubot_one
[6.990s] DEBUG:colcon.colcon_core.event_handler.log_command:Invoking command in '/home/ass/dev_ws/build/diffdrive_arduino': CMAKE_PREFIX_PATH=/opt/ros/humble /usr/bin/cmake --install /home/ass/dev_ws/build/diffdrive_arduino
[7.078s] DEBUG:colcon.colcon_core.event_handler.log_command:Invoking command in '/home/ass/dev_ws/build/serial': CMAKE_PREFIX_PATH=/opt/ros/humble /usr/bin/cmake --install /home/ass/dev_ws/build/serial
[7.287s] Level 1:colcon.colcon_core.environment:create_environment_scripts_only(serial)
[7.305s] DEBUG:colcon.colcon_core.event_handler.log_command:Invoked command in '/home/ass/dev_ws/build/serial' returned '0': CMAKE_PREFIX_PATH=/opt/ros/humble /usr/bin/cmake --install /home/ass/dev_ws/build/serial
[7.364s] Level 1:colcon.colcon_core.environment:checking '/home/ass/dev_ws/install/serial' for CMake module files
[7.368s] Level 1:colcon.colcon_core.environment:checking '/home/ass/dev_ws/install/serial' for CMake config files
[7.369s] Level 1:colcon.colcon_core.shell:create_environment_hook('serial', 'cmake_prefix_path')
[7.375s] INFO:colcon.colcon_core.shell:Creating environment hook '/home/ass/dev_ws/install/serial/share/serial/hook/cmake_prefix_path.ps1'
[7.381s] INFO:colcon.colcon_core.shell:Creating environment descriptor '/home/ass/dev_ws/install/serial/share/serial/hook/cmake_prefix_path.dsv'
[7.387s] INFO:colcon.colcon_core.shell:Creating environment hook '/home/ass/dev_ws/install/serial/share/serial/hook/cmake_prefix_path.sh'
[7.392s] Level 1:colcon.colcon_core.environment:checking '/home/ass/dev_ws/install/serial/lib'
[7.393s] Level 1:colcon.colcon_core.environment:checking '/home/ass/dev_ws/install/serial/bin'
[7.393s] Level 1:colcon.colcon_core.environment:checking '/home/ass/dev_ws/install/serial/lib/pkgconfig/serial.pc'
[7.394s] Level 1:colcon.colcon_core.environment:checking '/home/ass/dev_ws/install/serial/lib/python3.10/site-packages'
[7.396s] Level 1:colcon.colcon_core.environment:checking '/home/ass/dev_ws/install/serial/bin'
[7.405s] INFO:colcon.colcon_core.shell:Creating package script '/home/ass/dev_ws/install/serial/share/serial/package.ps1'
[7.416s] INFO:colcon.colcon_core.shell:Creating package descriptor '/home/ass/dev_ws/install/serial/share/serial/package.dsv'
[7.420s] INFO:colcon.colcon_core.shell:Creating package script '/home/ass/dev_ws/install/serial/share/serial/package.sh'
[7.425s] INFO:colcon.colcon_core.shell:Creating package script '/home/ass/dev_ws/install/serial/share/serial/package.bash'
[7.431s] INFO:colcon.colcon_core.shell:Creating package script '/home/ass/dev_ws/install/serial/share/serial/package.zsh'
[7.439s] Level 1:colcon.colcon_core.environment:create_file_with_runtime_dependencies(/home/ass/dev_ws/install/serial/share/colcon-core/packages/serial)
[7.452s] Level 1:colcon.colcon_core.environment:create_environment_scripts_only(diffdrive_arduino)
[7.459s] DEBUG:colcon.colcon_core.event_handler.log_command:Invoked command in '/home/ass/dev_ws/build/diffdrive_arduino' returned '0': CMAKE_PREFIX_PATH=/opt/ros/humble /usr/bin/cmake --install /home/ass/dev_ws/build/diffdrive_arduino
[7.465s] Level 1:colcon.colcon_core.environment:checking '/home/ass/dev_ws/install/diffdrive_arduino' for CMake module files
[7.470s] Level 1:colcon.colcon_core.environment:checking '/home/ass/dev_ws/install/diffdrive_arduino' for CMake config files
[7.478s] Level 1:colcon.colcon_core.shell:create_environment_hook('diffdrive_arduino', 'cmake_prefix_path')
[7.486s] INFO:colcon.colcon_core.shell:Creating environment hook '/home/ass/dev_ws/install/diffdrive_arduino/share/diffdrive_arduino/hook/cmake_prefix_path.ps1'
[7.491s] INFO:colcon.colcon_core.shell:Creating environment descriptor '/home/ass/dev_ws/install/diffdrive_arduino/share/diffdrive_arduino/hook/cmake_prefix_path.dsv'
[7.494s] INFO:colcon.colcon_core.shell:Creating environment hook '/home/ass/dev_ws/install/diffdrive_arduino/share/diffdrive_arduino/hook/cmake_prefix_path.sh'
[7.499s] Level 1:colcon.colcon_core.environment:checking '/home/ass/dev_ws/install/diffdrive_arduino/lib'
[7.499s] Level 1:colcon.colcon_core.shell:create_environment_hook('diffdrive_arduino', 'ld_library_path_lib')
[7.505s] INFO:colcon.colcon_core.shell:Creating environment hook '/home/ass/dev_ws/install/diffdrive_arduino/share/diffdrive_arduino/hook/ld_library_path_lib.ps1'
[7.507s] INFO:colcon.colcon_core.shell:Creating environment descriptor '/home/ass/dev_ws/install/diffdrive_arduino/share/diffdrive_arduino/hook/ld_library_path_lib.dsv'
[7.510s] INFO:colcon.colcon_core.shell:Creating environment hook '/home/ass/dev_ws/install/diffdrive_arduino/share/diffdrive_arduino/hook/ld_library_path_lib.sh'
[7.514s] Level 1:colcon.colcon_core.environment:checking '/home/ass/dev_ws/install/diffdrive_arduino/bin'
[7.515s] Level 1:colcon.colcon_core.environment:checking '/home/ass/dev_ws/install/diffdrive_arduino/lib/pkgconfig/diffdrive_arduino.pc'
[7.516s] Level 1:colcon.colcon_core.environment:checking '/home/ass/dev_ws/install/diffdrive_arduino/lib/python3.10/site-packages'
[7.517s] Level 1:colcon.colcon_core.environment:checking '/home/ass/dev_ws/install/diffdrive_arduino/bin'
[7.523s] INFO:colcon.colcon_core.shell:Creating package script '/home/ass/dev_ws/install/diffdrive_arduino/share/diffdrive_arduino/package.ps1'
[7.527s] INFO:colcon.colcon_core.shell:Creating package descriptor '/home/ass/dev_ws/install/diffdrive_arduino/share/diffdrive_arduino/package.dsv'
[7.530s] INFO:colcon.colcon_core.shell:Creating package script '/home/ass/dev_ws/install/diffdrive_arduino/share/diffdrive_arduino/package.sh'
[7.533s] INFO:colcon.colcon_core.shell:Creating package script '/home/ass/dev_ws/install/diffdrive_arduino/share/diffdrive_arduino/package.bash'
[7.535s] INFO:colcon.colcon_core.shell:Creating package script '/home/ass/dev_ws/install/diffdrive_arduino/share/diffdrive_arduino/package.zsh'
[7.536s] Level 1:colcon.colcon_core.environment:create_file_with_runtime_dependencies(/home/ass/dev_ws/install/diffdrive_arduino/share/colcon-core/packages/diffdrive_arduino)
[7.549s] Level 1:colcon.colcon_core.environment:create_environment_scripts_only(articubot_one)
[7.559s] Level 1:colcon.colcon_core.environment:checking '/home/ass/dev_ws/install/articubot_one' for CMake module files
[7.560s] DEBUG:colcon.colcon_core.event_handler.log_command:Invoked command in '/home/ass/dev_ws/build/articubot_one' returned '0': CMAKE_PREFIX_PATH=/opt/ros/humble /usr/bin/cmake --install /home/ass/dev_ws/build/articubot_one
[7.566s] Level 1:colcon.colcon_core.environment:checking '/home/ass/dev_ws/install/articubot_one' for CMake config files
[7.575s] Level 1:colcon.colcon_core.shell:create_environment_hook('articubot_one', 'cmake_prefix_path')
[7.587s] INFO:colcon.colcon_core.shell:Creating environment hook '/home/ass/dev_ws/install/articubot_one/share/articubot_one/hook/cmake_prefix_path.ps1'
[7.591s] INFO:colcon.colcon_core.shell:Creating environment descriptor '/home/ass/dev_ws/install/articubot_one/share/articubot_one/hook/cmake_prefix_path.dsv'
[7.593s] INFO:colcon.colcon_core.shell:Creating environment hook '/home/ass/dev_ws/install/articubot_one/share/articubot_one/hook/cmake_prefix_path.sh'
[7.598s] Level 1:colcon.colcon_core.environment:checking '/home/ass/dev_ws/install/articubot_one/bin'
[7.599s] Level 1:colcon.colcon_core.environment:checking '/home/ass/dev_ws/install/articubot_one/lib/pkgconfig/articubot_one.pc'
[7.600s] Level 1:colcon.colcon_core.environment:checking '/home/ass/dev_ws/install/articubot_one/lib/python3.10/site-packages'
[7.601s] Level 1:colcon.colcon_core.environment:checking '/home/ass/dev_ws/install/articubot_one/bin'
[7.608s] INFO:colcon.colcon_core.shell:Creating package script '/home/ass/dev_ws/install/articubot_one/share/articubot_one/package.ps1'
[7.611s] INFO:colcon.colcon_core.shell:Creating package descriptor '/home/ass/dev_ws/install/articubot_one/share/articubot_one/package.dsv'
[7.616s] INFO:colcon.colcon_core.shell:Creating package script '/home/ass/dev_ws/install/articubot_one/share/articubot_one/package.sh'
[7.618s] INFO:colcon.colcon_core.shell:Creating package script '/home/ass/dev_ws/install/articubot_one/share/articubot_one/package.bash'
[7.621s] INFO:colcon.colcon_core.shell:Creating package script '/home/ass/dev_ws/install/articubot_one/share/articubot_one/package.zsh'
[7.623s] Level 1:colcon.colcon_core.environment:create_file_with_runtime_dependencies(/home/ass/dev_ws/install/articubot_one/share/colcon-core/packages/articubot_one)
[7.691s] Level 1:colcon.colcon_core.environment:create_environment_scripts_only(serial)
[7.701s] Level 1:colcon.colcon_core.environment:checking '/home/ass/dev_ws/install/serial' for CMake module files
[7.706s] Level 1:colcon.colcon_core.environment:checking '/home/ass/dev_ws/install/serial' for CMake config files
[7.709s] Level 1:colcon.colcon_core.shell:create_environment_hook('serial', 'cmake_prefix_path')
[7.715s] INFO:colcon.colcon_core.shell:Creating environment hook '/home/ass/dev_ws/install/serial/share/serial/hook/cmake_prefix_path.ps1'
[7.717s] INFO:colcon.colcon_core.shell:Creating environment descriptor '/home/ass/dev_ws/install/serial/share/serial/hook/cmake_prefix_path.dsv'
[7.720s] INFO:colcon.colcon_core.shell:Creating environment hook '/home/ass/dev_ws/install/serial/share/serial/hook/cmake_prefix_path.sh'
[7.725s] Level 1:colcon.colcon_core.environment:checking '/home/ass/dev_ws/install/serial/lib'
[7.726s] Level 1:colcon.colcon_core.environment:checking '/home/ass/dev_ws/install/serial/bin'
[7.726s] Level 1:colcon.colcon_core.environment:checking '/home/ass/dev_ws/install/serial/lib/pkgconfig/serial.pc'
[7.728s] Level 1:colcon.colcon_core.environment:checking '/home/ass/dev_ws/install/serial/lib/python3.10/site-packages'
[7.729s] Level 1:colcon.colcon_core.environment:checking '/home/ass/dev_ws/install/serial/bin'
[7.739s] INFO:colcon.colcon_core.shell:Creating package script '/home/ass/dev_ws/install/serial/share/serial/package.ps1'
[7.746s] INFO:colcon.colcon_core.shell:Creating package descriptor '/home/ass/dev_ws/install/serial/share/serial/package.dsv'
[7.751s] INFO:colcon.colcon_core.shell:Creating package script '/home/ass/dev_ws/install/serial/share/serial/package.sh'
[7.756s] INFO:colcon.colcon_core.shell:Creating package script '/home/ass/dev_ws/install/serial/share/serial/package.bash'
[7.762s] INFO:colcon.colcon_core.shell:Creating package script '/home/ass/dev_ws/install/serial/share/serial/package.zsh'
[7.768s] Level 1:colcon.colcon_core.environment:create_file_with_runtime_dependencies(/home/ass/dev_ws/install/serial/share/colcon-core/packages/serial)
[7.783s] Level 1:colcon.colcon_core.environment:create_environment_scripts_only(diffdrive_arduino)
[7.794s] Level 1:colcon.colcon_core.environment:checking '/home/ass/dev_ws/install/diffdrive_arduino' for CMake module files
[7.798s] Level 1:colcon.colcon_core.environment:checking '/home/ass/dev_ws/install/diffdrive_arduino' for CMake config files
[7.800s] Level 1:colcon.colcon_core.shell:create_environment_hook('diffdrive_arduino', 'cmake_prefix_path')
[7.808s] INFO:colcon.colcon_core.shell:Creating environment hook '/home/ass/dev_ws/install/diffdrive_arduino/share/diffdrive_arduino/hook/cmake_prefix_path.ps1'
[7.811s] INFO:colcon.colcon_core.shell:Creating environment descriptor '/home/ass/dev_ws/install/diffdrive_arduino/share/diffdrive_arduino/hook/cmake_prefix_path.dsv'
[7.817s] INFO:colcon.colcon_core.shell:Creating environment hook '/home/ass/dev_ws/install/diffdrive_arduino/share/diffdrive_arduino/hook/cmake_prefix_path.sh'
[7.823s] Level 1:colcon.colcon_core.environment:checking '/home/ass/dev_ws/install/diffdrive_arduino/lib'
[7.824s] Level 1:colcon.colcon_core.shell:create_environment_hook('diffdrive_arduino', 'ld_library_path_lib')
[7.833s] INFO:colcon.colcon_core.shell:Creating environment hook '/home/ass/dev_ws/install/diffdrive_arduino/share/diffdrive_arduino/hook/ld_library_path_lib.ps1'
[7.835s] INFO:colcon.colcon_core.shell:Creating environment descriptor '/home/ass/dev_ws/install/diffdrive_arduino/share/diffdrive_arduino/hook/ld_library_path_lib.dsv'
[7.840s] INFO:colcon.colcon_core.shell:Creating environment hook '/home/ass/dev_ws/install/diffdrive_arduino/share/diffdrive_arduino/hook/ld_library_path_lib.sh'
[7.845s] Level 1:colcon.colcon_core.environment:checking '/home/ass/dev_ws/install/diffdrive_arduino/bin'
[7.846s] Level 1:colcon.colcon_core.environment:checking '/home/ass/dev_ws/install/diffdrive_arduino/lib/pkgconfig/diffdrive_arduino.pc'
[7.851s] Level 1:colcon.colcon_core.environment:checking '/home/ass/dev_ws/install/diffdrive_arduino/lib/python3.10/site-packages'
[7.853s] Level 1:colcon.colcon_core.environment:checking '/home/ass/dev_ws/install/diffdrive_arduino/bin'
[7.863s] INFO:colcon.colcon_core.shell:Creating package script '/home/ass/dev_ws/install/diffdrive_arduino/share/diffdrive_arduino/package.ps1'
[7.867s] INFO:colcon.colcon_core.shell:Creating package descriptor '/home/ass/dev_ws/install/diffdrive_arduino/share/diffdrive_arduino/package.dsv'
[7.872s] INFO:colcon.colcon_core.shell:Creating package script '/home/ass/dev_ws/install/diffdrive_arduino/share/diffdrive_arduino/package.sh'
[7.875s] INFO:colcon.colcon_core.shell:Creating package script '/home/ass/dev_ws/install/diffdrive_arduino/share/diffdrive_arduino/package.bash'
[7.877s] INFO:colcon.colcon_core.shell:Creating package script '/home/ass/dev_ws/install/diffdrive_arduino/share/diffdrive_arduino/package.zsh'
[7.879s] Level 1:colcon.colcon_core.environment:create_file_with_runtime_dependencies(/home/ass/dev_ws/install/diffdrive_arduino/share/colcon-core/packages/diffdrive_arduino)
[7.885s] Level 1:colcon.colcon_core.environment:create_environment_scripts_only(articubot_one)
[7.893s] Level 1:colcon.colcon_core.environment:checking '/home/ass/dev_ws/install/articubot_one' for CMake module files
[7.897s] Level 1:colcon.colcon_core.environment:checking '/home/ass/dev_ws/install/articubot_one' for CMake config files
[7.900s] Level 1:colcon.colcon_core.shell:create_environment_hook('articubot_one', 'cmake_prefix_path')
[7.905s] INFO:colcon.colcon_core.shell:Creating environment hook '/home/ass/dev_ws/install/articubot_one/share/articubot_one/hook/cmake_prefix_path.ps1'
[7.909s] INFO:colcon.colcon_core.shell:Creating environment descriptor '/home/ass/dev_ws/install/articubot_one/share/articubot_one/hook/cmake_prefix_path.dsv'
[7.912s] INFO:colcon.colcon_core.shell:Creating environment hook '/home/ass/dev_ws/install/articubot_one/share/articubot_one/hook/cmake_prefix_path.sh'
[7.916s] Level 1:colcon.colcon_core.environment:checking '/home/ass/dev_ws/install/articubot_one/bin'
[7.916s] Level 1:colcon.colcon_core.environment:checking '/home/ass/dev_ws/install/articubot_one/lib/pkgconfig/articubot_one.pc'
[7.917s] Level 1:colcon.colcon_core.environment:checking '/home/ass/dev_ws/install/articubot_one/lib/python3.10/site-packages'
[7.918s] Level 1:colcon.colcon_core.environment:checking '/home/ass/dev_ws/install/articubot_one/bin'
[7.925s] INFO:colcon.colcon_core.shell:Creating package script '/home/ass/dev_ws/install/articubot_one/share/articubot_one/package.ps1'
[7.927s] INFO:colcon.colcon_core.shell:Creating package descriptor '/home/ass/dev_ws/install/articubot_one/share/articubot_one/package.dsv'
[7.930s] INFO:colcon.colcon_core.shell:Creating package script '/home/ass/dev_ws/install/articubot_one/share/articubot_one/package.sh'
[7.933s] INFO:colcon.colcon_core.shell:Creating package script '/home/ass/dev_ws/install/articubot_one/share/articubot_one/package.bash'
[7.936s] INFO:colcon.colcon_core.shell:Creating package script '/home/ass/dev_ws/install/articubot_one/share/articubot_one/package.zsh'
[7.938s] Level 1:colcon.colcon_core.environment:create_file_with_runtime_dependencies(/home/ass/dev_ws/install/articubot_one/share/colcon-core/packages/articubot_one)
[10.095s] DEBUG:colcon.colcon_core.event_handler.log_command:Invoking command in '/home/ass/dev_ws/src/twist_mux_example/src/twist_mux_test': PYTHONPATH=/home/ass/dev_ws/build/twist_mux_test/prefix_override:/home/ass/dev_ws/install/twist_mux_test/lib/python3.10/site-packages:${PYTHONPATH} /usr/bin/python3 setup.py egg_info --egg-base ../../../../build/twist_mux_test build --build-base /home/ass/dev_ws/build/twist_mux_test/build install --record /home/ass/dev_ws/build/twist_mux_test/install.log --install-scripts $base/lib/twist_mux_test --single-version-externally-managed
[11.500s] Level 1:colcon.colcon_core.environment:checking '/home/ass/dev_ws/install/twist_mux_test' for CMake module files
[11.502s] DEBUG:colcon.colcon_core.event_handler.log_command:Invoked command in '/home/ass/dev_ws/src/twist_mux_example/src/twist_mux_test' returned '0': PYTHONPATH=/home/ass/dev_ws/build/twist_mux_test/prefix_override:/home/ass/dev_ws/install/twist_mux_test/lib/python3.10/site-packages:${PYTHONPATH} /usr/bin/python3 setup.py egg_info --egg-base ../../../../build/twist_mux_test build --build-base /home/ass/dev_ws/build/twist_mux_test/build install --record /home/ass/dev_ws/build/twist_mux_test/install.log --install-scripts $base/lib/twist_mux_test --single-version-externally-managed
[11.504s] Level 1:colcon.colcon_core.environment:checking '/home/ass/dev_ws/install/twist_mux_test' for CMake config files
[11.510s] Level 1:colcon.colcon_core.environment:checking '/home/ass/dev_ws/install/twist_mux_test/lib'
[11.510s] Level 1:colcon.colcon_core.environment:checking '/home/ass/dev_ws/install/twist_mux_test/bin'
[11.511s] Level 1:colcon.colcon_core.environment:checking '/home/ass/dev_ws/install/twist_mux_test/lib/pkgconfig/twist_mux_test.pc'
[11.512s] Level 1:colcon.colcon_core.environment:checking '/home/ass/dev_ws/install/twist_mux_test/lib/python3.10/site-packages'
[11.512s] Level 1:colcon.colcon_core.shell:create_environment_hook('twist_mux_test', 'pythonpath')
[11.518s] INFO:colcon.colcon_core.shell:Creating environment hook '/home/ass/dev_ws/install/twist_mux_test/share/twist_mux_test/hook/pythonpath.ps1'
[11.520s] INFO:colcon.colcon_core.shell:Creating environment descriptor '/home/ass/dev_ws/install/twist_mux_test/share/twist_mux_test/hook/pythonpath.dsv'
[11.526s] INFO:colcon.colcon_core.shell:Creating environment hook '/home/ass/dev_ws/install/twist_mux_test/share/twist_mux_test/hook/pythonpath.sh'
[11.529s] Level 1:colcon.colcon_core.environment:checking '/home/ass/dev_ws/install/twist_mux_test/bin'
[11.529s] Level 1:colcon.colcon_core.environment:create_environment_scripts_only(twist_mux_test)
[11.536s] INFO:colcon.colcon_core.shell:Creating package script '/home/ass/dev_ws/install/twist_mux_test/share/twist_mux_test/package.ps1'
[11.539s] INFO:colcon.colcon_core.shell:Creating package descriptor '/home/ass/dev_ws/install/twist_mux_test/share/twist_mux_test/package.dsv'
[11.541s] INFO:colcon.colcon_core.shell:Creating package script '/home/ass/dev_ws/install/twist_mux_test/share/twist_mux_test/package.sh'
[11.543s] INFO:colcon.colcon_core.shell:Creating package script '/home/ass/dev_ws/install/twist_mux_test/share/twist_mux_test/package.bash'
[11.544s] INFO:colcon.colcon_core.shell:Creating package script '/home/ass/dev_ws/install/twist_mux_test/share/twist_mux_test/package.zsh'
[11.546s] Level 1:colcon.colcon_core.environment:create_file_with_runtime_dependencies(/home/ass/dev_ws/install/twist_mux_test/share/colcon-core/packages/twist_mux_test)
[11.547s] DEBUG:colcon.colcon_parallel_executor.executor.parallel:closing loop
[11.549s] DEBUG:colcon.colcon_parallel_executor.executor.parallel:loop closed
[11.549s] DEBUG:colcon.colcon_parallel_executor.executor.parallel:run_until_complete finished with '0'
[11.550s] DEBUG:colcon.colcon_core.event_reactor:joining thread
[11.588s] INFO:colcon.colcon_core.plugin_system:Skipping extension 'colcon_notification.desktop_notification.terminal_notifier': Not used on non-Darwin systems
[11.589s] INFO:colcon.colcon_core.plugin_system:Skipping extension 'colcon_notification.desktop_notification.win32': Not used on non-Windows systems
[11.589s] INFO:colcon.colcon_notification.desktop_notification:Sending desktop notification using 'notify2'
[11.726s] DEBUG:colcon.colcon_core.event_reactor:joined thread
[11.734s] INFO:colcon.colcon_core.shell:Creating prefix script '/home/ass/dev_ws/install/local_setup.ps1'
[11.745s] INFO:colcon.colcon_core.shell:Creating prefix util module '/home/ass/dev_ws/install/_local_setup_util_ps1.py'
[11.757s] INFO:colcon.colcon_core.shell:Creating prefix chain script '/home/ass/dev_ws/install/setup.ps1'
[11.765s] INFO:colcon.colcon_core.shell:Creating prefix script '/home/ass/dev_ws/install/local_setup.sh'
[11.771s] INFO:colcon.colcon_core.shell:Creating prefix util module '/home/ass/dev_ws/install/_local_setup_util_sh.py'
[11.779s] INFO:colcon.colcon_core.shell:Creating prefix chain script '/home/ass/dev_ws/install/setup.sh'
[11.789s] INFO:colcon.colcon_core.shell:Creating prefix script '/home/ass/dev_ws/install/local_setup.bash'
[11.795s] INFO:colcon.colcon_core.shell:Creating prefix chain script '/home/ass/dev_ws/install/setup.bash'
[11.804s] INFO:colcon.colcon_core.shell:Creating prefix script '/home/ass/dev_ws/install/local_setup.zsh'
[11.809s] INFO:colcon.colcon_core.shell:Creating prefix chain script '/home/ass/dev_ws/install/setup.zsh'
