[1.702s] DEBUG:colcon:Command line arguments: ['/usr/bin/colcon', 'build']
[1.704s] DEBUG:colcon:Parsed command line arguments: Namespace(log_base=None, log_level=None, verb_name='build', build_base='build', install_base='install', merge_install=False, symlink_install=False, test_result_base=None, continue_on_error=False, executor='parallel', parallel_workers=4, event_handlers=None, ignore_user_meta=False, metas=['./colcon.meta'], base_paths=['.'], packages_ignore=None, packages_ignore_regex=None, paths=None, packages_up_to=None, packages_up_to_regex=None, packages_above=None, packages_above_and_dependencies=None, packages_above_depth=None, packages_select_by_dep=None, packages_skip_by_dep=None, packages_skip_up_to=None, packages_select_build_failed=False, packages_skip_build_finished=False, packages_select_test_failures=False, packages_skip_test_passed=False, packages_select=None, packages_skip=None, packages_select_regex=None, packages_skip_regex=None, packages_start=None, packages_end=None, allow_overriding=[], cmake_args=None, cmake_target=None, cmake_target_skip_unavailable=False, cmake_clean_cache=False, cmake_clean_first=False, cmake_force_configure=False, ament_cmake_args=None, catkin_cmake_args=None, catkin_skip_building_tests=False, verb_parser=<colcon_defaults.argument_parser.defaults.DefaultArgumentsDecorator object at 0xffff8ab230d0>, verb_extension=<colcon_core.verb.build.BuildVerb object at 0xffff8aa7bd60>, main=<bound method BuildVerb.main of <colcon_core.verb.build.BuildVerb object at 0xffff8aa7bd60>>)
[1.956s] Level 1:colcon.colcon_core.package_discovery:discover_packages(colcon_meta) check parameters
[1.959s] Level 1:colcon.colcon_core.package_discovery:discover_packages(recursive) check parameters
[1.960s] Level 1:colcon.colcon_core.package_discovery:discover_packages(ignore) check parameters
[1.960s] Level 1:colcon.colcon_core.package_discovery:discover_packages(path) check parameters
[1.960s] Level 1:colcon.colcon_core.package_discovery:discover_packages(colcon_meta) discover
[1.961s] Level 1:colcon.colcon_core.package_discovery:discover_packages(recursive) discover
[1.961s] INFO:colcon.colcon_core.package_discovery:Crawling recursively for packages in '/home/ass/dev_ws'
[1.962s] Level 1:colcon.colcon_core.package_identification:_identify(.) by extensions ['ignore', 'ignore_ament_install']
[1.963s] Level 1:colcon.colcon_core.package_identification:_identify(.) by extension 'ignore'
[1.964s] Level 1:colcon.colcon_core.package_identification:_identify(.) by extension 'ignore_ament_install'
[1.965s] Level 1:colcon.colcon_core.package_identification:_identify(.) by extensions ['colcon_pkg']
[1.965s] Level 1:colcon.colcon_core.package_identification:_identify(.) by extension 'colcon_pkg'
[1.966s] Level 1:colcon.colcon_core.package_identification:_identify(.) by extensions ['colcon_meta']
[1.966s] Level 1:colcon.colcon_core.package_identification:_identify(.) by extension 'colcon_meta'
[1.966s] Level 1:colcon.colcon_core.package_identification:_identify(.) by extensions ['ros']
[1.966s] Level 1:colcon.colcon_core.package_identification:_identify(.) by extension 'ros'
[2.099s] Level 1:colcon.colcon_core.package_identification:_identify(.) by extensions ['cmake', 'python']
[2.100s] Level 1:colcon.colcon_core.package_identification:_identify(.) by extension 'cmake'
[2.101s] Level 1:colcon.colcon_core.package_identification:_identify(.) by extension 'python'
[2.102s] Level 1:colcon.colcon_core.package_identification:_identify(.) by extensions ['python_setup_py']
[2.103s] Level 1:colcon.colcon_core.package_identification:_identify(.) by extension 'python_setup_py'
[2.105s] Level 1:colcon.colcon_core.package_identification:_identify(build) by extensions ['ignore', 'ignore_ament_install']
[2.108s] Level 1:colcon.colcon_core.package_identification:_identify(build) by extension 'ignore'
[2.108s] Level 1:colcon.colcon_core.package_identification:_identify(build) ignored
[2.109s] Level 1:colcon.colcon_core.package_identification:_identify(install) by extensions ['ignore', 'ignore_ament_install']
[2.109s] Level 1:colcon.colcon_core.package_identification:_identify(install) by extension 'ignore'
[2.110s] Level 1:colcon.colcon_core.package_identification:_identify(install) ignored
[2.110s] Level 1:colcon.colcon_core.package_identification:_identify(log) by extensions ['ignore', 'ignore_ament_install']
[2.111s] Level 1:colcon.colcon_core.package_identification:_identify(log) by extension 'ignore'
[2.111s] Level 1:colcon.colcon_core.package_identification:_identify(log) ignored
[2.112s] Level 1:colcon.colcon_core.package_identification:_identify(src) by extensions ['ignore', 'ignore_ament_install']
[2.113s] Level 1:colcon.colcon_core.package_identification:_identify(src) by extension 'ignore'
[2.114s] Level 1:colcon.colcon_core.package_identification:_identify(src) by extension 'ignore_ament_install'
[2.115s] Level 1:colcon.colcon_core.package_identification:_identify(src) by extensions ['colcon_pkg']
[2.116s] Level 1:colcon.colcon_core.package_identification:_identify(src) by extension 'colcon_pkg'
[2.117s] Level 1:colcon.colcon_core.package_identification:_identify(src) by extensions ['colcon_meta']
[2.117s] Level 1:colcon.colcon_core.package_identification:_identify(src) by extension 'colcon_meta'
[2.118s] Level 1:colcon.colcon_core.package_identification:_identify(src) by extensions ['ros']
[2.118s] Level 1:colcon.colcon_core.package_identification:_identify(src) by extension 'ros'
[2.119s] Level 1:colcon.colcon_core.package_identification:_identify(src) by extensions ['cmake', 'python']
[2.119s] Level 1:colcon.colcon_core.package_identification:_identify(src) by extension 'cmake'
[2.120s] Level 1:colcon.colcon_core.package_identification:_identify(src) by extension 'python'
[2.120s] Level 1:colcon.colcon_core.package_identification:_identify(src) by extensions ['python_setup_py']
[2.121s] Level 1:colcon.colcon_core.package_identification:_identify(src) by extension 'python_setup_py'
[2.122s] Level 1:colcon.colcon_core.package_identification:_identify(src/articubot_one) by extensions ['ignore', 'ignore_ament_install']
[2.123s] Level 1:colcon.colcon_core.package_identification:_identify(src/articubot_one) by extension 'ignore'
[2.123s] Level 1:colcon.colcon_core.package_identification:_identify(src/articubot_one) by extension 'ignore_ament_install'
[2.124s] Level 1:colcon.colcon_core.package_identification:_identify(src/articubot_one) by extensions ['colcon_pkg']
[2.124s] Level 1:colcon.colcon_core.package_identification:_identify(src/articubot_one) by extension 'colcon_pkg'
[2.124s] Level 1:colcon.colcon_core.package_identification:_identify(src/articubot_one) by extensions ['colcon_meta']
[2.124s] Level 1:colcon.colcon_core.package_identification:_identify(src/articubot_one) by extension 'colcon_meta'
[2.124s] Level 1:colcon.colcon_core.package_identification:_identify(src/articubot_one) by extensions ['ros']
[2.124s] Level 1:colcon.colcon_core.package_identification:_identify(src/articubot_one) by extension 'ros'
[2.139s] DEBUG:colcon.colcon_core.package_identification:Package 'src/articubot_one' with type 'ros.ament_cmake' and name 'articubot_one'
[2.140s] Level 1:colcon.colcon_core.package_identification:_identify(src/build) by extensions ['ignore', 'ignore_ament_install']
[2.140s] Level 1:colcon.colcon_core.package_identification:_identify(src/build) by extension 'ignore'
[2.141s] Level 1:colcon.colcon_core.package_identification:_identify(src/build) ignored
[2.141s] Level 1:colcon.colcon_core.package_identification:_identify(src/diffdrive_arduino) by extensions ['ignore', 'ignore_ament_install']
[2.142s] Level 1:colcon.colcon_core.package_identification:_identify(src/diffdrive_arduino) by extension 'ignore'
[2.143s] Level 1:colcon.colcon_core.package_identification:_identify(src/diffdrive_arduino) by extension 'ignore_ament_install'
[2.143s] Level 1:colcon.colcon_core.package_identification:_identify(src/diffdrive_arduino) by extensions ['colcon_pkg']
[2.143s] Level 1:colcon.colcon_core.package_identification:_identify(src/diffdrive_arduino) by extension 'colcon_pkg'
[2.144s] Level 1:colcon.colcon_core.package_identification:_identify(src/diffdrive_arduino) by extensions ['colcon_meta']
[2.144s] Level 1:colcon.colcon_core.package_identification:_identify(src/diffdrive_arduino) by extension 'colcon_meta'
[2.144s] Level 1:colcon.colcon_core.package_identification:_identify(src/diffdrive_arduino) by extensions ['ros']
[2.145s] Level 1:colcon.colcon_core.package_identification:_identify(src/diffdrive_arduino) by extension 'ros'
[2.150s] DEBUG:colcon.colcon_core.package_identification:Package 'src/diffdrive_arduino' with type 'ros.ament_cmake' and name 'diffdrive_arduino'
[2.151s] Level 1:colcon.colcon_core.package_identification:_identify(src/install) by extensions ['ignore', 'ignore_ament_install']
[2.151s] Level 1:colcon.colcon_core.package_identification:_identify(src/install) by extension 'ignore'
[2.152s] Level 1:colcon.colcon_core.package_identification:_identify(src/install) ignored
[2.152s] Level 1:colcon.colcon_core.package_identification:_identify(src/log) by extensions ['ignore', 'ignore_ament_install']
[2.153s] Level 1:colcon.colcon_core.package_identification:_identify(src/log) by extension 'ignore'
[2.153s] Level 1:colcon.colcon_core.package_identification:_identify(src/log) ignored
[2.154s] Level 1:colcon.colcon_core.package_identification:_identify(src/serial) by extensions ['ignore', 'ignore_ament_install']
[2.155s] Level 1:colcon.colcon_core.package_identification:_identify(src/serial) by extension 'ignore'
[2.156s] Level 1:colcon.colcon_core.package_identification:_identify(src/serial) by extension 'ignore_ament_install'
[2.156s] Level 1:colcon.colcon_core.package_identification:_identify(src/serial) by extensions ['colcon_pkg']
[2.156s] Level 1:colcon.colcon_core.package_identification:_identify(src/serial) by extension 'colcon_pkg'
[2.157s] Level 1:colcon.colcon_core.package_identification:_identify(src/serial) by extensions ['colcon_meta']
[2.157s] Level 1:colcon.colcon_core.package_identification:_identify(src/serial) by extension 'colcon_meta'
[2.157s] Level 1:colcon.colcon_core.package_identification:_identify(src/serial) by extensions ['ros']
[2.158s] Level 1:colcon.colcon_core.package_identification:_identify(src/serial) by extension 'ros'
[2.161s] DEBUG:colcon.colcon_core.package_identification:Package 'src/serial' with type 'ros.ament_cmake' and name 'serial'
[2.161s] Level 1:colcon.colcon_core.package_identification:_identify(src/twist_mux_example) by extensions ['ignore', 'ignore_ament_install']
[2.162s] Level 1:colcon.colcon_core.package_identification:_identify(src/twist_mux_example) by extension 'ignore'
[2.163s] Level 1:colcon.colcon_core.package_identification:_identify(src/twist_mux_example) by extension 'ignore_ament_install'
[2.163s] Level 1:colcon.colcon_core.package_identification:_identify(src/twist_mux_example) by extensions ['colcon_pkg']
[2.163s] Level 1:colcon.colcon_core.package_identification:_identify(src/twist_mux_example) by extension 'colcon_pkg'
[2.164s] Level 1:colcon.colcon_core.package_identification:_identify(src/twist_mux_example) by extensions ['colcon_meta']
[2.164s] Level 1:colcon.colcon_core.package_identification:_identify(src/twist_mux_example) by extension 'colcon_meta'
[2.164s] Level 1:colcon.colcon_core.package_identification:_identify(src/twist_mux_example) by extensions ['ros']
[2.164s] Level 1:colcon.colcon_core.package_identification:_identify(src/twist_mux_example) by extension 'ros'
[2.165s] Level 1:colcon.colcon_core.package_identification:_identify(src/twist_mux_example) by extensions ['cmake', 'python']
[2.165s] Level 1:colcon.colcon_core.package_identification:_identify(src/twist_mux_example) by extension 'cmake'
[2.165s] Level 1:colcon.colcon_core.package_identification:_identify(src/twist_mux_example) by extension 'python'
[2.166s] Level 1:colcon.colcon_core.package_identification:_identify(src/twist_mux_example) by extensions ['python_setup_py']
[2.166s] Level 1:colcon.colcon_core.package_identification:_identify(src/twist_mux_example) by extension 'python_setup_py'
[2.167s] Level 1:colcon.colcon_core.package_identification:_identify(src/twist_mux_example/src) by extensions ['ignore', 'ignore_ament_install']
[2.167s] Level 1:colcon.colcon_core.package_identification:_identify(src/twist_mux_example/src) by extension 'ignore'
[2.168s] Level 1:colcon.colcon_core.package_identification:_identify(src/twist_mux_example/src) by extension 'ignore_ament_install'
[2.168s] Level 1:colcon.colcon_core.package_identification:_identify(src/twist_mux_example/src) by extensions ['colcon_pkg']
[2.169s] Level 1:colcon.colcon_core.package_identification:_identify(src/twist_mux_example/src) by extension 'colcon_pkg'
[2.169s] Level 1:colcon.colcon_core.package_identification:_identify(src/twist_mux_example/src) by extensions ['colcon_meta']
[2.170s] Level 1:colcon.colcon_core.package_identification:_identify(src/twist_mux_example/src) by extension 'colcon_meta'
[2.170s] Level 1:colcon.colcon_core.package_identification:_identify(src/twist_mux_example/src) by extensions ['ros']
[2.171s] Level 1:colcon.colcon_core.package_identification:_identify(src/twist_mux_example/src) by extension 'ros'
[2.171s] Level 1:colcon.colcon_core.package_identification:_identify(src/twist_mux_example/src) by extensions ['cmake', 'python']
[2.172s] Level 1:colcon.colcon_core.package_identification:_identify(src/twist_mux_example/src) by extension 'cmake'
[2.172s] Level 1:colcon.colcon_core.package_identification:_identify(src/twist_mux_example/src) by extension 'python'
[2.173s] Level 1:colcon.colcon_core.package_identification:_identify(src/twist_mux_example/src) by extensions ['python_setup_py']
[2.173s] Level 1:colcon.colcon_core.package_identification:_identify(src/twist_mux_example/src) by extension 'python_setup_py'
[2.174s] Level 1:colcon.colcon_core.package_identification:_identify(src/twist_mux_example/src/twist_mux_test) by extensions ['ignore', 'ignore_ament_install']
[2.175s] Level 1:colcon.colcon_core.package_identification:_identify(src/twist_mux_example/src/twist_mux_test) by extension 'ignore'
[2.175s] Level 1:colcon.colcon_core.package_identification:_identify(src/twist_mux_example/src/twist_mux_test) by extension 'ignore_ament_install'
[2.176s] Level 1:colcon.colcon_core.package_identification:_identify(src/twist_mux_example/src/twist_mux_test) by extensions ['colcon_pkg']
[2.176s] Level 1:colcon.colcon_core.package_identification:_identify(src/twist_mux_example/src/twist_mux_test) by extension 'colcon_pkg'
[2.176s] Level 1:colcon.colcon_core.package_identification:_identify(src/twist_mux_example/src/twist_mux_test) by extensions ['colcon_meta']
[2.177s] Level 1:colcon.colcon_core.package_identification:_identify(src/twist_mux_example/src/twist_mux_test) by extension 'colcon_meta'
[2.177s] Level 1:colcon.colcon_core.package_identification:_identify(src/twist_mux_example/src/twist_mux_test) by extensions ['ros']
[2.177s] Level 1:colcon.colcon_core.package_identification:_identify(src/twist_mux_example/src/twist_mux_test) by extension 'ros'
[2.181s] DEBUG:colcon.colcon_core.package_identification:Package 'src/twist_mux_example/src/twist_mux_test' with type 'ros.ament_python' and name 'twist_mux_test'
[2.181s] Level 1:colcon.colcon_core.package_discovery:discover_packages(recursive) using defaults
[2.182s] Level 1:colcon.colcon_core.package_discovery:discover_packages(ignore) discover
[2.182s] Level 1:colcon.colcon_core.package_discovery:discover_packages(ignore) using defaults
[2.183s] Level 1:colcon.colcon_core.package_discovery:discover_packages(path) discover
[2.183s] Level 1:colcon.colcon_core.package_discovery:discover_packages(path) using defaults
[2.311s] Level 1:colcon.colcon_core.package_discovery:discover_packages(prefix_path) check parameters
[2.311s] Level 1:colcon.colcon_core.package_discovery:discover_packages(prefix_path) discover
[2.324s] DEBUG:colcon.colcon_installed_package_information.package_discovery:Found 3 installed packages in /home/ass/dev_ws/install
[2.335s] DEBUG:colcon.colcon_installed_package_information.package_discovery:Found 291 installed packages in /opt/ros/humble
[2.342s] Level 1:colcon.colcon_core.package_discovery:discover_packages(prefix_path) using defaults
[2.846s] Level 5:colcon.colcon_core.verb:set package 'articubot_one' build argument 'cmake_args' from command line to 'None'
[2.847s] Level 5:colcon.colcon_core.verb:set package 'articubot_one' build argument 'cmake_target' from command line to 'None'
[2.847s] Level 5:colcon.colcon_core.verb:set package 'articubot_one' build argument 'cmake_target_skip_unavailable' from command line to 'False'
[2.847s] Level 5:colcon.colcon_core.verb:set package 'articubot_one' build argument 'cmake_clean_cache' from command line to 'False'
[2.847s] Level 5:colcon.colcon_core.verb:set package 'articubot_one' build argument 'cmake_clean_first' from command line to 'False'
[2.848s] Level 5:colcon.colcon_core.verb:set package 'articubot_one' build argument 'cmake_force_configure' from command line to 'False'
[2.848s] Level 5:colcon.colcon_core.verb:set package 'articubot_one' build argument 'ament_cmake_args' from command line to 'None'
[2.848s] Level 5:colcon.colcon_core.verb:set package 'articubot_one' build argument 'catkin_cmake_args' from command line to 'None'
[2.848s] Level 5:colcon.colcon_core.verb:set package 'articubot_one' build argument 'catkin_skip_building_tests' from command line to 'False'
[2.848s] DEBUG:colcon.colcon_core.verb:Building package 'articubot_one' with the following arguments: {'ament_cmake_args': None, 'build_base': '/home/ass/dev_ws/build/articubot_one', 'catkin_cmake_args': None, 'catkin_skip_building_tests': False, 'cmake_args': None, 'cmake_clean_cache': False, 'cmake_clean_first': False, 'cmake_force_configure': False, 'cmake_target': None, 'cmake_target_skip_unavailable': False, 'install_base': '/home/ass/dev_ws/install/articubot_one', 'merge_install': False, 'path': '/home/ass/dev_ws/src/articubot_one', 'symlink_install': False, 'test_result_base': None}
[2.853s] Level 5:colcon.colcon_core.verb:set package 'diffdrive_arduino' build argument 'cmake_args' from command line to 'None'
[2.853s] Level 5:colcon.colcon_core.verb:set package 'diffdrive_arduino' build argument 'cmake_target' from command line to 'None'
[2.853s] Level 5:colcon.colcon_core.verb:set package 'diffdrive_arduino' build argument 'cmake_target_skip_unavailable' from command line to 'False'
[2.853s] Level 5:colcon.colcon_core.verb:set package 'diffdrive_arduino' build argument 'cmake_clean_cache' from command line to 'False'
[2.854s] Level 5:colcon.colcon_core.verb:set package 'diffdrive_arduino' build argument 'cmake_clean_first' from command line to 'False'
[2.854s] Level 5:colcon.colcon_core.verb:set package 'diffdrive_arduino' build argument 'cmake_force_configure' from command line to 'False'
[2.854s] Level 5:colcon.colcon_core.verb:set package 'diffdrive_arduino' build argument 'ament_cmake_args' from command line to 'None'
[2.854s] Level 5:colcon.colcon_core.verb:set package 'diffdrive_arduino' build argument 'catkin_cmake_args' from command line to 'None'
[2.854s] Level 5:colcon.colcon_core.verb:set package 'diffdrive_arduino' build argument 'catkin_skip_building_tests' from command line to 'False'
[2.854s] DEBUG:colcon.colcon_core.verb:Building package 'diffdrive_arduino' with the following arguments: {'ament_cmake_args': None, 'build_base': '/home/ass/dev_ws/build/diffdrive_arduino', 'catkin_cmake_args': None, 'catkin_skip_building_tests': False, 'cmake_args': None, 'cmake_clean_cache': False, 'cmake_clean_first': False, 'cmake_force_configure': False, 'cmake_target': None, 'cmake_target_skip_unavailable': False, 'install_base': '/home/ass/dev_ws/install/diffdrive_arduino', 'merge_install': False, 'path': '/home/ass/dev_ws/src/diffdrive_arduino', 'symlink_install': False, 'test_result_base': None}
[2.859s] Level 5:colcon.colcon_core.verb:set package 'serial' build argument 'cmake_args' from command line to 'None'
[2.859s] Level 5:colcon.colcon_core.verb:set package 'serial' build argument 'cmake_target' from command line to 'None'
[2.859s] Level 5:colcon.colcon_core.verb:set package 'serial' build argument 'cmake_target_skip_unavailable' from command line to 'False'
[2.859s] Level 5:colcon.colcon_core.verb:set package 'serial' build argument 'cmake_clean_cache' from command line to 'False'
[2.859s] Level 5:colcon.colcon_core.verb:set package 'serial' build argument 'cmake_clean_first' from command line to 'False'
[2.860s] Level 5:colcon.colcon_core.verb:set package 'serial' build argument 'cmake_force_configure' from command line to 'False'
[2.860s] Level 5:colcon.colcon_core.verb:set package 'serial' build argument 'ament_cmake_args' from command line to 'None'
[2.860s] Level 5:colcon.colcon_core.verb:set package 'serial' build argument 'catkin_cmake_args' from command line to 'None'
[2.860s] Level 5:colcon.colcon_core.verb:set package 'serial' build argument 'catkin_skip_building_tests' from command line to 'False'
[2.860s] DEBUG:colcon.colcon_core.verb:Building package 'serial' with the following arguments: {'ament_cmake_args': None, 'build_base': '/home/ass/dev_ws/build/serial', 'catkin_cmake_args': None, 'catkin_skip_building_tests': False, 'cmake_args': None, 'cmake_clean_cache': False, 'cmake_clean_first': False, 'cmake_force_configure': False, 'cmake_target': None, 'cmake_target_skip_unavailable': False, 'install_base': '/home/ass/dev_ws/install/serial', 'merge_install': False, 'path': '/home/ass/dev_ws/src/serial', 'symlink_install': False, 'test_result_base': None}
[2.865s] Level 5:colcon.colcon_core.verb:set package 'twist_mux_test' build argument 'cmake_args' from command line to 'None'
[2.865s] Level 5:colcon.colcon_core.verb:set package 'twist_mux_test' build argument 'cmake_target' from command line to 'None'
[2.866s] Level 5:colcon.colcon_core.verb:set package 'twist_mux_test' build argument 'cmake_target_skip_unavailable' from command line to 'False'
[2.866s] Level 5:colcon.colcon_core.verb:set package 'twist_mux_test' build argument 'cmake_clean_cache' from command line to 'False'
[2.866s] Level 5:colcon.colcon_core.verb:set package 'twist_mux_test' build argument 'cmake_clean_first' from command line to 'False'
[2.866s] Level 5:colcon.colcon_core.verb:set package 'twist_mux_test' build argument 'cmake_force_configure' from command line to 'False'
[2.867s] Level 5:colcon.colcon_core.verb:set package 'twist_mux_test' build argument 'ament_cmake_args' from command line to 'None'
[2.867s] Level 5:colcon.colcon_core.verb:set package 'twist_mux_test' build argument 'catkin_cmake_args' from command line to 'None'
[2.867s] Level 5:colcon.colcon_core.verb:set package 'twist_mux_test' build argument 'catkin_skip_building_tests' from command line to 'False'
[2.867s] DEBUG:colcon.colcon_core.verb:Building package 'twist_mux_test' with the following arguments: {'ament_cmake_args': None, 'build_base': '/home/ass/dev_ws/build/twist_mux_test', 'catkin_cmake_args': None, 'catkin_skip_building_tests': False, 'cmake_args': None, 'cmake_clean_cache': False, 'cmake_clean_first': False, 'cmake_force_configure': False, 'cmake_target': None, 'cmake_target_skip_unavailable': False, 'install_base': '/home/ass/dev_ws/install/twist_mux_test', 'merge_install': False, 'path': '/home/ass/dev_ws/src/twist_mux_example/src/twist_mux_test', 'symlink_install': False, 'test_result_base': None}
[2.871s] INFO:colcon.colcon_core.executor:Executing jobs using 'parallel' executor
[2.888s] DEBUG:colcon.colcon_parallel_executor.executor.parallel:run_until_complete
[2.892s] INFO:colcon.colcon_ros.task.ament_cmake.build:Building ROS package in '/home/ass/dev_ws/src/articubot_one' with build type 'ament_cmake'
[2.893s] INFO:colcon.colcon_cmake.task.cmake.build:Building CMake package in '/home/ass/dev_ws/src/articubot_one'
[2.921s] INFO:colcon.colcon_core.plugin_system:Skipping extension 'colcon_core.shell.bat': Not used on non-Windows systems
[2.923s] INFO:colcon.colcon_core.shell:Skip shell extension 'powershell' for command environment: Not usable outside of PowerShell
[2.923s] DEBUG:colcon.colcon_core.shell:Skip shell extension 'dsv' for command environment
[2.955s] INFO:colcon.colcon_ros.task.ament_cmake.build:Building ROS package in '/home/ass/dev_ws/src/diffdrive_arduino' with build type 'ament_cmake'
[2.956s] INFO:colcon.colcon_cmake.task.cmake.build:Building CMake package in '/home/ass/dev_ws/src/diffdrive_arduino'
[2.962s] INFO:colcon.colcon_core.shell:Skip shell extension 'powershell' for command environment: Not usable outside of PowerShell
[2.963s] DEBUG:colcon.colcon_core.shell:Skip shell extension 'dsv' for command environment
[2.994s] INFO:colcon.colcon_ros.task.ament_cmake.build:Building ROS package in '/home/ass/dev_ws/src/serial' with build type 'ament_cmake'
[2.997s] INFO:colcon.colcon_cmake.task.cmake.build:Building CMake package in '/home/ass/dev_ws/src/serial'
[3.004s] INFO:colcon.colcon_core.shell:Skip shell extension 'powershell' for command environment: Not usable outside of PowerShell
[3.005s] DEBUG:colcon.colcon_core.shell:Skip shell extension 'dsv' for command environment
[3.036s] INFO:colcon.colcon_ros.task.ament_python.build:Building ROS package in '/home/ass/dev_ws/src/twist_mux_example/src/twist_mux_test' with build type 'ament_python'
[3.037s] Level 1:colcon.colcon_core.shell:create_environment_hook('twist_mux_test', 'ament_prefix_path')
[3.048s] INFO:colcon.colcon_core.shell:Creating environment hook '/home/ass/dev_ws/install/twist_mux_test/share/twist_mux_test/hook/ament_prefix_path.ps1'
[3.055s] INFO:colcon.colcon_core.shell:Creating environment descriptor '/home/ass/dev_ws/install/twist_mux_test/share/twist_mux_test/hook/ament_prefix_path.dsv'
[3.060s] INFO:colcon.colcon_core.shell:Creating environment hook '/home/ass/dev_ws/install/twist_mux_test/share/twist_mux_test/hook/ament_prefix_path.sh'
[3.073s] INFO:colcon.colcon_core.shell:Skip shell extension 'powershell' for command environment: Not usable outside of PowerShell
[3.073s] DEBUG:colcon.colcon_core.shell:Skip shell extension 'dsv' for command environment
[3.151s] DEBUG:colcon.colcon_core.event_handler.log_command:Invoking command in '/home/ass/dev_ws/build/articubot_one': CMAKE_PREFIX_PATH=${CMAKE_PREFIX_PATH}:/opt/ros/humble /usr/bin/cmake --build /home/ass/dev_ws/build/articubot_one -- -j4 -l4
[3.172s] DEBUG:colcon.colcon_core.event_handler.log_command:Invoking command in '/home/ass/dev_ws/build/diffdrive_arduino': CMAKE_PREFIX_PATH=${CMAKE_PREFIX_PATH}:/opt/ros/humble /usr/bin/cmake --build /home/ass/dev_ws/build/diffdrive_arduino -- -j4 -l4
[3.190s] DEBUG:colcon.colcon_core.event_handler.log_command:Invoking command in '/home/ass/dev_ws/build/serial': CMAKE_PREFIX_PATH=${CMAKE_PREFIX_PATH}:/opt/ros/humble /usr/bin/cmake --build /home/ass/dev_ws/build/serial -- -j4 -l4
[5.115s] INFO:colcon.colcon_core.task.python.build:Building Python package in '/home/ass/dev_ws/src/twist_mux_example/src/twist_mux_test'
[5.120s] INFO:colcon.colcon_core.shell:Skip shell extension 'powershell' for command environment: Not usable outside of PowerShell
[5.120s] DEBUG:colcon.colcon_core.shell:Skip shell extension 'dsv' for command environment
[5.155s] DEBUG:colcon.colcon_core.event_handler.log_command:Invoked command in '/home/ass/dev_ws/build/articubot_one' returned '0': CMAKE_PREFIX_PATH=${CMAKE_PREFIX_PATH}:/opt/ros/humble /usr/bin/cmake --build /home/ass/dev_ws/build/articubot_one -- -j4 -l4
[5.169s] DEBUG:colcon.colcon_core.event_handler.log_command:Invoked command in '/home/ass/dev_ws/build/diffdrive_arduino' returned '0': CMAKE_PREFIX_PATH=${CMAKE_PREFIX_PATH}:/opt/ros/humble /usr/bin/cmake --build /home/ass/dev_ws/build/diffdrive_arduino -- -j4 -l4
[5.172s] DEBUG:colcon.colcon_core.event_handler.log_command:Invoked command in '/home/ass/dev_ws/build/serial' returned '0': CMAKE_PREFIX_PATH=${CMAKE_PREFIX_PATH}:/opt/ros/humble /usr/bin/cmake --build /home/ass/dev_ws/build/serial -- -j4 -l4
[5.349s] DEBUG:colcon.colcon_core.event_handler.log_command:Invoking command in '/home/ass/dev_ws/build/articubot_one': CMAKE_PREFIX_PATH=${CMAKE_PREFIX_PATH}:/opt/ros/humble /usr/bin/cmake --install /home/ass/dev_ws/build/articubot_one
[5.363s] DEBUG:colcon.colcon_core.event_handler.log_command:Invoking command in '/home/ass/dev_ws/build/diffdrive_arduino': CMAKE_PREFIX_PATH=${CMAKE_PREFIX_PATH}:/opt/ros/humble /usr/bin/cmake --install /home/ass/dev_ws/build/diffdrive_arduino
[5.468s] DEBUG:colcon.colcon_core.event_handler.log_command:Invoking command in '/home/ass/dev_ws/build/serial': CMAKE_PREFIX_PATH=${CMAKE_PREFIX_PATH}:/opt/ros/humble /usr/bin/cmake --install /home/ass/dev_ws/build/serial
[5.561s] Level 1:colcon.colcon_core.environment:create_environment_scripts_only(articubot_one)
[5.567s] DEBUG:colcon.colcon_core.event_handler.log_command:Invoked command in '/home/ass/dev_ws/build/articubot_one' returned '0': CMAKE_PREFIX_PATH=${CMAKE_PREFIX_PATH}:/opt/ros/humble /usr/bin/cmake --install /home/ass/dev_ws/build/articubot_one
[5.611s] Level 1:colcon.colcon_core.environment:checking '/home/ass/dev_ws/install/articubot_one' for CMake module files
[5.616s] Level 1:colcon.colcon_core.environment:checking '/home/ass/dev_ws/install/articubot_one' for CMake config files
[5.618s] Level 1:colcon.colcon_core.shell:create_environment_hook('articubot_one', 'cmake_prefix_path')
[5.624s] INFO:colcon.colcon_core.shell:Creating environment hook '/home/ass/dev_ws/install/articubot_one/share/articubot_one/hook/cmake_prefix_path.ps1'
[5.626s] INFO:colcon.colcon_core.shell:Creating environment descriptor '/home/ass/dev_ws/install/articubot_one/share/articubot_one/hook/cmake_prefix_path.dsv'
[5.636s] INFO:colcon.colcon_core.shell:Creating environment hook '/home/ass/dev_ws/install/articubot_one/share/articubot_one/hook/cmake_prefix_path.sh'
[5.639s] Level 1:colcon.colcon_core.environment:checking '/home/ass/dev_ws/install/articubot_one/bin'
[5.640s] Level 1:colcon.colcon_core.environment:checking '/home/ass/dev_ws/install/articubot_one/lib/pkgconfig/articubot_one.pc'
[5.641s] Level 1:colcon.colcon_core.environment:checking '/home/ass/dev_ws/install/articubot_one/lib/python3.10/site-packages'
[5.643s] Level 1:colcon.colcon_core.environment:checking '/home/ass/dev_ws/install/articubot_one/bin'
[5.652s] INFO:colcon.colcon_core.shell:Creating package script '/home/ass/dev_ws/install/articubot_one/share/articubot_one/package.ps1'
[5.656s] INFO:colcon.colcon_core.shell:Creating package descriptor '/home/ass/dev_ws/install/articubot_one/share/articubot_one/package.dsv'
[5.659s] INFO:colcon.colcon_core.shell:Creating package script '/home/ass/dev_ws/install/articubot_one/share/articubot_one/package.sh'
[5.663s] INFO:colcon.colcon_core.shell:Creating package script '/home/ass/dev_ws/install/articubot_one/share/articubot_one/package.bash'
[5.667s] INFO:colcon.colcon_core.shell:Creating package script '/home/ass/dev_ws/install/articubot_one/share/articubot_one/package.zsh'
[5.670s] Level 1:colcon.colcon_core.environment:create_file_with_runtime_dependencies(/home/ass/dev_ws/install/articubot_one/share/colcon-core/packages/articubot_one)
[5.679s] Level 1:colcon.colcon_core.environment:create_environment_scripts_only(diffdrive_arduino)
[5.691s] Level 1:colcon.colcon_core.environment:checking '/home/ass/dev_ws/install/diffdrive_arduino' for CMake module files
[5.693s] DEBUG:colcon.colcon_core.event_handler.log_command:Invoked command in '/home/ass/dev_ws/build/diffdrive_arduino' returned '0': CMAKE_PREFIX_PATH=${CMAKE_PREFIX_PATH}:/opt/ros/humble /usr/bin/cmake --install /home/ass/dev_ws/build/diffdrive_arduino
[5.697s] Level 1:colcon.colcon_core.environment:checking '/home/ass/dev_ws/install/diffdrive_arduino' for CMake config files
[5.700s] Level 1:colcon.colcon_core.shell:create_environment_hook('diffdrive_arduino', 'cmake_prefix_path')
[5.707s] INFO:colcon.colcon_core.shell:Creating environment hook '/home/ass/dev_ws/install/diffdrive_arduino/share/diffdrive_arduino/hook/cmake_prefix_path.ps1'
[5.709s] INFO:colcon.colcon_core.shell:Creating environment descriptor '/home/ass/dev_ws/install/diffdrive_arduino/share/diffdrive_arduino/hook/cmake_prefix_path.dsv'
[5.715s] INFO:colcon.colcon_core.shell:Creating environment hook '/home/ass/dev_ws/install/diffdrive_arduino/share/diffdrive_arduino/hook/cmake_prefix_path.sh'
[5.720s] Level 1:colcon.colcon_core.environment:checking '/home/ass/dev_ws/install/diffdrive_arduino/lib'
[5.721s] Level 1:colcon.colcon_core.shell:create_environment_hook('diffdrive_arduino', 'ld_library_path_lib')
[5.728s] INFO:colcon.colcon_core.shell:Creating environment hook '/home/ass/dev_ws/install/diffdrive_arduino/share/diffdrive_arduino/hook/ld_library_path_lib.ps1'
[5.730s] INFO:colcon.colcon_core.shell:Creating environment descriptor '/home/ass/dev_ws/install/diffdrive_arduino/share/diffdrive_arduino/hook/ld_library_path_lib.dsv'
[5.735s] INFO:colcon.colcon_core.shell:Creating environment hook '/home/ass/dev_ws/install/diffdrive_arduino/share/diffdrive_arduino/hook/ld_library_path_lib.sh'
[5.737s] Level 1:colcon.colcon_core.environment:checking '/home/ass/dev_ws/install/diffdrive_arduino/bin'
[5.738s] Level 1:colcon.colcon_core.environment:checking '/home/ass/dev_ws/install/diffdrive_arduino/lib/pkgconfig/diffdrive_arduino.pc'
[5.739s] Level 1:colcon.colcon_core.environment:checking '/home/ass/dev_ws/install/diffdrive_arduino/lib/python3.10/site-packages'
[5.740s] Level 1:colcon.colcon_core.environment:checking '/home/ass/dev_ws/install/diffdrive_arduino/bin'
[5.749s] INFO:colcon.colcon_core.shell:Creating package script '/home/ass/dev_ws/install/diffdrive_arduino/share/diffdrive_arduino/package.ps1'
[5.754s] INFO:colcon.colcon_core.shell:Creating package descriptor '/home/ass/dev_ws/install/diffdrive_arduino/share/diffdrive_arduino/package.dsv'
[5.757s] INFO:colcon.colcon_core.shell:Creating package script '/home/ass/dev_ws/install/diffdrive_arduino/share/diffdrive_arduino/package.sh'
[5.760s] INFO:colcon.colcon_core.shell:Creating package script '/home/ass/dev_ws/install/diffdrive_arduino/share/diffdrive_arduino/package.bash'
[5.762s] INFO:colcon.colcon_core.shell:Creating package script '/home/ass/dev_ws/install/diffdrive_arduino/share/diffdrive_arduino/package.zsh'
[5.765s] Level 1:colcon.colcon_core.environment:create_file_with_runtime_dependencies(/home/ass/dev_ws/install/diffdrive_arduino/share/colcon-core/packages/diffdrive_arduino)
[5.775s] Level 1:colcon.colcon_core.environment:create_environment_scripts_only(serial)
[5.781s] DEBUG:colcon.colcon_core.event_handler.log_command:Invoked command in '/home/ass/dev_ws/build/serial' returned '0': CMAKE_PREFIX_PATH=${CMAKE_PREFIX_PATH}:/opt/ros/humble /usr/bin/cmake --install /home/ass/dev_ws/build/serial
[5.788s] Level 1:colcon.colcon_core.environment:checking '/home/ass/dev_ws/install/serial' for CMake module files
[5.792s] Level 1:colcon.colcon_core.environment:checking '/home/ass/dev_ws/install/serial' for CMake config files
[5.793s] Level 1:colcon.colcon_core.shell:create_environment_hook('serial', 'cmake_prefix_path')
[5.805s] INFO:colcon.colcon_core.shell:Creating environment hook '/home/ass/dev_ws/install/serial/share/serial/hook/cmake_prefix_path.ps1'
[5.808s] INFO:colcon.colcon_core.shell:Creating environment descriptor '/home/ass/dev_ws/install/serial/share/serial/hook/cmake_prefix_path.dsv'
[5.817s] INFO:colcon.colcon_core.shell:Creating environment hook '/home/ass/dev_ws/install/serial/share/serial/hook/cmake_prefix_path.sh'
[5.821s] Level 1:colcon.colcon_core.environment:checking '/home/ass/dev_ws/install/serial/lib'
[5.821s] Level 1:colcon.colcon_core.environment:checking '/home/ass/dev_ws/install/serial/bin'
[5.822s] Level 1:colcon.colcon_core.environment:checking '/home/ass/dev_ws/install/serial/lib/pkgconfig/serial.pc'
[5.823s] Level 1:colcon.colcon_core.environment:checking '/home/ass/dev_ws/install/serial/lib/python3.10/site-packages'
[5.825s] Level 1:colcon.colcon_core.environment:checking '/home/ass/dev_ws/install/serial/bin'
[5.831s] INFO:colcon.colcon_core.shell:Creating package script '/home/ass/dev_ws/install/serial/share/serial/package.ps1'
[5.835s] INFO:colcon.colcon_core.shell:Creating package descriptor '/home/ass/dev_ws/install/serial/share/serial/package.dsv'
[5.837s] INFO:colcon.colcon_core.shell:Creating package script '/home/ass/dev_ws/install/serial/share/serial/package.sh'
[5.840s] INFO:colcon.colcon_core.shell:Creating package script '/home/ass/dev_ws/install/serial/share/serial/package.bash'
[5.849s] INFO:colcon.colcon_core.shell:Creating package script '/home/ass/dev_ws/install/serial/share/serial/package.zsh'
[5.853s] Level 1:colcon.colcon_core.environment:create_file_with_runtime_dependencies(/home/ass/dev_ws/install/serial/share/colcon-core/packages/serial)
[5.870s] Level 1:colcon.colcon_core.environment:create_environment_scripts_only(articubot_one)
[5.880s] Level 1:colcon.colcon_core.environment:checking '/home/ass/dev_ws/install/articubot_one' for CMake module files
[5.885s] Level 1:colcon.colcon_core.environment:checking '/home/ass/dev_ws/install/articubot_one' for CMake config files
[5.888s] Level 1:colcon.colcon_core.shell:create_environment_hook('articubot_one', 'cmake_prefix_path')
[5.894s] INFO:colcon.colcon_core.shell:Creating environment hook '/home/ass/dev_ws/install/articubot_one/share/articubot_one/hook/cmake_prefix_path.ps1'
[5.897s] INFO:colcon.colcon_core.shell:Creating environment descriptor '/home/ass/dev_ws/install/articubot_one/share/articubot_one/hook/cmake_prefix_path.dsv'
[5.900s] INFO:colcon.colcon_core.shell:Creating environment hook '/home/ass/dev_ws/install/articubot_one/share/articubot_one/hook/cmake_prefix_path.sh'
[5.904s] Level 1:colcon.colcon_core.environment:checking '/home/ass/dev_ws/install/articubot_one/bin'
[5.904s] Level 1:colcon.colcon_core.environment:checking '/home/ass/dev_ws/install/articubot_one/lib/pkgconfig/articubot_one.pc'
[5.905s] Level 1:colcon.colcon_core.environment:checking '/home/ass/dev_ws/install/articubot_one/lib/python3.10/site-packages'
[5.907s] Level 1:colcon.colcon_core.environment:checking '/home/ass/dev_ws/install/articubot_one/bin'
[5.914s] INFO:colcon.colcon_core.shell:Creating package script '/home/ass/dev_ws/install/articubot_one/share/articubot_one/package.ps1'
[5.918s] INFO:colcon.colcon_core.shell:Creating package descriptor '/home/ass/dev_ws/install/articubot_one/share/articubot_one/package.dsv'
[5.922s] INFO:colcon.colcon_core.shell:Creating package script '/home/ass/dev_ws/install/articubot_one/share/articubot_one/package.sh'
[5.925s] INFO:colcon.colcon_core.shell:Creating package script '/home/ass/dev_ws/install/articubot_one/share/articubot_one/package.bash'
[5.928s] INFO:colcon.colcon_core.shell:Creating package script '/home/ass/dev_ws/install/articubot_one/share/articubot_one/package.zsh'
[5.931s] Level 1:colcon.colcon_core.environment:create_file_with_runtime_dependencies(/home/ass/dev_ws/install/articubot_one/share/colcon-core/packages/articubot_one)
[5.942s] Level 1:colcon.colcon_core.environment:create_environment_scripts_only(diffdrive_arduino)
[5.953s] Level 1:colcon.colcon_core.environment:checking '/home/ass/dev_ws/install/diffdrive_arduino' for CMake module files
[5.957s] Level 1:colcon.colcon_core.environment:checking '/home/ass/dev_ws/install/diffdrive_arduino' for CMake config files
[5.959s] Level 1:colcon.colcon_core.shell:create_environment_hook('diffdrive_arduino', 'cmake_prefix_path')
[5.965s] INFO:colcon.colcon_core.shell:Creating environment hook '/home/ass/dev_ws/install/diffdrive_arduino/share/diffdrive_arduino/hook/cmake_prefix_path.ps1'
[5.969s] INFO:colcon.colcon_core.shell:Creating environment descriptor '/home/ass/dev_ws/install/diffdrive_arduino/share/diffdrive_arduino/hook/cmake_prefix_path.dsv'
[5.976s] INFO:colcon.colcon_core.shell:Creating environment hook '/home/ass/dev_ws/install/diffdrive_arduino/share/diffdrive_arduino/hook/cmake_prefix_path.sh'
[5.979s] Level 1:colcon.colcon_core.environment:checking '/home/ass/dev_ws/install/diffdrive_arduino/lib'
[5.979s] Level 1:colcon.colcon_core.shell:create_environment_hook('diffdrive_arduino', 'ld_library_path_lib')
[5.986s] INFO:colcon.colcon_core.shell:Creating environment hook '/home/ass/dev_ws/install/diffdrive_arduino/share/diffdrive_arduino/hook/ld_library_path_lib.ps1'
[5.988s] INFO:colcon.colcon_core.shell:Creating environment descriptor '/home/ass/dev_ws/install/diffdrive_arduino/share/diffdrive_arduino/hook/ld_library_path_lib.dsv'
[5.990s] INFO:colcon.colcon_core.shell:Creating environment hook '/home/ass/dev_ws/install/diffdrive_arduino/share/diffdrive_arduino/hook/ld_library_path_lib.sh'
[5.993s] Level 1:colcon.colcon_core.environment:checking '/home/ass/dev_ws/install/diffdrive_arduino/bin'
[5.994s] Level 1:colcon.colcon_core.environment:checking '/home/ass/dev_ws/install/diffdrive_arduino/lib/pkgconfig/diffdrive_arduino.pc'
[5.995s] Level 1:colcon.colcon_core.environment:checking '/home/ass/dev_ws/install/diffdrive_arduino/lib/python3.10/site-packages'
[5.996s] Level 1:colcon.colcon_core.environment:checking '/home/ass/dev_ws/install/diffdrive_arduino/bin'
[6.003s] INFO:colcon.colcon_core.shell:Creating package script '/home/ass/dev_ws/install/diffdrive_arduino/share/diffdrive_arduino/package.ps1'
[6.007s] INFO:colcon.colcon_core.shell:Creating package descriptor '/home/ass/dev_ws/install/diffdrive_arduino/share/diffdrive_arduino/package.dsv'
[6.011s] INFO:colcon.colcon_core.shell:Creating package script '/home/ass/dev_ws/install/diffdrive_arduino/share/diffdrive_arduino/package.sh'
[6.015s] INFO:colcon.colcon_core.shell:Creating package script '/home/ass/dev_ws/install/diffdrive_arduino/share/diffdrive_arduino/package.bash'
[6.019s] INFO:colcon.colcon_core.shell:Creating package script '/home/ass/dev_ws/install/diffdrive_arduino/share/diffdrive_arduino/package.zsh'
[6.021s] Level 1:colcon.colcon_core.environment:create_file_with_runtime_dependencies(/home/ass/dev_ws/install/diffdrive_arduino/share/colcon-core/packages/diffdrive_arduino)
[6.106s] Level 1:colcon.colcon_core.environment:create_environment_scripts_only(serial)
[6.114s] Level 1:colcon.colcon_core.environment:checking '/home/ass/dev_ws/install/serial' for CMake module files
[6.117s] Level 1:colcon.colcon_core.environment:checking '/home/ass/dev_ws/install/serial' for CMake config files
[6.119s] Level 1:colcon.colcon_core.shell:create_environment_hook('serial', 'cmake_prefix_path')
[6.124s] INFO:colcon.colcon_core.shell:Creating environment hook '/home/ass/dev_ws/install/serial/share/serial/hook/cmake_prefix_path.ps1'
[6.126s] INFO:colcon.colcon_core.shell:Creating environment descriptor '/home/ass/dev_ws/install/serial/share/serial/hook/cmake_prefix_path.dsv'
[6.130s] INFO:colcon.colcon_core.shell:Creating environment hook '/home/ass/dev_ws/install/serial/share/serial/hook/cmake_prefix_path.sh'
[6.133s] Level 1:colcon.colcon_core.environment:checking '/home/ass/dev_ws/install/serial/lib'
[6.135s] Level 1:colcon.colcon_core.environment:checking '/home/ass/dev_ws/install/serial/bin'
[6.136s] Level 1:colcon.colcon_core.environment:checking '/home/ass/dev_ws/install/serial/lib/pkgconfig/serial.pc'
[6.137s] Level 1:colcon.colcon_core.environment:checking '/home/ass/dev_ws/install/serial/lib/python3.10/site-packages'
[6.138s] Level 1:colcon.colcon_core.environment:checking '/home/ass/dev_ws/install/serial/bin'
[6.144s] INFO:colcon.colcon_core.shell:Creating package script '/home/ass/dev_ws/install/serial/share/serial/package.ps1'
[6.147s] INFO:colcon.colcon_core.shell:Creating package descriptor '/home/ass/dev_ws/install/serial/share/serial/package.dsv'
[6.150s] INFO:colcon.colcon_core.shell:Creating package script '/home/ass/dev_ws/install/serial/share/serial/package.sh'
[6.153s] INFO:colcon.colcon_core.shell:Creating package script '/home/ass/dev_ws/install/serial/share/serial/package.bash'
[6.155s] INFO:colcon.colcon_core.shell:Creating package script '/home/ass/dev_ws/install/serial/share/serial/package.zsh'
[6.157s] Level 1:colcon.colcon_core.environment:create_file_with_runtime_dependencies(/home/ass/dev_ws/install/serial/share/colcon-core/packages/serial)
[8.395s] DEBUG:colcon.colcon_core.event_handler.log_command:Invoking command in '/home/ass/dev_ws/src/twist_mux_example/src/twist_mux_test': PYTHONPATH=/home/ass/dev_ws/build/twist_mux_test/prefix_override:/home/ass/dev_ws/install/twist_mux_test/lib/python3.10/site-packages:${PYTHONPATH} /usr/bin/python3 setup.py egg_info --egg-base ../../../../build/twist_mux_test build --build-base /home/ass/dev_ws/build/twist_mux_test/build install --record /home/ass/dev_ws/build/twist_mux_test/install.log --install-scripts $base/lib/twist_mux_test --single-version-externally-managed
[9.857s] Level 1:colcon.colcon_core.environment:checking '/home/ass/dev_ws/install/twist_mux_test' for CMake module files
[9.859s] DEBUG:colcon.colcon_core.event_handler.log_command:Invoked command in '/home/ass/dev_ws/src/twist_mux_example/src/twist_mux_test' returned '0': PYTHONPATH=/home/ass/dev_ws/build/twist_mux_test/prefix_override:/home/ass/dev_ws/install/twist_mux_test/lib/python3.10/site-packages:${PYTHONPATH} /usr/bin/python3 setup.py egg_info --egg-base ../../../../build/twist_mux_test build --build-base /home/ass/dev_ws/build/twist_mux_test/build install --record /home/ass/dev_ws/build/twist_mux_test/install.log --install-scripts $base/lib/twist_mux_test --single-version-externally-managed
[9.860s] Level 1:colcon.colcon_core.environment:checking '/home/ass/dev_ws/install/twist_mux_test' for CMake config files
[9.864s] Level 1:colcon.colcon_core.environment:checking '/home/ass/dev_ws/install/twist_mux_test/lib'
[9.864s] Level 1:colcon.colcon_core.environment:checking '/home/ass/dev_ws/install/twist_mux_test/bin'
[9.864s] Level 1:colcon.colcon_core.environment:checking '/home/ass/dev_ws/install/twist_mux_test/lib/pkgconfig/twist_mux_test.pc'
[9.865s] Level 1:colcon.colcon_core.environment:checking '/home/ass/dev_ws/install/twist_mux_test/lib/python3.10/site-packages'
[9.865s] Level 1:colcon.colcon_core.shell:create_environment_hook('twist_mux_test', 'pythonpath')
[9.871s] INFO:colcon.colcon_core.shell:Creating environment hook '/home/ass/dev_ws/install/twist_mux_test/share/twist_mux_test/hook/pythonpath.ps1'
[9.873s] INFO:colcon.colcon_core.shell:Creating environment descriptor '/home/ass/dev_ws/install/twist_mux_test/share/twist_mux_test/hook/pythonpath.dsv'
[9.876s] INFO:colcon.colcon_core.shell:Creating environment hook '/home/ass/dev_ws/install/twist_mux_test/share/twist_mux_test/hook/pythonpath.sh'
[9.880s] Level 1:colcon.colcon_core.environment:checking '/home/ass/dev_ws/install/twist_mux_test/bin'
[9.880s] Level 1:colcon.colcon_core.environment:create_environment_scripts_only(twist_mux_test)
[9.887s] INFO:colcon.colcon_core.shell:Creating package script '/home/ass/dev_ws/install/twist_mux_test/share/twist_mux_test/package.ps1'
[9.889s] INFO:colcon.colcon_core.shell:Creating package descriptor '/home/ass/dev_ws/install/twist_mux_test/share/twist_mux_test/package.dsv'
[9.890s] INFO:colcon.colcon_core.shell:Creating package script '/home/ass/dev_ws/install/twist_mux_test/share/twist_mux_test/package.sh'
[9.892s] INFO:colcon.colcon_core.shell:Creating package script '/home/ass/dev_ws/install/twist_mux_test/share/twist_mux_test/package.bash'
[9.893s] INFO:colcon.colcon_core.shell:Creating package script '/home/ass/dev_ws/install/twist_mux_test/share/twist_mux_test/package.zsh'
[9.895s] Level 1:colcon.colcon_core.environment:create_file_with_runtime_dependencies(/home/ass/dev_ws/install/twist_mux_test/share/colcon-core/packages/twist_mux_test)
[9.896s] DEBUG:colcon.colcon_parallel_executor.executor.parallel:closing loop
[9.898s] DEBUG:colcon.colcon_parallel_executor.executor.parallel:loop closed
[9.898s] DEBUG:colcon.colcon_parallel_executor.executor.parallel:run_until_complete finished with '0'
[9.898s] DEBUG:colcon.colcon_core.event_reactor:joining thread
[9.927s] INFO:colcon.colcon_core.plugin_system:Skipping extension 'colcon_notification.desktop_notification.terminal_notifier': Not used on non-Darwin systems
[9.927s] INFO:colcon.colcon_core.plugin_system:Skipping extension 'colcon_notification.desktop_notification.win32': Not used on non-Windows systems
[9.928s] INFO:colcon.colcon_notification.desktop_notification:Sending desktop notification using 'notify2'
[10.003s] DEBUG:colcon.colcon_core.event_reactor:joined thread
[10.009s] INFO:colcon.colcon_core.shell:Creating prefix script '/home/ass/dev_ws/install/local_setup.ps1'
[10.014s] INFO:colcon.colcon_core.shell:Creating prefix util module '/home/ass/dev_ws/install/_local_setup_util_ps1.py'
[10.024s] INFO:colcon.colcon_core.shell:Creating prefix chain script '/home/ass/dev_ws/install/setup.ps1'
[10.036s] INFO:colcon.colcon_core.shell:Creating prefix script '/home/ass/dev_ws/install/local_setup.sh'
[10.040s] INFO:colcon.colcon_core.shell:Creating prefix util module '/home/ass/dev_ws/install/_local_setup_util_sh.py'
[10.044s] INFO:colcon.colcon_core.shell:Creating prefix chain script '/home/ass/dev_ws/install/setup.sh'
[10.053s] INFO:colcon.colcon_core.shell:Creating prefix script '/home/ass/dev_ws/install/local_setup.bash'
[10.057s] INFO:colcon.colcon_core.shell:Creating prefix chain script '/home/ass/dev_ws/install/setup.bash'
[10.066s] INFO:colcon.colcon_core.shell:Creating prefix script '/home/ass/dev_ws/install/local_setup.zsh'
[10.070s] INFO:colcon.colcon_core.shell:Creating prefix chain script '/home/ass/dev_ws/install/setup.zsh'
