[0.059s] Invoking command in '/home/ass/dev_ws/build/diffdrive_arduino': AMENT_PREFIX_PATH=/home/ass/dev_ws/install/serial:${AMENT_PREFIX_PATH} CMAKE_PREFIX_PATH=/home/ass/dev_ws/install/serial:/opt/ros/humble LD_LIBRARY_PATH=/home/ass/dev_ws/install/serial/lib:${LD_LIBRARY_PATH} /usr/bin/cmake --build /home/ass/dev_ws/build/diffdrive_arduino -- -j4 -l4
[0.386s] -- Found ament_cmake: 1.3.5 (/opt/ros/humble/share/ament_cmake/cmake)
[1.280s] -- Override CMake install command with custom implementation using symlinks instead of copying resources
[1.398s] -- Found serial: 1.2.1 (/home/ass/dev_ws/install/serial/share/serial/cmake)
[1.408s] -- Found hardware_interface: 2.28.0 (/opt/ros/humble/share/hardware_interface/cmake)
[1.683s] -- Found rosidl_generator_c: 3.1.4 (/opt/ros/humble/share/rosidl_generator_c/cmake)
[1.710s] -- Found rosidl_adapter: 3.1.4 (/opt/ros/humble/share/rosidl_adapter/cmake)
[1.762s] -- Found rosidl_generator_cpp: 3.1.4 (/opt/ros/humble/share/rosidl_generator_cpp/cmake)
[1.855s] -- Using all available rosidl_typesupport_c: rosidl_typesupport_fastrtps_c;rosidl_typesupport_introspection_c
[1.976s] -- Using all available rosidl_typesupport_cpp: rosidl_typesupport_fastrtps_cpp;rosidl_typesupport_introspection_cpp
[4.996s] -- Found rmw_implementation_cmake: 6.1.1 (/opt/ros/humble/share/rmw_implementation_cmake/cmake)
[5.015s] -- Found rmw_fastrtps_cpp: 6.2.2 (/opt/ros/humble/share/rmw_fastrtps_cpp/cmake)
[6.153s] -- Using RMW implementation 'rmw_fastrtps_cpp' as default
[6.913s] -- Found controller_manager: 2.28.0 (/opt/ros/humble/share/controller_manager/cmake)
[11.498s] -- Configuring done
[12.259s] -- Generating done
[12.275s] -- Build files have been written to: /home/ass/dev_ws/build/diffdrive_arduino
[12.410s] [35m[1mConsolidate compiler generated dependencies of target fake_robot[0m
[12.414s] [35m[1mConsolidate compiler generated dependencies of target diffdrive_arduino[0m
[12.467s] [ 14%] [32mBuilding CXX object CMakeFiles/fake_robot.dir/src/fake_robot.cpp.o[0m
[12.475s] [ 28%] [32mBuilding CXX object CMakeFiles/fake_robot.dir/src/wheel.cpp.o[0m
[12.504s] [ 42%] [32mBuilding CXX object CMakeFiles/diffdrive_arduino.dir/src/diffdrive_arduino.cpp.o[0m
[12.512s] [ 57%] [32mBuilding CXX object CMakeFiles/diffdrive_arduino.dir/src/wheel.cpp.o[0m
[14.698s] [ 71%] [32mBuilding CXX object CMakeFiles/diffdrive_arduino.dir/src/arduino_comms.cpp.o[0m
[15.357s] In file included from [01m[K/home/ass/dev_ws/src/diffdrive_arduino/src/diffdrive_arduino.cpp:1[m[K:
[15.360s] [01m[K/home/ass/dev_ws/src/diffdrive_arduino/include/diffdrive_arduino/diffdrive_arduino.h:7:10:[m[K [01;31m[Kfatal error: [m[Khardware_interface/base_interface.hpp: No such file or directory
[15.360s]     7 | #include [01;31m[K"hardware_interface/base_interface.hpp"[m[K
[15.364s]       |          [01;31m[K^~~~~~~~~~~~~~~~~~~~~~~~~~~~~~~~~~~~~~~[m[K
[15.366s] compilation terminated.
[15.366s] In file included from [01m[K/home/ass/dev_ws/src/diffdrive_arduino/src/fake_robot.cpp:1[m[K:
[15.367s] [01m[K/home/ass/dev_ws/src/diffdrive_arduino/include/diffdrive_arduino/fake_robot.h:7:10:[m[K [01;31m[Kfatal error: [m[Khardware_interface/base_interface.hpp: No such file or directory
[15.368s]     7 | #include [01;31m[K"hardware_interface/base_interface.hpp"[m[K
[15.368s]       |          [01;31m[K^~~~~~~~~~~~~~~~~~~~~~~~~~~~~~~~~~~~~~~[m[K
[15.369s] compilation terminated.
[15.374s] gmake[2]: *** [CMakeFiles/diffdrive_arduino.dir/build.make:76: CMakeFiles/diffdrive_arduino.dir/src/diffdrive_arduino.cpp.o] Error 1
[15.375s] gmake[2]: *** Waiting for unfinished jobs....
[15.375s] gmake[2]: *** [CMakeFiles/fake_robot.dir/build.make:76: CMakeFiles/fake_robot.dir/src/fake_robot.cpp.o] Error 1
[15.376s] gmake[1]: *** [CMakeFiles/Makefile2:165: CMakeFiles/fake_robot.dir/all] Error 2
[15.376s] gmake[1]: *** Waiting for unfinished jobs....
[26.460s] gmake[1]: *** [CMakeFiles/Makefile2:139: CMakeFiles/diffdrive_arduino.dir/all] Error 2
[26.461s] gmake: *** [Makefile:146: all] Error 2
[26.468s] Invoked command in '/home/ass/dev_ws/build/diffdrive_arduino' returned '2': AMENT_PREFIX_PATH=/home/ass/dev_ws/install/serial:${AMENT_PREFIX_PATH} CMAKE_PREFIX_PATH=/home/ass/dev_ws/install/serial:/opt/ros/humble LD_LIBRARY_PATH=/home/ass/dev_ws/install/serial/lib:${LD_LIBRARY_PATH} /usr/bin/cmake --build /home/ass/dev_ws/build/diffdrive_arduino -- -j4 -l4
