[0.123s] Invoking command in '/home/ass/dev_ws/src/build/serial': CMAKE_PREFIX_PATH=/opt/ros/humble /usr/bin/cmake --build /home/ass/dev_ws/src/build/serial -- -j4 -l4
[0.487s] [ 28%] Built target serial
[0.492s] [ 42%] Built target gtest
[0.500s] [ 57%] Built target gtest_main
[0.614s] [ 71%] Built target serial_example
[0.641s] [ 85%] Built target serial-test-timer
[0.741s] [100%] Built target serial-test
[0.802s] Invoked command in '/home/ass/dev_ws/src/build/serial' returned '0': CMAKE_PREFIX_PATH=/opt/ros/humble /usr/bin/cmake --build /home/ass/dev_ws/src/build/serial -- -j4 -l4
[0.996s] Invoking command in '/home/ass/dev_ws/src/build/serial': CMAKE_PREFIX_PATH=/opt/ros/humble /usr/bin/cmake --install /home/ass/dev_ws/src/build/serial
[1.025s] -- Install configuration: ""
[1.029s] -- Execute custom install script
[1.032s] -- Up-to-date symlink: /home/ass/dev_ws/src/install/serial/lib/libserial.a
[1.033s] -- Up-to-date symlink: /home/ass/dev_ws/src/install/serial/include/serial/serial.h
[1.034s] -- Up-to-date symlink: /home/ass/dev_ws/src/install/serial/include/serial/v8stdint.h
[1.036s] -- Up-to-date symlink: /home/ass/dev_ws/src/install/serial/share/serial/environment/library_path.sh
[1.038s] -- Up-to-date symlink: /home/ass/dev_ws/src/install/serial/share/serial/environment/library_path.dsv
[1.039s] -- Up-to-date symlink: /home/ass/dev_ws/src/install/serial/share/ament_index/resource_index/package_run_dependencies/serial
[1.040s] -- Up-to-date symlink: /home/ass/dev_ws/src/install/serial/share/ament_index/resource_index/parent_prefix_path/serial
[1.043s] -- Up-to-date symlink: /home/ass/dev_ws/src/install/serial/share/serial/environment/ament_prefix_path.sh
[1.045s] -- Up-to-date symlink: /home/ass/dev_ws/src/install/serial/share/serial/environment/ament_prefix_path.dsv
[1.047s] -- Up-to-date symlink: /home/ass/dev_ws/src/install/serial/share/serial/environment/path.sh
[1.049s] -- Up-to-date symlink: /home/ass/dev_ws/src/install/serial/share/serial/environment/path.dsv
[1.051s] -- Up-to-date symlink: /home/ass/dev_ws/src/install/serial/share/serial/local_setup.bash
[1.052s] -- Up-to-date symlink: /home/ass/dev_ws/src/install/serial/share/serial/local_setup.sh
[1.053s] -- Up-to-date symlink: /home/ass/dev_ws/src/install/serial/share/serial/local_setup.zsh
[1.055s] -- Up-to-date symlink: /home/ass/dev_ws/src/install/serial/share/serial/local_setup.dsv
[1.055s] -- Symlinking: /home/ass/dev_ws/src/install/serial/share/serial/package.dsv
[1.090s] -- Up-to-date symlink: /home/ass/dev_ws/src/install/serial/share/ament_index/resource_index/packages/serial
[1.095s] -- Up-to-date symlink: /home/ass/dev_ws/src/install/serial/share/serial/cmake/ament_cmake_export_include_directories-extras.cmake
[1.096s] -- Up-to-date symlink: /home/ass/dev_ws/src/install/serial/share/serial/cmake/ament_cmake_export_libraries-extras.cmake
[1.098s] -- Up-to-date symlink: /home/ass/dev_ws/src/install/serial/share/serial/cmake/serialConfig.cmake
[1.100s] -- Up-to-date symlink: /home/ass/dev_ws/src/install/serial/share/serial/cmake/serialConfig-version.cmake
[1.101s] -- Up-to-date symlink: /home/ass/dev_ws/src/install/serial/share/serial/package.xml
[1.121s] Invoked command in '/home/ass/dev_ws/src/build/serial' returned '0': CMAKE_PREFIX_PATH=/opt/ros/humble /usr/bin/cmake --install /home/ass/dev_ws/src/build/serial
