[0.237s] Invoking command in '/home/ass/dev_ws/build/articubot_one': CMAKE_PREFIX_PATH=/opt/ros/humble /usr/bin/cmake /home/ass/dev_ws/src/articubot_one -DAMENT_CMAKE_SYMLINK_INSTALL=1 -DCMAKE_INSTALL_PREFIX=/home/ass/dev_ws/install/articubot_one
[0.803s] -- Found ament_cmake: 1.3.5 (/opt/ros/humble/share/ament_cmake/cmake)
[1.859s] -- Override CMake install command with custom implementation using symlinks instead of copying resources
[2.014s] -- Found ament_lint_auto: 0.12.6 (/opt/ros/humble/share/ament_lint_auto/cmake)
[2.669s] -- Added test 'copyright' to check source files copyright and LICENSE
[2.816s] -- Added test 'flake8' to check Python code syntax and style conventions
[2.840s] -- Added test 'lint_cmake' to check CMake code style
[2.852s] -- Added test 'pep257' to check Python code against some of the docstring style conventions in PEP 257
[2.906s] -- Added test 'xmllint' to check XML markup files
[2.920s] -- Configuring done
[2.993s] -- Generating done
[3.004s] -- Build files have been written to: /home/ass/dev_ws/build/articubot_one
[3.056s] Invoked command in '/home/ass/dev_ws/build/articubot_one' returned '0': CMAKE_PREFIX_PATH=/opt/ros/humble /usr/bin/cmake /home/ass/dev_ws/src/articubot_one -DAMENT_CMAKE_SYMLINK_INSTALL=1 -DCMAKE_INSTALL_PREFIX=/home/ass/dev_ws/install/articubot_one
[3.058s] Invoking command in '/home/ass/dev_ws/build/articubot_one': CMAKE_PREFIX_PATH=/opt/ros/humble /usr/bin/cmake --build /home/ass/dev_ws/build/articubot_one -- -j4 -l4
[3.271s] Invoked command in '/home/ass/dev_ws/build/articubot_one' returned '0': CMAKE_PREFIX_PATH=/opt/ros/humble /usr/bin/cmake --build /home/ass/dev_ws/build/articubot_one -- -j4 -l4
[3.481s] Invoking command in '/home/ass/dev_ws/build/articubot_one': CMAKE_PREFIX_PATH=/opt/ros/humble /usr/bin/cmake --install /home/ass/dev_ws/build/articubot_one
[3.535s] -- Install configuration: ""
[3.550s] -- Execute custom install script
[3.584s] -- Up-to-date symlink: /home/ass/dev_ws/install/articubot_one/share/articubot_one/config/ball_tracker_params_robot.yaml
[3.588s] -- Up-to-date symlink: /home/ass/dev_ws/install/articubot_one/share/articubot_one/config/ball_tracker_params_sim.yaml
[3.592s] -- Up-to-date symlink: /home/ass/dev_ws/install/articubot_one/share/articubot_one/config/drive_bot.rviz
[3.592s] -- Up-to-date symlink: /home/ass/dev_ws/install/articubot_one/share/articubot_one/config/empty.yaml
[3.594s] -- Up-to-date symlink: /home/ass/dev_ws/install/articubot_one/share/articubot_one/config/gaz_ros2_ctl_use_sim.yaml
[3.595s] -- Up-to-date symlink: /home/ass/dev_ws/install/articubot_one/share/articubot_one/config/gazebo_params.yaml
[3.596s] -- Up-to-date symlink: /home/ass/dev_ws/install/articubot_one/share/articubot_one/config/joystick.yaml
[3.597s] -- Up-to-date symlink: /home/ass/dev_ws/install/articubot_one/share/articubot_one/config/main.rviz
[3.598s] -- Up-to-date symlink: /home/ass/dev_ws/install/articubot_one/share/articubot_one/config/map.rviz
[3.600s] -- Up-to-date symlink: /home/ass/dev_ws/install/articubot_one/share/articubot_one/config/mapper_params_online_async.yaml
[3.604s] -- Up-to-date symlink: /home/ass/dev_ws/install/articubot_one/share/articubot_one/config/my_controllers.yaml
[3.605s] -- Up-to-date symlink: /home/ass/dev_ws/install/articubot_one/share/articubot_one/config/nav2_params.yaml
[3.606s] -- Up-to-date symlink: /home/ass/dev_ws/install/articubot_one/share/articubot_one/config/twist_mux.yaml
[3.607s] -- Up-to-date symlink: /home/ass/dev_ws/install/articubot_one/share/articubot_one/config/view_bot.rviz
[3.612s] -- Up-to-date symlink: /home/ass/dev_ws/install/articubot_one/share/articubot_one/description/camera.xacro
[3.621s] -- Up-to-date symlink: /home/ass/dev_ws/install/articubot_one/share/articubot_one/description/depth_camera.xacro
[3.622s] -- Up-to-date symlink: /home/ass/dev_ws/install/articubot_one/share/articubot_one/description/face.xacro
[3.627s] -- Up-to-date symlink: /home/ass/dev_ws/install/articubot_one/share/articubot_one/description/gazebo_control.xacro
[3.631s] -- Up-to-date symlink: /home/ass/dev_ws/install/articubot_one/share/articubot_one/description/inertial_macros.xacro
[3.632s] -- Up-to-date symlink: /home/ass/dev_ws/install/articubot_one/share/articubot_one/description/lidar.xacro
[3.636s] -- Up-to-date symlink: /home/ass/dev_ws/install/articubot_one/share/articubot_one/description/robot.urdf.xacro
[3.644s] -- Up-to-date symlink: /home/ass/dev_ws/install/articubot_one/share/articubot_one/description/robot_core.xacro
[3.651s] -- Up-to-date symlink: /home/ass/dev_ws/install/articubot_one/share/articubot_one/description/ros2_control.xacro
[3.662s] -- Up-to-date symlink: /home/ass/dev_ws/install/articubot_one/share/articubot_one/launch/ball_tracker.launch.py
[3.663s] -- Up-to-date symlink: /home/ass/dev_ws/install/articubot_one/share/articubot_one/launch/camera.launch.py
[3.665s] -- Up-to-date symlink: /home/ass/dev_ws/install/articubot_one/share/articubot_one/launch/joystick.launch.py
[3.671s] -- Up-to-date symlink: /home/ass/dev_ws/install/articubot_one/share/articubot_one/launch/launch_robot.launch.py
[3.678s] -- Up-to-date symlink: /home/ass/dev_ws/install/articubot_one/share/articubot_one/launch/launch_sim.launch.py
[3.688s] -- Up-to-date symlink: /home/ass/dev_ws/install/articubot_one/share/articubot_one/launch/localization_launch.py
[3.698s] -- Up-to-date symlink: /home/ass/dev_ws/install/articubot_one/share/articubot_one/launch/navigation_launch.py
[3.712s] -- Up-to-date symlink: /home/ass/dev_ws/install/articubot_one/share/articubot_one/launch/online_async_launch.py
[3.713s] -- Up-to-date symlink: /home/ass/dev_ws/install/articubot_one/share/articubot_one/launch/rplidar.launch.py
[3.714s] -- Up-to-date symlink: /home/ass/dev_ws/install/articubot_one/share/articubot_one/launch/rsp.launch.py
[3.722s] -- Up-to-date symlink: /home/ass/dev_ws/install/articubot_one/share/articubot_one/worlds/empty.world
[3.723s] -- Up-to-date symlink: /home/ass/dev_ws/install/articubot_one/share/articubot_one/worlds/obstacles.world
[3.743s] -- Up-to-date symlink: /home/ass/dev_ws/install/articubot_one/share/ament_index/resource_index/package_run_dependencies/articubot_one
[3.753s] -- Up-to-date symlink: /home/ass/dev_ws/install/articubot_one/share/ament_index/resource_index/parent_prefix_path/articubot_one
[3.763s] -- Up-to-date symlink: /home/ass/dev_ws/install/articubot_one/share/articubot_one/environment/ament_prefix_path.sh
[3.764s] -- Up-to-date symlink: /home/ass/dev_ws/install/articubot_one/share/articubot_one/environment/ament_prefix_path.dsv
[3.770s] -- Up-to-date symlink: /home/ass/dev_ws/install/articubot_one/share/articubot_one/environment/path.sh
[3.776s] -- Up-to-date symlink: /home/ass/dev_ws/install/articubot_one/share/articubot_one/environment/path.dsv
[3.782s] -- Up-to-date symlink: /home/ass/dev_ws/install/articubot_one/share/articubot_one/local_setup.bash
[3.788s] -- Up-to-date symlink: /home/ass/dev_ws/install/articubot_one/share/articubot_one/local_setup.sh
[3.793s] -- Up-to-date symlink: /home/ass/dev_ws/install/articubot_one/share/articubot_one/local_setup.zsh
[3.800s] -- Up-to-date symlink: /home/ass/dev_ws/install/articubot_one/share/articubot_one/local_setup.dsv
[3.801s] -- Symlinking: /home/ass/dev_ws/install/articubot_one/share/articubot_one/package.dsv
[3.858s] -- Up-to-date symlink: /home/ass/dev_ws/install/articubot_one/share/ament_index/resource_index/packages/articubot_one
[3.871s] -- Up-to-date symlink: /home/ass/dev_ws/install/articubot_one/share/articubot_one/cmake/articubot_oneConfig.cmake
[3.874s] -- Up-to-date symlink: /home/ass/dev_ws/install/articubot_one/share/articubot_one/cmake/articubot_oneConfig-version.cmake
[3.875s] -- Up-to-date symlink: /home/ass/dev_ws/install/articubot_one/share/articubot_one/package.xml
[3.888s] Invoked command in '/home/ass/dev_ws/build/articubot_one' returned '0': CMAKE_PREFIX_PATH=/opt/ros/humble /usr/bin/cmake --install /home/ass/dev_ws/build/articubot_one
