[0.047s] Invoking command in '/home/ass/dev_ws/build/diffdrive_arduino': AMENT_PREFIX_PATH=/home/ass/dev_ws/install/serial:${AMENT_PREFIX_PATH} CMAKE_PREFIX_PATH=/home/ass/dev_ws/install/serial:/opt/ros/humble LD_LIBRARY_PATH=/home/ass/dev_ws/install/serial/lib:${LD_LIBRARY_PATH} /usr/bin/cmake /home/ass/dev_ws/src/diffdrive_arduino -DAMENT_CMAKE_SYMLINK_INSTALL=1 -DCMAKE_INSTALL_PREFIX=/home/ass/dev_ws/install/diffdrive_arduino
[0.391s] -- The C compiler identification is GNU 11.3.0
[0.646s] -- The CXX compiler identification is GNU 11.3.0
[0.679s] -- Detecting C compiler ABI info
[0.999s] -- Detecting C compiler ABI info - done
[1.026s] -- Check for working C compiler: /usr/bin/cc - skipped
[1.026s] -- Detecting C compile features
[1.028s] -- Detecting C compile features - done
[1.039s] -- Detecting CXX compiler ABI info
[1.406s] -- Detecting CXX compiler ABI info - done
[1.436s] -- Check for working CXX compiler: /usr/bin/c++ - skipped
[1.436s] -- Detecting CXX compile features
[1.438s] -- Detecting CXX compile features - done
[1.498s] -- Found ament_cmake: 1.3.5 (/opt/ros/humble/share/ament_cmake/cmake)
[2.353s] -- Found Python3: /usr/bin/python3.10 (found version "3.10.6") found components: Interpreter 
[2.655s] -- Override CMake install command with custom implementation using symlinks instead of copying resources
[2.972s] -- Found serial: 1.2.1 (/home/ass/dev_ws/install/serial/share/serial/cmake)
[3.158s] [31mCMake Error at CMakeLists.txt:16 (find_package):
[3.159s]   By not providing "Findhardware_interface.cmake" in CMAKE_MODULE_PATH this
[3.159s]   project has asked CMake to find a package configuration file provided by
[3.159s]   "hardware_interface", but CMake did not find one.
[3.160s] 
[3.160s]   Could not find a package configuration file provided by
[3.161s]   "hardware_interface" with any of the following names:
[3.162s] 
[3.162s]     hardware_interfaceConfig.cmake
[3.162s]     hardware_interface-config.cmake
[3.163s] 
[3.165s]   Add the installation prefix of "hardware_interface" to CMAKE_PREFIX_PATH or
[3.166s]   set "hardware_interface_DIR" to a directory containing one of the above
[3.167s]   files.  If "hardware_interface" provides a separate development package or
[3.168s]   SDK, be sure it has been installed.
[3.169s] 
[3.169s] [0m
[3.170s] -- Configuring incomplete, errors occurred!
[3.170s] See also "/home/ass/dev_ws/build/diffdrive_arduino/CMakeFiles/CMakeOutput.log".
[3.175s] Invoked command in '/home/ass/dev_ws/build/diffdrive_arduino' returned '1': AMENT_PREFIX_PATH=/home/ass/dev_ws/install/serial:${AMENT_PREFIX_PATH} CMAKE_PREFIX_PATH=/home/ass/dev_ws/install/serial:/opt/ros/humble LD_LIBRARY_PATH=/home/ass/dev_ws/install/serial/lib:${LD_LIBRARY_PATH} /usr/bin/cmake /home/ass/dev_ws/src/diffdrive_arduino -DAMENT_CMAKE_SYMLINK_INSTALL=1 -DCMAKE_INSTALL_PREFIX=/home/ass/dev_ws/install/diffdrive_arduino
