[0.207s] Invoking command in '/home/ass/dev_ws/build/diffdrive_arduino': CMAKE_PREFIX_PATH=/opt/ros/humble /usr/bin/cmake --build /home/ass/dev_ws/build/diffdrive_arduino -- -j4 -l4
[0.936s] -- Found ament_cmake: 1.3.5 (/opt/ros/humble/share/ament_cmake/cmake)
[2.103s] -- Override CMake install command with custom implementation using symlinks instead of copying resources
[2.237s] -- Found hardware_interface: 2.28.0 (/opt/ros/humble/share/hardware_interface/cmake)
[2.646s] -- Found rosidl_generator_c: 3.1.4 (/opt/ros/humble/share/rosidl_generator_c/cmake)
[2.686s] -- Found rosidl_adapter: 3.1.4 (/opt/ros/humble/share/rosidl_adapter/cmake)
[2.787s] -- Found rosidl_generator_cpp: 3.1.4 (/opt/ros/humble/share/rosidl_generator_cpp/cmake)
[2.923s] -- Using all available rosidl_typesupport_c: rosidl_typesupport_fastrtps_c;rosidl_typesupport_introspection_c
[3.077s] -- Using all available rosidl_typesupport_cpp: rosidl_typesupport_fastrtps_cpp;rosidl_typesupport_introspection_cpp
[8.721s] -- Found rmw_implementation_cmake: 6.1.1 (/opt/ros/humble/share/rmw_implementation_cmake/cmake)
[8.742s] -- Found rmw_fastrtps_cpp: 6.2.2 (/opt/ros/humble/share/rmw_fastrtps_cpp/cmake)
[10.171s] -- Using RMW implementation 'rmw_fastrtps_cpp' as default
[11.596s] -- Found ament_cmake_gtest: 1.3.5 (/opt/ros/humble/share/ament_cmake_gtest/cmake)
[12.252s] -- Configuring done
[12.848s] -- Generating done
[12.864s] -- Build files have been written to: /home/ass/dev_ws/build/diffdrive_arduino
[13.010s] [35m[1mConsolidate compiler generated dependencies of target diffdrive_arduino[0m
[13.249s] [ 50%] [32mBuilding CXX object CMakeFiles/diffdrive_arduino.dir/hardware/diffbot_system.cpp.o[0m
[32.011s] [100%] [32m[1mLinking CXX shared library libdiffdrive_arduino.so[0m
[33.312s] [100%] Built target diffdrive_arduino
[33.362s] Invoked command in '/home/ass/dev_ws/build/diffdrive_arduino' returned '0': CMAKE_PREFIX_PATH=/opt/ros/humble /usr/bin/cmake --build /home/ass/dev_ws/build/diffdrive_arduino -- -j4 -l4
[33.490s] Invoking command in '/home/ass/dev_ws/build/diffdrive_arduino': CMAKE_PREFIX_PATH=/opt/ros/humble /usr/bin/cmake --install /home/ass/dev_ws/build/diffdrive_arduino
[33.516s] -- Install configuration: ""
[33.519s] -- Execute custom install script
[33.522s] -- Up-to-date symlink: /home/ass/dev_ws/install/diffdrive_arduino/share/diffdrive_arduino//diffdrive_arduino.xml
[33.527s] -- Up-to-date symlink: /home/ass/dev_ws/install/diffdrive_arduino/include/diffdrive_arduino/diffdrive_arduino/arduino_comms.hpp
[33.529s] -- Up-to-date symlink: /home/ass/dev_ws/install/diffdrive_arduino/include/diffdrive_arduino/diffdrive_arduino/diffbot_system.hpp
[33.531s] -- Up-to-date symlink: /home/ass/dev_ws/install/diffdrive_arduino/include/diffdrive_arduino/diffdrive_arduino/visibility_control.h
[33.544s] -- Up-to-date symlink: /home/ass/dev_ws/install/diffdrive_arduino/include/diffdrive_arduino/diffdrive_arduino/wheel.hpp
[33.551s] -- Up-to-date symlink: /home/ass/dev_ws/install/diffdrive_arduino/share/diffdrive_arduino/launch/view_robot.launch.py
[33.557s] -- Up-to-date symlink: /home/ass/dev_ws/install/diffdrive_arduino/share/diffdrive_arduino/ros2_control/diffbot.ros2_control.xacro
[33.561s] -- Up-to-date symlink: /home/ass/dev_ws/install/diffdrive_arduino/share/diffdrive_arduino/urdf/diffbot.materials.xacro
[33.562s] -- Up-to-date symlink: /home/ass/dev_ws/install/diffdrive_arduino/share/diffdrive_arduino/urdf/diffbot.urdf.xacro
[33.565s] -- Up-to-date symlink: /home/ass/dev_ws/install/diffdrive_arduino/share/diffdrive_arduino/urdf/diffbot_description.urdf.xacro
[33.569s] -- Up-to-date symlink: /home/ass/dev_ws/install/diffdrive_arduino/share/diffdrive_arduino/rviz/diffbot.rviz
[33.571s] -- Up-to-date symlink: /home/ass/dev_ws/install/diffdrive_arduino/share/diffdrive_arduino/rviz/diffbot_view.rviz
[33.576s] -- Up-to-date symlink: /home/ass/dev_ws/install/diffdrive_arduino/share/diffdrive_arduino/launch/diffbot.launch.py
[33.580s] -- Up-to-date symlink: /home/ass/dev_ws/install/diffdrive_arduino/share/diffdrive_arduino/config/diffbot_controllers.yaml
[33.584s] -- Up-to-date symlink: /home/ass/dev_ws/install/diffdrive_arduino/share/diffdrive_arduino/environment/library_path.sh
[33.586s] -- Up-to-date symlink: /home/ass/dev_ws/install/diffdrive_arduino/share/diffdrive_arduino/environment/library_path.dsv
[33.592s] -- Up-to-date symlink: /home/ass/dev_ws/install/diffdrive_arduino/share/ament_index/resource_index/package_run_dependencies/diffdrive_arduino
[33.596s] -- Up-to-date symlink: /home/ass/dev_ws/install/diffdrive_arduino/share/ament_index/resource_index/parent_prefix_path/diffdrive_arduino
[33.600s] -- Up-to-date symlink: /home/ass/dev_ws/install/diffdrive_arduino/share/diffdrive_arduino/environment/ament_prefix_path.sh
[33.604s] -- Up-to-date symlink: /home/ass/dev_ws/install/diffdrive_arduino/share/diffdrive_arduino/environment/ament_prefix_path.dsv
[33.605s] -- Up-to-date symlink: /home/ass/dev_ws/install/diffdrive_arduino/share/diffdrive_arduino/environment/path.sh
[33.607s] -- Up-to-date symlink: /home/ass/dev_ws/install/diffdrive_arduino/share/diffdrive_arduino/environment/path.dsv
[33.608s] -- Up-to-date symlink: /home/ass/dev_ws/install/diffdrive_arduino/share/diffdrive_arduino/local_setup.bash
[33.610s] -- Up-to-date symlink: /home/ass/dev_ws/install/diffdrive_arduino/share/diffdrive_arduino/local_setup.sh
[33.612s] -- Up-to-date symlink: /home/ass/dev_ws/install/diffdrive_arduino/share/diffdrive_arduino/local_setup.zsh
[33.614s] -- Up-to-date symlink: /home/ass/dev_ws/install/diffdrive_arduino/share/diffdrive_arduino/local_setup.dsv
[33.615s] -- Symlinking: /home/ass/dev_ws/install/diffdrive_arduino/share/diffdrive_arduino/package.dsv
[33.658s] -- Up-to-date symlink: /home/ass/dev_ws/install/diffdrive_arduino/share/ament_index/resource_index/packages/diffdrive_arduino
[33.662s] -- Up-to-date symlink: /home/ass/dev_ws/install/diffdrive_arduino/share/ament_index/resource_index/hardware_interface__pluginlib__plugin/diffdrive_arduino
[33.665s] -- Up-to-date symlink: /home/ass/dev_ws/install/diffdrive_arduino/share/diffdrive_arduino/cmake/ament_cmake_export_targets-extras.cmake
[33.668s] -- Up-to-date symlink: /home/ass/dev_ws/install/diffdrive_arduino/share/diffdrive_arduino/cmake/ament_cmake_export_dependencies-extras.cmake
[33.670s] -- Up-to-date symlink: /home/ass/dev_ws/install/diffdrive_arduino/share/diffdrive_arduino/cmake/diffdrive_arduinoConfig.cmake
[33.672s] -- Up-to-date symlink: /home/ass/dev_ws/install/diffdrive_arduino/share/diffdrive_arduino/cmake/diffdrive_arduinoConfig-version.cmake
[33.673s] -- Up-to-date symlink: /home/ass/dev_ws/install/diffdrive_arduino/share/diffdrive_arduino/package.xml
[33.678s] -- Installing: /home/ass/dev_ws/install/diffdrive_arduino/lib/libdiffdrive_arduino.so
[33.687s] -- Set runtime path of "/home/ass/dev_ws/install/diffdrive_arduino/lib/libdiffdrive_arduino.so" to ""
[33.693s] -- Installing: /home/ass/dev_ws/install/diffdrive_arduino/share/diffdrive_arduino/cmake/export_diffdrive_arduinoExport.cmake
[33.695s] -- Installing: /home/ass/dev_ws/install/diffdrive_arduino/share/diffdrive_arduino/cmake/export_diffdrive_arduinoExport-noconfig.cmake
[33.713s] Invoked command in '/home/ass/dev_ws/build/diffdrive_arduino' returned '0': CMAKE_PREFIX_PATH=/opt/ros/humble /usr/bin/cmake --install /home/ass/dev_ws/build/diffdrive_arduino
