[0.260s] Invoking command in '/home/ass/dev_ws/build/articubot_one': CMAKE_PREFIX_PATH=/opt/ros/humble /usr/bin/cmake --build /home/ass/dev_ws/build/articubot_one -- -j4 -l4
[2.191s] Invoked command in '/home/ass/dev_ws/build/articubot_one' returned '0': CMAKE_PREFIX_PATH=/opt/ros/humble /usr/bin/cmake --build /home/ass/dev_ws/build/articubot_one -- -j4 -l4
[2.387s] Invoking command in '/home/ass/dev_ws/build/articubot_one': CMAKE_PREFIX_PATH=/opt/ros/humble /usr/bin/cmake --install /home/ass/dev_ws/build/articubot_one
[2.444s] -- Install configuration: ""
[2.455s] -- Execute custom install script
[2.479s] -- Up-to-date symlink: /home/ass/dev_ws/install/articubot_one/share/articubot_one/config/ball_tracker_params_robot.yaml
[2.484s] -- Up-to-date symlink: /home/ass/dev_ws/install/articubot_one/share/articubot_one/config/ball_tracker_params_sim.yaml
[2.489s] -- Up-to-date symlink: /home/ass/dev_ws/install/articubot_one/share/articubot_one/config/drive_bot.rviz
[2.491s] -- Up-to-date symlink: /home/ass/dev_ws/install/articubot_one/share/articubot_one/config/empty.yaml
[2.497s] -- Up-to-date symlink: /home/ass/dev_ws/install/articubot_one/share/articubot_one/config/gaz_ros2_ctl_use_sim.yaml
[2.509s] -- Up-to-date symlink: /home/ass/dev_ws/install/articubot_one/share/articubot_one/config/gazebo_params.yaml
[2.512s] -- Up-to-date symlink: /home/ass/dev_ws/install/articubot_one/share/articubot_one/config/joystick.yaml
[2.513s] -- Up-to-date symlink: /home/ass/dev_ws/install/articubot_one/share/articubot_one/config/main.rviz
[2.515s] -- Up-to-date symlink: /home/ass/dev_ws/install/articubot_one/share/articubot_one/config/map.rviz
[2.519s] -- Up-to-date symlink: /home/ass/dev_ws/install/articubot_one/share/articubot_one/config/mapper_params_online_async.yaml
[2.520s] -- Up-to-date symlink: /home/ass/dev_ws/install/articubot_one/share/articubot_one/config/my_controllers.yaml
[2.521s] -- Up-to-date symlink: /home/ass/dev_ws/install/articubot_one/share/articubot_one/config/nav2_params.yaml
[2.525s] -- Up-to-date symlink: /home/ass/dev_ws/install/articubot_one/share/articubot_one/config/twist_mux.yaml
[2.526s] -- Up-to-date symlink: /home/ass/dev_ws/install/articubot_one/share/articubot_one/config/view_bot.rviz
[2.534s] -- Up-to-date symlink: /home/ass/dev_ws/install/articubot_one/share/articubot_one/description/camera.xacro
[2.540s] -- Up-to-date symlink: /home/ass/dev_ws/install/articubot_one/share/articubot_one/description/depth_camera.xacro
[2.543s] -- Up-to-date symlink: /home/ass/dev_ws/install/articubot_one/share/articubot_one/description/face.xacro
[2.547s] -- Up-to-date symlink: /home/ass/dev_ws/install/articubot_one/share/articubot_one/description/gazebo_control.xacro
[2.553s] -- Up-to-date symlink: /home/ass/dev_ws/install/articubot_one/share/articubot_one/description/inertial_macros.xacro
[2.554s] -- Up-to-date symlink: /home/ass/dev_ws/install/articubot_one/share/articubot_one/description/lidar.xacro
[2.560s] -- Up-to-date symlink: /home/ass/dev_ws/install/articubot_one/share/articubot_one/description/robot.urdf.xacro
[2.561s] -- Up-to-date symlink: /home/ass/dev_ws/install/articubot_one/share/articubot_one/description/robot_core.xacro
[2.569s] -- Up-to-date symlink: /home/ass/dev_ws/install/articubot_one/share/articubot_one/description/ros2_control.xacro
[2.582s] -- Up-to-date symlink: /home/ass/dev_ws/install/articubot_one/share/articubot_one/launch/ball_tracker.launch.py
[2.588s] -- Up-to-date symlink: /home/ass/dev_ws/install/articubot_one/share/articubot_one/launch/camera.launch.py
[2.589s] -- Up-to-date symlink: /home/ass/dev_ws/install/articubot_one/share/articubot_one/launch/joystick.launch.py
[2.589s] -- Up-to-date symlink: /home/ass/dev_ws/install/articubot_one/share/articubot_one/launch/launch_robot.launch.py
[2.591s] -- Up-to-date symlink: /home/ass/dev_ws/install/articubot_one/share/articubot_one/launch/launch_sim.launch.py
[2.612s] -- Up-to-date symlink: /home/ass/dev_ws/install/articubot_one/share/articubot_one/launch/localization_launch.py
[2.621s] -- Up-to-date symlink: /home/ass/dev_ws/install/articubot_one/share/articubot_one/launch/navigation_launch.py
[2.622s] -- Up-to-date symlink: /home/ass/dev_ws/install/articubot_one/share/articubot_one/launch/online_async_launch.py
[2.623s] -- Up-to-date symlink: /home/ass/dev_ws/install/articubot_one/share/articubot_one/launch/rplidar.launch.py
[2.623s] -- Up-to-date symlink: /home/ass/dev_ws/install/articubot_one/share/articubot_one/launch/rsp.launch.py
[2.628s] -- Up-to-date symlink: /home/ass/dev_ws/install/articubot_one/share/articubot_one/worlds/empty.world
[2.631s] -- Up-to-date symlink: /home/ass/dev_ws/install/articubot_one/share/articubot_one/worlds/obstacles.world
[2.636s] -- Up-to-date symlink: /home/ass/dev_ws/install/articubot_one/share/ament_index/resource_index/package_run_dependencies/articubot_one
[2.638s] -- Up-to-date symlink: /home/ass/dev_ws/install/articubot_one/share/ament_index/resource_index/parent_prefix_path/articubot_one
[2.645s] -- Up-to-date symlink: /home/ass/dev_ws/install/articubot_one/share/articubot_one/environment/ament_prefix_path.sh
[2.649s] -- Up-to-date symlink: /home/ass/dev_ws/install/articubot_one/share/articubot_one/environment/ament_prefix_path.dsv
[2.649s] -- Up-to-date symlink: /home/ass/dev_ws/install/articubot_one/share/articubot_one/environment/path.sh
[2.651s] -- Up-to-date symlink: /home/ass/dev_ws/install/articubot_one/share/articubot_one/environment/path.dsv
[2.653s] -- Up-to-date symlink: /home/ass/dev_ws/install/articubot_one/share/articubot_one/local_setup.bash
[2.655s] -- Up-to-date symlink: /home/ass/dev_ws/install/articubot_one/share/articubot_one/local_setup.sh
[2.655s] -- Up-to-date symlink: /home/ass/dev_ws/install/articubot_one/share/articubot_one/local_setup.zsh
[2.656s] -- Up-to-date symlink: /home/ass/dev_ws/install/articubot_one/share/articubot_one/local_setup.dsv
[2.657s] -- Symlinking: /home/ass/dev_ws/install/articubot_one/share/articubot_one/package.dsv
[2.735s] -- Up-to-date symlink: /home/ass/dev_ws/install/articubot_one/share/ament_index/resource_index/packages/articubot_one
[2.736s] -- Up-to-date symlink: /home/ass/dev_ws/install/articubot_one/share/articubot_one/cmake/articubot_oneConfig.cmake
[2.740s] -- Up-to-date symlink: /home/ass/dev_ws/install/articubot_one/share/articubot_one/cmake/articubot_oneConfig-version.cmake
[2.741s] -- Up-to-date symlink: /home/ass/dev_ws/install/articubot_one/share/articubot_one/package.xml
[2.773s] Invoked command in '/home/ass/dev_ws/build/articubot_one' returned '0': CMAKE_PREFIX_PATH=/opt/ros/humble /usr/bin/cmake --install /home/ass/dev_ws/build/articubot_one
