[1.945s] DEBUG:colcon:Command line arguments: ['/usr/bin/colcon', 'build', '--symlink-install']
[1.945s] DEBUG:colcon:Parsed command line arguments: Namespace(log_base=None, log_level=None, verb_name='build', build_base='build', install_base='install', merge_install=False, symlink_install=True, test_result_base=None, continue_on_error=False, executor='parallel', parallel_workers=4, event_handlers=None, ignore_user_meta=False, metas=['./colcon.meta'], base_paths=['.'], packages_ignore=None, packages_ignore_regex=None, paths=None, packages_up_to=None, packages_up_to_regex=None, packages_above=None, packages_above_and_dependencies=None, packages_above_depth=None, packages_select_by_dep=None, packages_skip_by_dep=None, packages_skip_up_to=None, packages_select_build_failed=False, packages_skip_build_finished=False, packages_select_test_failures=False, packages_skip_test_passed=False, packages_select=None, packages_skip=None, packages_select_regex=None, packages_skip_regex=None, packages_start=None, packages_end=None, allow_overriding=[], cmake_args=None, cmake_target=None, cmake_target_skip_unavailable=False, cmake_clean_cache=False, cmake_clean_first=False, cmake_force_configure=False, ament_cmake_args=None, catkin_cmake_args=None, catkin_skip_building_tests=False, verb_parser=<colcon_defaults.argument_parser.defaults.DefaultArgumentsDecorator object at 0xffff8b599e70>, verb_extension=<colcon_core.verb.build.BuildVerb object at 0xffff8be2ca60>, main=<bound method BuildVerb.main of <colcon_core.verb.build.BuildVerb object at 0xffff8be2ca60>>)
[2.250s] Level 1:colcon.colcon_core.package_discovery:discover_packages(colcon_meta) check parameters
[2.251s] Level 1:colcon.colcon_core.package_discovery:discover_packages(recursive) check parameters
[2.251s] Level 1:colcon.colcon_core.package_discovery:discover_packages(ignore) check parameters
[2.251s] Level 1:colcon.colcon_core.package_discovery:discover_packages(path) check parameters
[2.251s] Level 1:colcon.colcon_core.package_discovery:discover_packages(colcon_meta) discover
[2.251s] Level 1:colcon.colcon_core.package_discovery:discover_packages(recursive) discover
[2.251s] INFO:colcon.colcon_core.package_discovery:Crawling recursively for packages in '/home/ass/dev_ws/src'
[2.252s] Level 1:colcon.colcon_core.package_identification:_identify(.) by extensions ['ignore', 'ignore_ament_install']
[2.252s] Level 1:colcon.colcon_core.package_identification:_identify(.) by extension 'ignore'
[2.253s] Level 1:colcon.colcon_core.package_identification:_identify(.) by extension 'ignore_ament_install'
[2.253s] Level 1:colcon.colcon_core.package_identification:_identify(.) by extensions ['colcon_pkg']
[2.253s] Level 1:colcon.colcon_core.package_identification:_identify(.) by extension 'colcon_pkg'
[2.253s] Level 1:colcon.colcon_core.package_identification:_identify(.) by extensions ['colcon_meta']
[2.253s] Level 1:colcon.colcon_core.package_identification:_identify(.) by extension 'colcon_meta'
[2.254s] Level 1:colcon.colcon_core.package_identification:_identify(.) by extensions ['ros']
[2.254s] Level 1:colcon.colcon_core.package_identification:_identify(.) by extension 'ros'
[2.301s] Level 1:colcon.colcon_core.package_identification:_identify(.) by extensions ['cmake', 'python']
[2.301s] Level 1:colcon.colcon_core.package_identification:_identify(.) by extension 'cmake'
[2.302s] Level 1:colcon.colcon_core.package_identification:_identify(.) by extension 'python'
[2.302s] Level 1:colcon.colcon_core.package_identification:_identify(.) by extensions ['python_setup_py']
[2.302s] Level 1:colcon.colcon_core.package_identification:_identify(.) by extension 'python_setup_py'
[2.302s] Level 1:colcon.colcon_core.package_identification:_identify(articubot_one) by extensions ['ignore', 'ignore_ament_install']
[2.303s] Level 1:colcon.colcon_core.package_identification:_identify(articubot_one) by extension 'ignore'
[2.303s] Level 1:colcon.colcon_core.package_identification:_identify(articubot_one) by extension 'ignore_ament_install'
[2.303s] Level 1:colcon.colcon_core.package_identification:_identify(articubot_one) by extensions ['colcon_pkg']
[2.303s] Level 1:colcon.colcon_core.package_identification:_identify(articubot_one) by extension 'colcon_pkg'
[2.304s] Level 1:colcon.colcon_core.package_identification:_identify(articubot_one) by extensions ['colcon_meta']
[2.304s] Level 1:colcon.colcon_core.package_identification:_identify(articubot_one) by extension 'colcon_meta'
[2.304s] Level 1:colcon.colcon_core.package_identification:_identify(articubot_one) by extensions ['ros']
[2.304s] Level 1:colcon.colcon_core.package_identification:_identify(articubot_one) by extension 'ros'
[2.313s] DEBUG:colcon.colcon_core.package_identification:Package 'articubot_one' with type 'ros.ament_cmake' and name 'articubot_one'
[2.313s] Level 1:colcon.colcon_core.package_identification:_identify(build) by extensions ['ignore', 'ignore_ament_install']
[2.314s] Level 1:colcon.colcon_core.package_identification:_identify(build) by extension 'ignore'
[2.314s] Level 1:colcon.colcon_core.package_identification:_identify(build) ignored
[2.314s] Level 1:colcon.colcon_core.package_identification:_identify(install) by extensions ['ignore', 'ignore_ament_install']
[2.315s] Level 1:colcon.colcon_core.package_identification:_identify(install) by extension 'ignore'
[2.315s] Level 1:colcon.colcon_core.package_identification:_identify(install) ignored
[2.315s] Level 1:colcon.colcon_core.package_identification:_identify(log) by extensions ['ignore', 'ignore_ament_install']
[2.316s] Level 1:colcon.colcon_core.package_identification:_identify(log) by extension 'ignore'
[2.316s] Level 1:colcon.colcon_core.package_identification:_identify(log) ignored
[2.316s] Level 1:colcon.colcon_core.package_identification:_identify(serial) by extensions ['ignore', 'ignore_ament_install']
[2.317s] Level 1:colcon.colcon_core.package_identification:_identify(serial) by extension 'ignore'
[2.317s] Level 1:colcon.colcon_core.package_identification:_identify(serial) by extension 'ignore_ament_install'
[2.317s] Level 1:colcon.colcon_core.package_identification:_identify(serial) by extensions ['colcon_pkg']
[2.317s] Level 1:colcon.colcon_core.package_identification:_identify(serial) by extension 'colcon_pkg'
[2.317s] Level 1:colcon.colcon_core.package_identification:_identify(serial) by extensions ['colcon_meta']
[2.318s] Level 1:colcon.colcon_core.package_identification:_identify(serial) by extension 'colcon_meta'
[2.318s] Level 1:colcon.colcon_core.package_identification:_identify(serial) by extensions ['ros']
[2.318s] Level 1:colcon.colcon_core.package_identification:_identify(serial) by extension 'ros'
[2.320s] DEBUG:colcon.colcon_core.package_identification:Package 'serial' with type 'ros.ament_cmake' and name 'serial'
[2.321s] Level 1:colcon.colcon_core.package_discovery:discover_packages(recursive) using defaults
[2.321s] Level 1:colcon.colcon_core.package_discovery:discover_packages(ignore) discover
[2.321s] Level 1:colcon.colcon_core.package_discovery:discover_packages(ignore) using defaults
[2.321s] Level 1:colcon.colcon_core.package_discovery:discover_packages(path) discover
[2.321s] Level 1:colcon.colcon_core.package_discovery:discover_packages(path) using defaults
[2.485s] Level 1:colcon.colcon_core.package_discovery:discover_packages(prefix_path) check parameters
[2.485s] Level 1:colcon.colcon_core.package_discovery:discover_packages(prefix_path) discover
[2.515s] DEBUG:colcon.colcon_installed_package_information.package_discovery:Found 278 installed packages in /opt/ros/humble
[2.522s] Level 1:colcon.colcon_core.package_discovery:discover_packages(prefix_path) using defaults
[3.071s] Level 5:colcon.colcon_core.verb:set package 'articubot_one' build argument 'cmake_args' from command line to 'None'
[3.071s] Level 5:colcon.colcon_core.verb:set package 'articubot_one' build argument 'cmake_target' from command line to 'None'
[3.071s] Level 5:colcon.colcon_core.verb:set package 'articubot_one' build argument 'cmake_target_skip_unavailable' from command line to 'False'
[3.071s] Level 5:colcon.colcon_core.verb:set package 'articubot_one' build argument 'cmake_clean_cache' from command line to 'False'
[3.071s] Level 5:colcon.colcon_core.verb:set package 'articubot_one' build argument 'cmake_clean_first' from command line to 'False'
[3.071s] Level 5:colcon.colcon_core.verb:set package 'articubot_one' build argument 'cmake_force_configure' from command line to 'False'
[3.072s] Level 5:colcon.colcon_core.verb:set package 'articubot_one' build argument 'ament_cmake_args' from command line to 'None'
[3.072s] Level 5:colcon.colcon_core.verb:set package 'articubot_one' build argument 'catkin_cmake_args' from command line to 'None'
[3.072s] Level 5:colcon.colcon_core.verb:set package 'articubot_one' build argument 'catkin_skip_building_tests' from command line to 'False'
[3.072s] DEBUG:colcon.colcon_core.verb:Building package 'articubot_one' with the following arguments: {'ament_cmake_args': None, 'build_base': '/home/ass/dev_ws/src/build/articubot_one', 'catkin_cmake_args': None, 'catkin_skip_building_tests': False, 'cmake_args': None, 'cmake_clean_cache': False, 'cmake_clean_first': False, 'cmake_force_configure': False, 'cmake_target': None, 'cmake_target_skip_unavailable': False, 'install_base': '/home/ass/dev_ws/src/install/articubot_one', 'merge_install': False, 'path': '/home/ass/dev_ws/src/articubot_one', 'symlink_install': True, 'test_result_base': None}
[3.076s] Level 5:colcon.colcon_core.verb:set package 'serial' build argument 'cmake_args' from command line to 'None'
[3.076s] Level 5:colcon.colcon_core.verb:set package 'serial' build argument 'cmake_target' from command line to 'None'
[3.076s] Level 5:colcon.colcon_core.verb:set package 'serial' build argument 'cmake_target_skip_unavailable' from command line to 'False'
[3.076s] Level 5:colcon.colcon_core.verb:set package 'serial' build argument 'cmake_clean_cache' from command line to 'False'
[3.076s] Level 5:colcon.colcon_core.verb:set package 'serial' build argument 'cmake_clean_first' from command line to 'False'
[3.077s] Level 5:colcon.colcon_core.verb:set package 'serial' build argument 'cmake_force_configure' from command line to 'False'
[3.077s] Level 5:colcon.colcon_core.verb:set package 'serial' build argument 'ament_cmake_args' from command line to 'None'
[3.077s] Level 5:colcon.colcon_core.verb:set package 'serial' build argument 'catkin_cmake_args' from command line to 'None'
[3.077s] Level 5:colcon.colcon_core.verb:set package 'serial' build argument 'catkin_skip_building_tests' from command line to 'False'
[3.077s] DEBUG:colcon.colcon_core.verb:Building package 'serial' with the following arguments: {'ament_cmake_args': None, 'build_base': '/home/ass/dev_ws/src/build/serial', 'catkin_cmake_args': None, 'catkin_skip_building_tests': False, 'cmake_args': None, 'cmake_clean_cache': False, 'cmake_clean_first': False, 'cmake_force_configure': False, 'cmake_target': None, 'cmake_target_skip_unavailable': False, 'install_base': '/home/ass/dev_ws/src/install/serial', 'merge_install': False, 'path': '/home/ass/dev_ws/src/serial', 'symlink_install': True, 'test_result_base': None}
[3.080s] INFO:colcon.colcon_core.executor:Executing jobs using 'parallel' executor
[3.091s] DEBUG:colcon.colcon_parallel_executor.executor.parallel:run_until_complete
[3.093s] INFO:colcon.colcon_ros.task.ament_cmake.build:Building ROS package in '/home/ass/dev_ws/src/articubot_one' with build type 'ament_cmake'
[3.093s] INFO:colcon.colcon_cmake.task.cmake.build:Building CMake package in '/home/ass/dev_ws/src/articubot_one'
[3.140s] INFO:colcon.colcon_core.plugin_system:Skipping extension 'colcon_core.shell.bat': Not used on non-Windows systems
[3.141s] INFO:colcon.colcon_core.shell:Skip shell extension 'powershell' for command environment: Not usable outside of PowerShell
[3.141s] DEBUG:colcon.colcon_core.shell:Skip shell extension 'dsv' for command environment
[3.165s] INFO:colcon.colcon_ros.task.ament_cmake.build:Building ROS package in '/home/ass/dev_ws/src/serial' with build type 'ament_cmake'
[3.165s] INFO:colcon.colcon_cmake.task.cmake.build:Building CMake package in '/home/ass/dev_ws/src/serial'
[3.173s] INFO:colcon.colcon_core.shell:Skip shell extension 'powershell' for command environment: Not usable outside of PowerShell
[3.173s] DEBUG:colcon.colcon_core.shell:Skip shell extension 'dsv' for command environment
[3.215s] DEBUG:colcon.colcon_core.event_handler.log_command:Invoking command in '/home/ass/dev_ws/src/build/articubot_one': CMAKE_PREFIX_PATH=/opt/ros/humble /usr/bin/cmake --build /home/ass/dev_ws/src/build/articubot_one -- -j4 -l4
[3.290s] DEBUG:colcon.colcon_core.event_handler.log_command:Invoking command in '/home/ass/dev_ws/src/build/serial': CMAKE_PREFIX_PATH=/opt/ros/humble /usr/bin/cmake --build /home/ass/dev_ws/src/build/serial -- -j4 -l4
[3.466s] DEBUG:colcon.colcon_core.event_handler.log_command:Invoked command in '/home/ass/dev_ws/src/build/articubot_one' returned '0': CMAKE_PREFIX_PATH=/opt/ros/humble /usr/bin/cmake --build /home/ass/dev_ws/src/build/articubot_one -- -j4 -l4
[3.619s] DEBUG:colcon.colcon_core.event_handler.log_command:Invoking command in '/home/ass/dev_ws/src/build/articubot_one': CMAKE_PREFIX_PATH=/opt/ros/humble /usr/bin/cmake --install /home/ass/dev_ws/src/build/articubot_one
[3.827s] Level 1:colcon.colcon_core.environment:create_environment_scripts_only(articubot_one)
[3.831s] DEBUG:colcon.colcon_core.event_handler.log_command:Invoked command in '/home/ass/dev_ws/src/build/articubot_one' returned '0': CMAKE_PREFIX_PATH=/opt/ros/humble /usr/bin/cmake --install /home/ass/dev_ws/src/build/articubot_one
[3.905s] Level 1:colcon.colcon_core.environment:checking '/home/ass/dev_ws/src/install/articubot_one' for CMake module files
[3.910s] Level 1:colcon.colcon_core.environment:checking '/home/ass/dev_ws/src/install/articubot_one' for CMake config files
[3.912s] Level 1:colcon.colcon_core.shell:create_environment_hook('articubot_one', 'cmake_prefix_path')
[3.917s] INFO:colcon.colcon_core.shell:Creating environment hook '/home/ass/dev_ws/src/install/articubot_one/share/articubot_one/hook/cmake_prefix_path.ps1'
[3.923s] INFO:colcon.colcon_core.shell:Creating environment descriptor '/home/ass/dev_ws/src/install/articubot_one/share/articubot_one/hook/cmake_prefix_path.dsv'
[3.927s] INFO:colcon.colcon_core.shell:Creating environment hook '/home/ass/dev_ws/src/install/articubot_one/share/articubot_one/hook/cmake_prefix_path.sh'
[3.934s] Level 1:colcon.colcon_core.environment:checking '/home/ass/dev_ws/src/install/articubot_one/bin'
[3.934s] Level 1:colcon.colcon_core.environment:checking '/home/ass/dev_ws/src/install/articubot_one/lib/pkgconfig/articubot_one.pc'
[3.935s] Level 1:colcon.colcon_core.environment:checking '/home/ass/dev_ws/src/install/articubot_one/lib/python3.10/site-packages'
[3.936s] Level 1:colcon.colcon_core.environment:checking '/home/ass/dev_ws/src/install/articubot_one/bin'
[3.942s] INFO:colcon.colcon_core.shell:Creating package script '/home/ass/dev_ws/src/install/articubot_one/share/articubot_one/package.ps1'
[3.947s] INFO:colcon.colcon_core.shell:Creating package descriptor '/home/ass/dev_ws/src/install/articubot_one/share/articubot_one/package.dsv'
[3.950s] INFO:colcon.colcon_core.shell:Creating package script '/home/ass/dev_ws/src/install/articubot_one/share/articubot_one/package.sh'
[3.953s] INFO:colcon.colcon_core.shell:Creating package script '/home/ass/dev_ws/src/install/articubot_one/share/articubot_one/package.bash'
[3.956s] INFO:colcon.colcon_core.shell:Creating package script '/home/ass/dev_ws/src/install/articubot_one/share/articubot_one/package.zsh'
[3.959s] Level 1:colcon.colcon_core.environment:create_file_with_runtime_dependencies(/home/ass/dev_ws/src/install/articubot_one/share/colcon-core/packages/articubot_one)
[3.968s] DEBUG:colcon.colcon_core.event_handler.log_command:Invoked command in '/home/ass/dev_ws/src/build/serial' returned '0': CMAKE_PREFIX_PATH=/opt/ros/humble /usr/bin/cmake --build /home/ass/dev_ws/src/build/serial -- -j4 -l4
[4.065s] Level 1:colcon.colcon_core.environment:create_environment_scripts_only(articubot_one)
[4.073s] Level 1:colcon.colcon_core.environment:checking '/home/ass/dev_ws/src/install/articubot_one' for CMake module files
[4.076s] Level 1:colcon.colcon_core.environment:checking '/home/ass/dev_ws/src/install/articubot_one' for CMake config files
[4.078s] Level 1:colcon.colcon_core.shell:create_environment_hook('articubot_one', 'cmake_prefix_path')
[4.084s] INFO:colcon.colcon_core.shell:Creating environment hook '/home/ass/dev_ws/src/install/articubot_one/share/articubot_one/hook/cmake_prefix_path.ps1'
[4.086s] INFO:colcon.colcon_core.shell:Creating environment descriptor '/home/ass/dev_ws/src/install/articubot_one/share/articubot_one/hook/cmake_prefix_path.dsv'
[4.090s] INFO:colcon.colcon_core.shell:Creating environment hook '/home/ass/dev_ws/src/install/articubot_one/share/articubot_one/hook/cmake_prefix_path.sh'
[4.093s] Level 1:colcon.colcon_core.environment:checking '/home/ass/dev_ws/src/install/articubot_one/bin'
[4.093s] Level 1:colcon.colcon_core.environment:checking '/home/ass/dev_ws/src/install/articubot_one/lib/pkgconfig/articubot_one.pc'
[4.094s] Level 1:colcon.colcon_core.environment:checking '/home/ass/dev_ws/src/install/articubot_one/lib/python3.10/site-packages'
[4.095s] Level 1:colcon.colcon_core.environment:checking '/home/ass/dev_ws/src/install/articubot_one/bin'
[4.102s] INFO:colcon.colcon_core.shell:Creating package script '/home/ass/dev_ws/src/install/articubot_one/share/articubot_one/package.ps1'
[4.105s] INFO:colcon.colcon_core.shell:Creating package descriptor '/home/ass/dev_ws/src/install/articubot_one/share/articubot_one/package.dsv'
[4.110s] INFO:colcon.colcon_core.shell:Creating package script '/home/ass/dev_ws/src/install/articubot_one/share/articubot_one/package.sh'
[4.112s] INFO:colcon.colcon_core.shell:Creating package script '/home/ass/dev_ws/src/install/articubot_one/share/articubot_one/package.bash'
[4.114s] INFO:colcon.colcon_core.shell:Creating package script '/home/ass/dev_ws/src/install/articubot_one/share/articubot_one/package.zsh'
[4.117s] Level 1:colcon.colcon_core.environment:create_file_with_runtime_dependencies(/home/ass/dev_ws/src/install/articubot_one/share/colcon-core/packages/articubot_one)
[4.163s] DEBUG:colcon.colcon_core.event_handler.log_command:Invoking command in '/home/ass/dev_ws/src/build/serial': CMAKE_PREFIX_PATH=/opt/ros/humble /usr/bin/cmake --install /home/ass/dev_ws/src/build/serial
[4.276s] Level 1:colcon.colcon_core.environment:create_environment_scripts_only(serial)
[4.286s] Level 1:colcon.colcon_core.environment:checking '/home/ass/dev_ws/src/install/serial' for CMake module files
[4.287s] DEBUG:colcon.colcon_core.event_handler.log_command:Invoked command in '/home/ass/dev_ws/src/build/serial' returned '0': CMAKE_PREFIX_PATH=/opt/ros/humble /usr/bin/cmake --install /home/ass/dev_ws/src/build/serial
[4.290s] Level 1:colcon.colcon_core.environment:checking '/home/ass/dev_ws/src/install/serial' for CMake config files
[4.291s] Level 1:colcon.colcon_core.shell:create_environment_hook('serial', 'cmake_prefix_path')
[4.297s] INFO:colcon.colcon_core.shell:Creating environment hook '/home/ass/dev_ws/src/install/serial/share/serial/hook/cmake_prefix_path.ps1'
[4.299s] INFO:colcon.colcon_core.shell:Creating environment descriptor '/home/ass/dev_ws/src/install/serial/share/serial/hook/cmake_prefix_path.dsv'
[4.309s] INFO:colcon.colcon_core.shell:Creating environment hook '/home/ass/dev_ws/src/install/serial/share/serial/hook/cmake_prefix_path.sh'
[4.313s] Level 1:colcon.colcon_core.environment:checking '/home/ass/dev_ws/src/install/serial/lib'
[4.314s] Level 1:colcon.colcon_core.environment:checking '/home/ass/dev_ws/src/install/serial/bin'
[4.315s] Level 1:colcon.colcon_core.environment:checking '/home/ass/dev_ws/src/install/serial/lib/pkgconfig/serial.pc'
[4.317s] Level 1:colcon.colcon_core.environment:checking '/home/ass/dev_ws/src/install/serial/lib/python3.10/site-packages'
[4.318s] Level 1:colcon.colcon_core.environment:checking '/home/ass/dev_ws/src/install/serial/bin'
[4.325s] INFO:colcon.colcon_core.shell:Creating package script '/home/ass/dev_ws/src/install/serial/share/serial/package.ps1'
[4.328s] INFO:colcon.colcon_core.shell:Creating package descriptor '/home/ass/dev_ws/src/install/serial/share/serial/package.dsv'
[4.331s] INFO:colcon.colcon_core.shell:Creating package script '/home/ass/dev_ws/src/install/serial/share/serial/package.sh'
[4.334s] INFO:colcon.colcon_core.shell:Creating package script '/home/ass/dev_ws/src/install/serial/share/serial/package.bash'
[4.335s] INFO:colcon.colcon_core.shell:Creating package script '/home/ass/dev_ws/src/install/serial/share/serial/package.zsh'
[4.337s] Level 1:colcon.colcon_core.environment:create_file_with_runtime_dependencies(/home/ass/dev_ws/src/install/serial/share/colcon-core/packages/serial)
[4.522s] Level 1:colcon.colcon_core.environment:create_environment_scripts_only(serial)
[4.530s] Level 1:colcon.colcon_core.environment:checking '/home/ass/dev_ws/src/install/serial' for CMake module files
[4.533s] Level 1:colcon.colcon_core.environment:checking '/home/ass/dev_ws/src/install/serial' for CMake config files
[4.535s] Level 1:colcon.colcon_core.shell:create_environment_hook('serial', 'cmake_prefix_path')
[4.540s] INFO:colcon.colcon_core.shell:Creating environment hook '/home/ass/dev_ws/src/install/serial/share/serial/hook/cmake_prefix_path.ps1'
[4.542s] INFO:colcon.colcon_core.shell:Creating environment descriptor '/home/ass/dev_ws/src/install/serial/share/serial/hook/cmake_prefix_path.dsv'
[4.545s] INFO:colcon.colcon_core.shell:Creating environment hook '/home/ass/dev_ws/src/install/serial/share/serial/hook/cmake_prefix_path.sh'
[4.560s] Level 1:colcon.colcon_core.environment:checking '/home/ass/dev_ws/src/install/serial/lib'
[4.561s] Level 1:colcon.colcon_core.environment:checking '/home/ass/dev_ws/src/install/serial/bin'
[4.563s] Level 1:colcon.colcon_core.environment:checking '/home/ass/dev_ws/src/install/serial/lib/pkgconfig/serial.pc'
[4.565s] Level 1:colcon.colcon_core.environment:checking '/home/ass/dev_ws/src/install/serial/lib/python3.10/site-packages'
[4.567s] Level 1:colcon.colcon_core.environment:checking '/home/ass/dev_ws/src/install/serial/bin'
[4.574s] INFO:colcon.colcon_core.shell:Creating package script '/home/ass/dev_ws/src/install/serial/share/serial/package.ps1'
[4.578s] INFO:colcon.colcon_core.shell:Creating package descriptor '/home/ass/dev_ws/src/install/serial/share/serial/package.dsv'
[4.583s] INFO:colcon.colcon_core.shell:Creating package script '/home/ass/dev_ws/src/install/serial/share/serial/package.sh'
[4.586s] INFO:colcon.colcon_core.shell:Creating package script '/home/ass/dev_ws/src/install/serial/share/serial/package.bash'
[4.587s] INFO:colcon.colcon_core.shell:Creating package script '/home/ass/dev_ws/src/install/serial/share/serial/package.zsh'
[4.589s] Level 1:colcon.colcon_core.environment:create_file_with_runtime_dependencies(/home/ass/dev_ws/src/install/serial/share/colcon-core/packages/serial)
[4.590s] DEBUG:colcon.colcon_parallel_executor.executor.parallel:closing loop
[4.592s] DEBUG:colcon.colcon_parallel_executor.executor.parallel:loop closed
[4.592s] DEBUG:colcon.colcon_parallel_executor.executor.parallel:run_until_complete finished with '0'
[4.593s] DEBUG:colcon.colcon_core.event_reactor:joining thread
[4.617s] INFO:colcon.colcon_core.plugin_system:Skipping extension 'colcon_notification.desktop_notification.terminal_notifier': Not used on non-Darwin systems
[4.618s] INFO:colcon.colcon_core.plugin_system:Skipping extension 'colcon_notification.desktop_notification.win32': Not used on non-Windows systems
[4.618s] INFO:colcon.colcon_notification.desktop_notification:Sending desktop notification using 'notify2'
[4.688s] DEBUG:colcon.colcon_core.event_reactor:joined thread
[4.695s] INFO:colcon.colcon_core.shell:Creating prefix script '/home/ass/dev_ws/src/install/local_setup.ps1'
[4.700s] INFO:colcon.colcon_core.shell:Creating prefix util module '/home/ass/dev_ws/src/install/_local_setup_util_ps1.py'
[4.706s] INFO:colcon.colcon_core.shell:Creating prefix chain script '/home/ass/dev_ws/src/install/setup.ps1'
[4.715s] INFO:colcon.colcon_core.shell:Creating prefix script '/home/ass/dev_ws/src/install/local_setup.sh'
[4.720s] INFO:colcon.colcon_core.shell:Creating prefix util module '/home/ass/dev_ws/src/install/_local_setup_util_sh.py'
[4.722s] INFO:colcon.colcon_core.shell:Creating prefix chain script '/home/ass/dev_ws/src/install/setup.sh'
[4.729s] INFO:colcon.colcon_core.shell:Creating prefix script '/home/ass/dev_ws/src/install/local_setup.bash'
[4.733s] INFO:colcon.colcon_core.shell:Creating prefix chain script '/home/ass/dev_ws/src/install/setup.bash'
[4.740s] INFO:colcon.colcon_core.shell:Creating prefix script '/home/ass/dev_ws/src/install/local_setup.zsh'
[4.747s] INFO:colcon.colcon_core.shell:Creating prefix chain script '/home/ass/dev_ws/src/install/setup.zsh'
