[0.176s] Invoking command in '/home/ass/dev_ws/build/diffdrive_arduino': CMAKE_PREFIX_PATH=${CMAKE_PREFIX_PATH}:/home/ass/dev_ws/install/twist_mux_test:/opt/ros/humble /usr/bin/cmake /home/ass/dev_ws/src/diffdrive_arduino -DCMAKE_INSTALL_PREFIX=/home/ass/dev_ws/install/diffdrive_arduino
[0.286s] -- Found ament_cmake: 1.3.5 (/opt/ros/humble/share/ament_cmake/cmake)
[1.350s] -- Override CMake install command with custom implementation using symlinks instead of copying resources
[1.458s] -- Found hardware_interface: 2.28.0 (/opt/ros/humble/share/hardware_interface/cmake)
[1.837s] -- Found rosidl_generator_c: 3.1.4 (/opt/ros/humble/share/rosidl_generator_c/cmake)
[1.867s] -- Found rosidl_adapter: 3.1.4 (/opt/ros/humble/share/rosidl_adapter/cmake)
[1.951s] -- Found rosidl_generator_cpp: 3.1.4 (/opt/ros/humble/share/rosidl_generator_cpp/cmake)
[2.081s] -- Using all available rosidl_typesupport_c: rosidl_typesupport_fastrtps_c;rosidl_typesupport_introspection_c
[2.231s] -- Using all available rosidl_typesupport_cpp: rosidl_typesupport_fastrtps_cpp;rosidl_typesupport_introspection_cpp
[5.710s] -- Found rmw_implementation_cmake: 6.1.1 (/opt/ros/humble/share/rmw_implementation_cmake/cmake)
[5.731s] -- Found rmw_fastrtps_cpp: 6.2.2 (/opt/ros/humble/share/rmw_fastrtps_cpp/cmake)
[6.881s] -- Using RMW implementation 'rmw_fastrtps_cpp' as default
[7.908s] -- Found ament_cmake_gtest: 1.3.5 (/opt/ros/humble/share/ament_cmake_gtest/cmake)
[8.292s] -- Configuring done
[8.567s] -- Generating done
[8.588s] -- Build files have been written to: /home/ass/dev_ws/build/diffdrive_arduino
[8.647s] Invoked command in '/home/ass/dev_ws/build/diffdrive_arduino' returned '0': CMAKE_PREFIX_PATH=${CMAKE_PREFIX_PATH}:/home/ass/dev_ws/install/twist_mux_test:/opt/ros/humble /usr/bin/cmake /home/ass/dev_ws/src/diffdrive_arduino -DCMAKE_INSTALL_PREFIX=/home/ass/dev_ws/install/diffdrive_arduino
[8.655s] Invoking command in '/home/ass/dev_ws/build/diffdrive_arduino': CMAKE_PREFIX_PATH=${CMAKE_PREFIX_PATH}:/home/ass/dev_ws/install/twist_mux_test:/opt/ros/humble /usr/bin/cmake --build /home/ass/dev_ws/build/diffdrive_arduino -- -j4 -l4
[8.859s] [35m[1mConsolidate compiler generated dependencies of target diffdrive_arduino[0m
[8.961s] [100%] Built target diffdrive_arduino
[9.003s] Invoked command in '/home/ass/dev_ws/build/diffdrive_arduino' returned '0': CMAKE_PREFIX_PATH=${CMAKE_PREFIX_PATH}:/home/ass/dev_ws/install/twist_mux_test:/opt/ros/humble /usr/bin/cmake --build /home/ass/dev_ws/build/diffdrive_arduino -- -j4 -l4
[9.150s] Invoking command in '/home/ass/dev_ws/build/diffdrive_arduino': CMAKE_PREFIX_PATH=${CMAKE_PREFIX_PATH}:/home/ass/dev_ws/install/twist_mux_test:/opt/ros/humble /usr/bin/cmake --install /home/ass/dev_ws/build/diffdrive_arduino
[9.182s] -- Install configuration: ""
[9.183s] -- Execute custom install script
[9.184s] -- Up-to-date symlink: /home/ass/dev_ws/install/diffdrive_arduino/share/diffdrive_arduino//diffdrive_arduino.xml
[9.186s] -- Up-to-date symlink: /home/ass/dev_ws/install/diffdrive_arduino/include/diffdrive_arduino/diffdrive_arduino/arduino_comms.hpp
[9.187s] -- Up-to-date symlink: /home/ass/dev_ws/install/diffdrive_arduino/include/diffdrive_arduino/diffdrive_arduino/diffbot_system.hpp
[9.188s] -- Up-to-date symlink: /home/ass/dev_ws/install/diffdrive_arduino/include/diffdrive_arduino/diffdrive_arduino/visibility_control.h
[9.189s] -- Up-to-date symlink: /home/ass/dev_ws/install/diffdrive_arduino/include/diffdrive_arduino/diffdrive_arduino/wheel.hpp
[9.190s] -- Up-to-date symlink: /home/ass/dev_ws/install/diffdrive_arduino/share/diffdrive_arduino/launch/view_robot.launch.py
[9.191s] -- Up-to-date symlink: /home/ass/dev_ws/install/diffdrive_arduino/share/diffdrive_arduino/ros2_control/diffbot.ros2_control.xacro
[9.193s] -- Up-to-date symlink: /home/ass/dev_ws/install/diffdrive_arduino/share/diffdrive_arduino/urdf/diffbot.materials.xacro
[9.193s] -- Up-to-date symlink: /home/ass/dev_ws/install/diffdrive_arduino/share/diffdrive_arduino/urdf/diffbot.urdf.xacro
[9.194s] -- Up-to-date symlink: /home/ass/dev_ws/install/diffdrive_arduino/share/diffdrive_arduino/urdf/diffbot_description.urdf.xacro
[9.196s] -- Up-to-date symlink: /home/ass/dev_ws/install/diffdrive_arduino/share/diffdrive_arduino/rviz/diffbot.rviz
[9.196s] -- Up-to-date symlink: /home/ass/dev_ws/install/diffdrive_arduino/share/diffdrive_arduino/rviz/diffbot_view.rviz
[9.198s] -- Up-to-date symlink: /home/ass/dev_ws/install/diffdrive_arduino/share/diffdrive_arduino/launch/diffbot.launch.py
[9.199s] -- Up-to-date symlink: /home/ass/dev_ws/install/diffdrive_arduino/share/diffdrive_arduino/config/diffbot_controllers.yaml
[9.200s] -- Up-to-date symlink: /home/ass/dev_ws/install/diffdrive_arduino/share/diffdrive_arduino/environment/library_path.sh
[9.201s] -- Up-to-date symlink: /home/ass/dev_ws/install/diffdrive_arduino/share/diffdrive_arduino/environment/library_path.dsv
[9.202s] -- Up-to-date symlink: /home/ass/dev_ws/install/diffdrive_arduino/share/ament_index/resource_index/package_run_dependencies/diffdrive_arduino
[9.203s] -- Up-to-date symlink: /home/ass/dev_ws/install/diffdrive_arduino/share/ament_index/resource_index/parent_prefix_path/diffdrive_arduino
[9.204s] -- Up-to-date symlink: /home/ass/dev_ws/install/diffdrive_arduino/share/diffdrive_arduino/environment/ament_prefix_path.sh
[9.205s] -- Up-to-date symlink: /home/ass/dev_ws/install/diffdrive_arduino/share/diffdrive_arduino/environment/ament_prefix_path.dsv
[9.206s] -- Up-to-date symlink: /home/ass/dev_ws/install/diffdrive_arduino/share/diffdrive_arduino/environment/path.sh
[9.206s] -- Up-to-date symlink: /home/ass/dev_ws/install/diffdrive_arduino/share/diffdrive_arduino/environment/path.dsv
[9.207s] -- Up-to-date symlink: /home/ass/dev_ws/install/diffdrive_arduino/share/diffdrive_arduino/local_setup.bash
[9.208s] -- Up-to-date symlink: /home/ass/dev_ws/install/diffdrive_arduino/share/diffdrive_arduino/local_setup.sh
[9.209s] -- Up-to-date symlink: /home/ass/dev_ws/install/diffdrive_arduino/share/diffdrive_arduino/local_setup.zsh
[9.210s] -- Up-to-date symlink: /home/ass/dev_ws/install/diffdrive_arduino/share/diffdrive_arduino/local_setup.dsv
[9.210s] -- Symlinking: /home/ass/dev_ws/install/diffdrive_arduino/share/diffdrive_arduino/package.dsv
[9.248s] -- Up-to-date symlink: /home/ass/dev_ws/install/diffdrive_arduino/share/ament_index/resource_index/packages/diffdrive_arduino
[9.249s] -- Up-to-date symlink: /home/ass/dev_ws/install/diffdrive_arduino/share/ament_index/resource_index/hardware_interface__pluginlib__plugin/diffdrive_arduino
[9.250s] -- Up-to-date symlink: /home/ass/dev_ws/install/diffdrive_arduino/share/diffdrive_arduino/cmake/ament_cmake_export_targets-extras.cmake
[9.250s] -- Up-to-date symlink: /home/ass/dev_ws/install/diffdrive_arduino/share/diffdrive_arduino/cmake/ament_cmake_export_dependencies-extras.cmake
[9.251s] -- Up-to-date symlink: /home/ass/dev_ws/install/diffdrive_arduino/share/diffdrive_arduino/cmake/diffdrive_arduinoConfig.cmake
[9.253s] -- Up-to-date symlink: /home/ass/dev_ws/install/diffdrive_arduino/share/diffdrive_arduino/cmake/diffdrive_arduinoConfig-version.cmake
[9.253s] -- Up-to-date symlink: /home/ass/dev_ws/install/diffdrive_arduino/share/diffdrive_arduino/package.xml
[9.256s] -- Up-to-date: /home/ass/dev_ws/install/diffdrive_arduino/lib/libdiffdrive_arduino.so
[9.258s] -- Up-to-date: /home/ass/dev_ws/install/diffdrive_arduino/share/diffdrive_arduino/cmake/export_diffdrive_arduinoExport.cmake
[9.258s] -- Up-to-date: /home/ass/dev_ws/install/diffdrive_arduino/share/diffdrive_arduino/cmake/export_diffdrive_arduinoExport-noconfig.cmake
[9.273s] Invoked command in '/home/ass/dev_ws/build/diffdrive_arduino' returned '0': CMAKE_PREFIX_PATH=${CMAKE_PREFIX_PATH}:/home/ass/dev_ws/install/twist_mux_test:/opt/ros/humble /usr/bin/cmake --install /home/ass/dev_ws/build/diffdrive_arduino
