[0.196s] Invoking command in '/home/ass/dev_ws/build/serial': CMAKE_PREFIX_PATH=/opt/ros/humble /usr/bin/cmake --build /home/ass/dev_ws/build/serial -- -j4 -l4
[0.991s] [ 14%] Built target gtest_main
[0.998s] [ 42%] Built target serial
[1.018s] [ 57%] Built target gtest
[1.150s] [ 71%] Built target serial_example
[1.200s] [ 85%] Built target serial-test-timer
[1.282s] [100%] Built target serial-test
[1.816s] Invoked command in '/home/ass/dev_ws/build/serial' returned '0': CMAKE_PREFIX_PATH=/opt/ros/humble /usr/bin/cmake --build /home/ass/dev_ws/build/serial -- -j4 -l4
[2.073s] Invoking command in '/home/ass/dev_ws/build/serial': CMAKE_PREFIX_PATH=/opt/ros/humble /usr/bin/cmake --install /home/ass/dev_ws/build/serial
[2.115s] -- Install configuration: ""
[2.121s] -- Execute custom install script
[2.136s] -- Up-to-date symlink: /home/ass/dev_ws/install/serial/lib/libserial.a
[2.142s] -- Up-to-date symlink: /home/ass/dev_ws/install/serial/include/serial/serial.h
[2.144s] -- Up-to-date symlink: /home/ass/dev_ws/install/serial/include/serial/v8stdint.h
[2.153s] -- Up-to-date symlink: /home/ass/dev_ws/install/serial/share/serial/environment/library_path.sh
[2.159s] -- Up-to-date symlink: /home/ass/dev_ws/install/serial/share/serial/environment/library_path.dsv
[2.169s] -- Up-to-date symlink: /home/ass/dev_ws/install/serial/share/ament_index/resource_index/package_run_dependencies/serial
[2.173s] -- Up-to-date symlink: /home/ass/dev_ws/install/serial/share/ament_index/resource_index/parent_prefix_path/serial
[2.176s] -- Up-to-date symlink: /home/ass/dev_ws/install/serial/share/serial/environment/ament_prefix_path.sh
[2.179s] -- Up-to-date symlink: /home/ass/dev_ws/install/serial/share/serial/environment/ament_prefix_path.dsv
[2.181s] -- Up-to-date symlink: /home/ass/dev_ws/install/serial/share/serial/environment/path.sh
[2.185s] -- Up-to-date symlink: /home/ass/dev_ws/install/serial/share/serial/environment/path.dsv
[2.186s] -- Up-to-date symlink: /home/ass/dev_ws/install/serial/share/serial/local_setup.bash
[2.196s] -- Up-to-date symlink: /home/ass/dev_ws/install/serial/share/serial/local_setup.sh
[2.197s] -- Up-to-date symlink: /home/ass/dev_ws/install/serial/share/serial/local_setup.zsh
[2.198s] -- Up-to-date symlink: /home/ass/dev_ws/install/serial/share/serial/local_setup.dsv
[2.202s] -- Symlinking: /home/ass/dev_ws/install/serial/share/serial/package.dsv
[2.253s] -- Up-to-date symlink: /home/ass/dev_ws/install/serial/share/ament_index/resource_index/packages/serial
[2.264s] -- Up-to-date symlink: /home/ass/dev_ws/install/serial/share/serial/cmake/ament_cmake_export_include_directories-extras.cmake
[2.275s] -- Up-to-date symlink: /home/ass/dev_ws/install/serial/share/serial/cmake/ament_cmake_export_libraries-extras.cmake
[2.276s] -- Up-to-date symlink: /home/ass/dev_ws/install/serial/share/serial/cmake/serialConfig.cmake
[2.278s] -- Up-to-date symlink: /home/ass/dev_ws/install/serial/share/serial/cmake/serialConfig-version.cmake
[2.279s] -- Up-to-date symlink: /home/ass/dev_ws/install/serial/share/serial/package.xml
[2.301s] Invoked command in '/home/ass/dev_ws/build/serial' returned '0': CMAKE_PREFIX_PATH=/opt/ros/humble /usr/bin/cmake --install /home/ass/dev_ws/build/serial
