[0.163s] Invoking command in '/home/ass/dev_ws/build/serial': CMAKE_PREFIX_PATH=${CMAKE_PREFIX_PATH}:/home/ass/dev_ws/install/twist_mux_test:/opt/ros/humble /usr/bin/cmake /home/ass/dev_ws/src/serial -DCMAKE_INSTALL_PREFIX=/home/ass/dev_ws/install/serial
[0.245s] -- Found ament_cmake: 1.3.5 (/opt/ros/humble/share/ament_cmake/cmake)
[1.496s] -- Override CMake install command with custom implementation using symlinks instead of copying resources
[1.551s] -- Found ament_cmake_gtest: 1.3.5 (/opt/ros/humble/share/ament_cmake_gtest/cmake)
[1.581s] -- Found gtest sources under '/opt/ros/humble/src/gtest_vendor': C++ tests using 'Google Test' will be built
[2.076s] -- Configuring done
[2.229s] -- Generating done
[2.268s] -- Build files have been written to: /home/ass/dev_ws/build/serial
[2.325s] Invoked command in '/home/ass/dev_ws/build/serial' returned '0': CMAKE_PREFIX_PATH=${CMAKE_PREFIX_PATH}:/home/ass/dev_ws/install/twist_mux_test:/opt/ros/humble /usr/bin/cmake /home/ass/dev_ws/src/serial -DCMAKE_INSTALL_PREFIX=/home/ass/dev_ws/install/serial
[2.332s] Invoking command in '/home/ass/dev_ws/build/serial': CMAKE_PREFIX_PATH=${CMAKE_PREFIX_PATH}:/home/ass/dev_ws/install/twist_mux_test:/opt/ros/humble /usr/bin/cmake --build /home/ass/dev_ws/build/serial -- -j4 -l4
[2.572s] [35m[1mConsolidate compiler generated dependencies of target gtest[0m
[2.601s] [35m[1mConsolidate compiler generated dependencies of target gtest_main[0m
[2.612s] [35m[1mConsolidate compiler generated dependencies of target serial[0m
[2.735s] [ 14%] Built target gtest_main
[2.747s] [ 28%] Built target gtest
[2.774s] [ 57%] Built target serial
[2.841s] [35m[1mConsolidate compiler generated dependencies of target serial_example[0m
[2.887s] [35m[1mConsolidate compiler generated dependencies of target serial-test[0m
[2.902s] [35m[1mConsolidate compiler generated dependencies of target serial-test-timer[0m
[2.973s] [ 71%] Built target serial_example
[3.061s] [ 85%] Built target serial-test
[3.074s] [100%] Built target serial-test-timer
[3.212s] Invoked command in '/home/ass/dev_ws/build/serial' returned '0': CMAKE_PREFIX_PATH=${CMAKE_PREFIX_PATH}:/home/ass/dev_ws/install/twist_mux_test:/opt/ros/humble /usr/bin/cmake --build /home/ass/dev_ws/build/serial -- -j4 -l4
[3.482s] Invoking command in '/home/ass/dev_ws/build/serial': CMAKE_PREFIX_PATH=${CMAKE_PREFIX_PATH}:/home/ass/dev_ws/install/twist_mux_test:/opt/ros/humble /usr/bin/cmake --install /home/ass/dev_ws/build/serial
[3.521s] -- Install configuration: ""
[3.523s] -- Execute custom install script
[3.526s] -- Up-to-date symlink: /home/ass/dev_ws/install/serial/lib/libserial.a
[3.526s] -- Up-to-date symlink: /home/ass/dev_ws/install/serial/include/serial/serial.h
[3.528s] -- Up-to-date symlink: /home/ass/dev_ws/install/serial/include/serial/v8stdint.h
[3.529s] -- Up-to-date symlink: /home/ass/dev_ws/install/serial/share/serial/environment/library_path.sh
[3.530s] -- Up-to-date symlink: /home/ass/dev_ws/install/serial/share/serial/environment/library_path.dsv
[3.530s] -- Up-to-date symlink: /home/ass/dev_ws/install/serial/share/ament_index/resource_index/package_run_dependencies/serial
[3.531s] -- Up-to-date symlink: /home/ass/dev_ws/install/serial/share/ament_index/resource_index/parent_prefix_path/serial
[3.533s] -- Up-to-date symlink: /home/ass/dev_ws/install/serial/share/serial/environment/ament_prefix_path.sh
[3.534s] -- Up-to-date symlink: /home/ass/dev_ws/install/serial/share/serial/environment/ament_prefix_path.dsv
[3.535s] -- Up-to-date symlink: /home/ass/dev_ws/install/serial/share/serial/environment/path.sh
[3.536s] -- Up-to-date symlink: /home/ass/dev_ws/install/serial/share/serial/environment/path.dsv
[3.537s] -- Up-to-date symlink: /home/ass/dev_ws/install/serial/share/serial/local_setup.bash
[3.538s] -- Up-to-date symlink: /home/ass/dev_ws/install/serial/share/serial/local_setup.sh
[3.539s] -- Up-to-date symlink: /home/ass/dev_ws/install/serial/share/serial/local_setup.zsh
[3.540s] -- Up-to-date symlink: /home/ass/dev_ws/install/serial/share/serial/local_setup.dsv
[3.540s] -- Symlinking: /home/ass/dev_ws/install/serial/share/serial/package.dsv
[3.590s] -- Up-to-date symlink: /home/ass/dev_ws/install/serial/share/ament_index/resource_index/packages/serial
[3.592s] -- Up-to-date symlink: /home/ass/dev_ws/install/serial/share/serial/cmake/ament_cmake_export_include_directories-extras.cmake
[3.595s] -- Up-to-date symlink: /home/ass/dev_ws/install/serial/share/serial/cmake/ament_cmake_export_libraries-extras.cmake
[3.596s] -- Up-to-date symlink: /home/ass/dev_ws/install/serial/share/serial/cmake/serialConfig.cmake
[3.597s] -- Up-to-date symlink: /home/ass/dev_ws/install/serial/share/serial/cmake/serialConfig-version.cmake
[3.598s] -- Up-to-date symlink: /home/ass/dev_ws/install/serial/share/serial/package.xml
[3.615s] Invoked command in '/home/ass/dev_ws/build/serial' returned '0': CMAKE_PREFIX_PATH=${CMAKE_PREFIX_PATH}:/home/ass/dev_ws/install/twist_mux_test:/opt/ros/humble /usr/bin/cmake --install /home/ass/dev_ws/build/serial
