[0.085s] Invoking command in '/home/ass/dev_ws/build/serial': CMAKE_PREFIX_PATH=/opt/ros/humble /usr/bin/cmake /home/ass/dev_ws/src/serial -DCMAKE_INSTALL_PREFIX=/home/ass/dev_ws/install/serial
[0.155s] -- Found ament_cmake: 1.3.5 (/opt/ros/humble/share/ament_cmake/cmake)
[0.940s] -- Override CMake install command with custom implementation using symlinks instead of copying resources
[1.009s] -- Found ament_cmake_gtest: 1.3.5 (/opt/ros/humble/share/ament_cmake_gtest/cmake)
[1.053s] -- Found gtest sources under '/opt/ros/humble/src/gtest_vendor': C++ tests using 'Google Test' will be built
[1.459s] -- Configuring done
[1.568s] -- Generating done
[1.591s] -- Build files have been written to: /home/ass/dev_ws/build/serial
[1.603s] Invoked command in '/home/ass/dev_ws/build/serial' returned '0': CMAKE_PREFIX_PATH=/opt/ros/humble /usr/bin/cmake /home/ass/dev_ws/src/serial -DCMAKE_INSTALL_PREFIX=/home/ass/dev_ws/install/serial
[1.610s] Invoking command in '/home/ass/dev_ws/build/serial': CMAKE_PREFIX_PATH=/opt/ros/humble /usr/bin/cmake --build /home/ass/dev_ws/build/serial -- -j4 -l4
[1.774s] [35m[1mConsolidate compiler generated dependencies of target gtest[0m
[1.791s] [35m[1mConsolidate compiler generated dependencies of target serial[0m
[1.795s] [35m[1mConsolidate compiler generated dependencies of target gtest_main[0m
[1.867s] [ 28%] Built target serial
[1.869s] [ 42%] Built target gtest
[1.875s] [ 57%] Built target gtest_main
[1.928s] [35m[1mConsolidate compiler generated dependencies of target serial-test-timer[0m
[1.929s] [35m[1mConsolidate compiler generated dependencies of target serial-test[0m
[1.934s] [35m[1mConsolidate compiler generated dependencies of target serial_example[0m
[2.000s] [ 71%] Built target serial_example
[2.006s] [ 85%] Built target serial-test-timer
[2.017s] [100%] Built target serial-test
[2.061s] Invoked command in '/home/ass/dev_ws/build/serial' returned '0': CMAKE_PREFIX_PATH=/opt/ros/humble /usr/bin/cmake --build /home/ass/dev_ws/build/serial -- -j4 -l4
[2.315s] Invoking command in '/home/ass/dev_ws/build/serial': CMAKE_PREFIX_PATH=/opt/ros/humble /usr/bin/cmake --install /home/ass/dev_ws/build/serial
[2.342s] -- Install configuration: ""
[2.344s] -- Execute custom install script
[2.346s] -- Up-to-date symlink: /home/ass/dev_ws/install/serial/lib/libserial.a
[2.347s] -- Up-to-date symlink: /home/ass/dev_ws/install/serial/include/serial/serial.h
[2.349s] -- Up-to-date symlink: /home/ass/dev_ws/install/serial/include/serial/v8stdint.h
[2.351s] -- Up-to-date symlink: /home/ass/dev_ws/install/serial/share/serial/environment/library_path.sh
[2.353s] -- Up-to-date symlink: /home/ass/dev_ws/install/serial/share/serial/environment/library_path.dsv
[2.354s] -- Up-to-date symlink: /home/ass/dev_ws/install/serial/share/ament_index/resource_index/package_run_dependencies/serial
[2.356s] -- Up-to-date symlink: /home/ass/dev_ws/install/serial/share/ament_index/resource_index/parent_prefix_path/serial
[2.358s] -- Up-to-date symlink: /home/ass/dev_ws/install/serial/share/serial/environment/ament_prefix_path.sh
[2.359s] -- Up-to-date symlink: /home/ass/dev_ws/install/serial/share/serial/environment/ament_prefix_path.dsv
[2.360s] -- Up-to-date symlink: /home/ass/dev_ws/install/serial/share/serial/environment/path.sh
[2.362s] -- Up-to-date symlink: /home/ass/dev_ws/install/serial/share/serial/environment/path.dsv
[2.362s] -- Up-to-date symlink: /home/ass/dev_ws/install/serial/share/serial/local_setup.bash
[2.363s] -- Up-to-date symlink: /home/ass/dev_ws/install/serial/share/serial/local_setup.sh
[2.363s] -- Up-to-date symlink: /home/ass/dev_ws/install/serial/share/serial/local_setup.zsh
[2.364s] -- Up-to-date symlink: /home/ass/dev_ws/install/serial/share/serial/local_setup.dsv
[2.365s] -- Symlinking: /home/ass/dev_ws/install/serial/share/serial/package.dsv
[2.398s] -- Up-to-date symlink: /home/ass/dev_ws/install/serial/share/ament_index/resource_index/packages/serial
[2.399s] -- Up-to-date symlink: /home/ass/dev_ws/install/serial/share/serial/cmake/ament_cmake_export_include_directories-extras.cmake
[2.401s] -- Up-to-date symlink: /home/ass/dev_ws/install/serial/share/serial/cmake/ament_cmake_export_libraries-extras.cmake
[2.401s] -- Up-to-date symlink: /home/ass/dev_ws/install/serial/share/serial/cmake/serialConfig.cmake
[2.402s] -- Up-to-date symlink: /home/ass/dev_ws/install/serial/share/serial/cmake/serialConfig-version.cmake
[2.403s] -- Up-to-date symlink: /home/ass/dev_ws/install/serial/share/serial/package.xml
[2.476s] Invoked command in '/home/ass/dev_ws/build/serial' returned '0': CMAKE_PREFIX_PATH=/opt/ros/humble /usr/bin/cmake --install /home/ass/dev_ws/build/serial
