[0.185s] Invoking command in '/home/ass/dev_ws/src/build/serial': CMAKE_PREFIX_PATH=/opt/ros/humble /usr/bin/cmake --build /home/ass/dev_ws/src/build/serial -- -j4 -l4
[0.566s] [35m[1mConsolidate compiler generated dependencies of target gtest_main[0m
[0.572s] [35m[1mConsolidate compiler generated dependencies of target gtest[0m
[0.575s] [35m[1mConsolidate compiler generated dependencies of target serial[0m
[0.652s] [ 14%] Built target gtest_main
[0.655s] [ 28%] Built target gtest
[0.668s] [ 57%] Built target serial
[0.733s] [35m[1mConsolidate compiler generated dependencies of target serial-test[0m
[0.735s] [35m[1mConsolidate compiler generated dependencies of target serial_example[0m
[0.737s] [35m[1mConsolidate compiler generated dependencies of target serial-test-timer[0m
[0.812s] [ 71%] Built target serial_example
[0.827s] [ 85%] Built target serial-test-timer
[0.832s] [100%] Built target serial-test
[0.876s] Invoked command in '/home/ass/dev_ws/src/build/serial' returned '0': CMAKE_PREFIX_PATH=/opt/ros/humble /usr/bin/cmake --build /home/ass/dev_ws/src/build/serial -- -j4 -l4
[1.077s] Invoking command in '/home/ass/dev_ws/src/build/serial': CMAKE_PREFIX_PATH=/opt/ros/humble /usr/bin/cmake --install /home/ass/dev_ws/src/build/serial
[1.107s] -- Install configuration: ""
[1.110s] -- Execute custom install script
[1.115s] -- Up-to-date symlink: /home/ass/dev_ws/src/install/serial/lib/libserial.a
[1.119s] -- Up-to-date symlink: /home/ass/dev_ws/src/install/serial/include/serial/serial.h
[1.119s] -- Up-to-date symlink: /home/ass/dev_ws/src/install/serial/include/serial/v8stdint.h
[1.124s] -- Up-to-date symlink: /home/ass/dev_ws/src/install/serial/share/serial/environment/library_path.sh
[1.126s] -- Up-to-date symlink: /home/ass/dev_ws/src/install/serial/share/serial/environment/library_path.dsv
[1.132s] -- Up-to-date symlink: /home/ass/dev_ws/src/install/serial/share/ament_index/resource_index/package_run_dependencies/serial
[1.136s] -- Up-to-date symlink: /home/ass/dev_ws/src/install/serial/share/ament_index/resource_index/parent_prefix_path/serial
[1.138s] -- Up-to-date symlink: /home/ass/dev_ws/src/install/serial/share/serial/environment/ament_prefix_path.sh
[1.140s] -- Up-to-date symlink: /home/ass/dev_ws/src/install/serial/share/serial/environment/ament_prefix_path.dsv
[1.143s] -- Up-to-date symlink: /home/ass/dev_ws/src/install/serial/share/serial/environment/path.sh
[1.144s] -- Up-to-date symlink: /home/ass/dev_ws/src/install/serial/share/serial/environment/path.dsv
[1.146s] -- Up-to-date symlink: /home/ass/dev_ws/src/install/serial/share/serial/local_setup.bash
[1.149s] -- Up-to-date symlink: /home/ass/dev_ws/src/install/serial/share/serial/local_setup.sh
[1.151s] -- Up-to-date symlink: /home/ass/dev_ws/src/install/serial/share/serial/local_setup.zsh
[1.153s] -- Up-to-date symlink: /home/ass/dev_ws/src/install/serial/share/serial/local_setup.dsv
[1.154s] -- Symlinking: /home/ass/dev_ws/src/install/serial/share/serial/package.dsv
[1.193s] -- Up-to-date symlink: /home/ass/dev_ws/src/install/serial/share/ament_index/resource_index/packages/serial
[1.197s] -- Up-to-date symlink: /home/ass/dev_ws/src/install/serial/share/serial/cmake/ament_cmake_export_include_directories-extras.cmake
[1.201s] -- Up-to-date symlink: /home/ass/dev_ws/src/install/serial/share/serial/cmake/ament_cmake_export_libraries-extras.cmake
[1.211s] -- Up-to-date symlink: /home/ass/dev_ws/src/install/serial/share/serial/cmake/serialConfig.cmake
[1.211s] -- Up-to-date symlink: /home/ass/dev_ws/src/install/serial/share/serial/cmake/serialConfig-version.cmake
[1.212s] -- Up-to-date symlink: /home/ass/dev_ws/src/install/serial/share/serial/package.xml
[1.235s] Invoked command in '/home/ass/dev_ws/src/build/serial' returned '0': CMAKE_PREFIX_PATH=/opt/ros/humble /usr/bin/cmake --install /home/ass/dev_ws/src/build/serial
