[1.481s] DEBUG:colcon:Command line arguments: ['/usr/bin/colcon', 'build']
[1.481s] DEBUG:colcon:Parsed command line arguments: Namespace(log_base=None, log_level=None, verb_name='build', build_base='build', install_base='install', merge_install=False, symlink_install=False, test_result_base=None, continue_on_error=False, executor='parallel', parallel_workers=4, event_handlers=None, ignore_user_meta=False, metas=['./colcon.meta'], base_paths=['.'], packages_ignore=None, packages_ignore_regex=None, paths=None, packages_up_to=None, packages_up_to_regex=None, packages_above=None, packages_above_and_dependencies=None, packages_above_depth=None, packages_select_by_dep=None, packages_skip_by_dep=None, packages_skip_up_to=None, packages_select_build_failed=False, packages_skip_build_finished=False, packages_select_test_failures=False, packages_skip_test_passed=False, packages_select=None, packages_skip=None, packages_select_regex=None, packages_skip_regex=None, packages_start=None, packages_end=None, allow_overriding=[], cmake_args=None, cmake_target=None, cmake_target_skip_unavailable=False, cmake_clean_cache=False, cmake_clean_first=False, cmake_force_configure=False, ament_cmake_args=None, catkin_cmake_args=None, catkin_skip_building_tests=False, verb_parser=<colcon_defaults.argument_parser.defaults.DefaultArgumentsDecorator object at 0xffffb1a9b1f0>, verb_extension=<colcon_core.verb.build.BuildVerb object at 0xffffb23491e0>, main=<bound method BuildVerb.main of <colcon_core.verb.build.BuildVerb object at 0xffffb23491e0>>)
[1.651s] Level 1:colcon.colcon_core.package_discovery:discover_packages(colcon_meta) check parameters
[1.652s] Level 1:colcon.colcon_core.package_discovery:discover_packages(recursive) check parameters
[1.652s] Level 1:colcon.colcon_core.package_discovery:discover_packages(ignore) check parameters
[1.652s] Level 1:colcon.colcon_core.package_discovery:discover_packages(path) check parameters
[1.652s] Level 1:colcon.colcon_core.package_discovery:discover_packages(colcon_meta) discover
[1.653s] Level 1:colcon.colcon_core.package_discovery:discover_packages(recursive) discover
[1.653s] INFO:colcon.colcon_core.package_discovery:Crawling recursively for packages in '/home/ass/dev_ws'
[1.653s] Level 1:colcon.colcon_core.package_identification:_identify(.) by extensions ['ignore', 'ignore_ament_install']
[1.654s] Level 1:colcon.colcon_core.package_identification:_identify(.) by extension 'ignore'
[1.654s] Level 1:colcon.colcon_core.package_identification:_identify(.) by extension 'ignore_ament_install'
[1.655s] Level 1:colcon.colcon_core.package_identification:_identify(.) by extensions ['colcon_pkg']
[1.655s] Level 1:colcon.colcon_core.package_identification:_identify(.) by extension 'colcon_pkg'
[1.656s] Level 1:colcon.colcon_core.package_identification:_identify(.) by extensions ['colcon_meta']
[1.656s] Level 1:colcon.colcon_core.package_identification:_identify(.) by extension 'colcon_meta'
[1.657s] Level 1:colcon.colcon_core.package_identification:_identify(.) by extensions ['ros']
[1.657s] Level 1:colcon.colcon_core.package_identification:_identify(.) by extension 'ros'
[1.732s] Level 1:colcon.colcon_core.package_identification:_identify(.) by extensions ['cmake', 'python']
[1.732s] Level 1:colcon.colcon_core.package_identification:_identify(.) by extension 'cmake'
[1.733s] Level 1:colcon.colcon_core.package_identification:_identify(.) by extension 'python'
[1.734s] Level 1:colcon.colcon_core.package_identification:_identify(.) by extensions ['python_setup_py']
[1.734s] Level 1:colcon.colcon_core.package_identification:_identify(.) by extension 'python_setup_py'
[1.735s] Level 1:colcon.colcon_core.package_identification:_identify(build) by extensions ['ignore', 'ignore_ament_install']
[1.736s] Level 1:colcon.colcon_core.package_identification:_identify(build) by extension 'ignore'
[1.737s] Level 1:colcon.colcon_core.package_identification:_identify(build) ignored
[1.738s] Level 1:colcon.colcon_core.package_identification:_identify(install) by extensions ['ignore', 'ignore_ament_install']
[1.739s] Level 1:colcon.colcon_core.package_identification:_identify(install) by extension 'ignore'
[1.740s] Level 1:colcon.colcon_core.package_identification:_identify(install) ignored
[1.741s] Level 1:colcon.colcon_core.package_identification:_identify(log) by extensions ['ignore', 'ignore_ament_install']
[1.742s] Level 1:colcon.colcon_core.package_identification:_identify(log) by extension 'ignore'
[1.742s] Level 1:colcon.colcon_core.package_identification:_identify(log) ignored
[1.743s] Level 1:colcon.colcon_core.package_identification:_identify(src) by extensions ['ignore', 'ignore_ament_install']
[1.744s] Level 1:colcon.colcon_core.package_identification:_identify(src) by extension 'ignore'
[1.745s] Level 1:colcon.colcon_core.package_identification:_identify(src) by extension 'ignore_ament_install'
[1.745s] Level 1:colcon.colcon_core.package_identification:_identify(src) by extensions ['colcon_pkg']
[1.746s] Level 1:colcon.colcon_core.package_identification:_identify(src) by extension 'colcon_pkg'
[1.746s] Level 1:colcon.colcon_core.package_identification:_identify(src) by extensions ['colcon_meta']
[1.746s] Level 1:colcon.colcon_core.package_identification:_identify(src) by extension 'colcon_meta'
[1.747s] Level 1:colcon.colcon_core.package_identification:_identify(src) by extensions ['ros']
[1.747s] Level 1:colcon.colcon_core.package_identification:_identify(src) by extension 'ros'
[1.748s] Level 1:colcon.colcon_core.package_identification:_identify(src) by extensions ['cmake', 'python']
[1.749s] Level 1:colcon.colcon_core.package_identification:_identify(src) by extension 'cmake'
[1.749s] Level 1:colcon.colcon_core.package_identification:_identify(src) by extension 'python'
[1.750s] Level 1:colcon.colcon_core.package_identification:_identify(src) by extensions ['python_setup_py']
[1.751s] Level 1:colcon.colcon_core.package_identification:_identify(src) by extension 'python_setup_py'
[1.752s] Level 1:colcon.colcon_core.package_identification:_identify(src/articubot_one) by extensions ['ignore', 'ignore_ament_install']
[1.753s] Level 1:colcon.colcon_core.package_identification:_identify(src/articubot_one) by extension 'ignore'
[1.753s] Level 1:colcon.colcon_core.package_identification:_identify(src/articubot_one) by extension 'ignore_ament_install'
[1.754s] Level 1:colcon.colcon_core.package_identification:_identify(src/articubot_one) by extensions ['colcon_pkg']
[1.754s] Level 1:colcon.colcon_core.package_identification:_identify(src/articubot_one) by extension 'colcon_pkg'
[1.755s] Level 1:colcon.colcon_core.package_identification:_identify(src/articubot_one) by extensions ['colcon_meta']
[1.756s] Level 1:colcon.colcon_core.package_identification:_identify(src/articubot_one) by extension 'colcon_meta'
[1.756s] Level 1:colcon.colcon_core.package_identification:_identify(src/articubot_one) by extensions ['ros']
[1.757s] Level 1:colcon.colcon_core.package_identification:_identify(src/articubot_one) by extension 'ros'
[1.770s] DEBUG:colcon.colcon_core.package_identification:Package 'src/articubot_one' with type 'ros.ament_cmake' and name 'articubot_one'
[1.771s] Level 1:colcon.colcon_core.package_identification:_identify(src/build) by extensions ['ignore', 'ignore_ament_install']
[1.772s] Level 1:colcon.colcon_core.package_identification:_identify(src/build) by extension 'ignore'
[1.772s] Level 1:colcon.colcon_core.package_identification:_identify(src/build) ignored
[1.773s] Level 1:colcon.colcon_core.package_identification:_identify(src/diffdrive_arduino) by extensions ['ignore', 'ignore_ament_install']
[1.774s] Level 1:colcon.colcon_core.package_identification:_identify(src/diffdrive_arduino) by extension 'ignore'
[1.774s] Level 1:colcon.colcon_core.package_identification:_identify(src/diffdrive_arduino) by extension 'ignore_ament_install'
[1.775s] Level 1:colcon.colcon_core.package_identification:_identify(src/diffdrive_arduino) by extensions ['colcon_pkg']
[1.775s] Level 1:colcon.colcon_core.package_identification:_identify(src/diffdrive_arduino) by extension 'colcon_pkg'
[1.775s] Level 1:colcon.colcon_core.package_identification:_identify(src/diffdrive_arduino) by extensions ['colcon_meta']
[1.776s] Level 1:colcon.colcon_core.package_identification:_identify(src/diffdrive_arduino) by extension 'colcon_meta'
[1.776s] Level 1:colcon.colcon_core.package_identification:_identify(src/diffdrive_arduino) by extensions ['ros']
[1.776s] Level 1:colcon.colcon_core.package_identification:_identify(src/diffdrive_arduino) by extension 'ros'
[1.781s] DEBUG:colcon.colcon_core.package_identification:Package 'src/diffdrive_arduino' with type 'ros.ament_cmake' and name 'diffdrive_arduino'
[1.782s] Level 1:colcon.colcon_core.package_identification:_identify(src/install) by extensions ['ignore', 'ignore_ament_install']
[1.782s] Level 1:colcon.colcon_core.package_identification:_identify(src/install) by extension 'ignore'
[1.782s] Level 1:colcon.colcon_core.package_identification:_identify(src/install) ignored
[1.783s] Level 1:colcon.colcon_core.package_identification:_identify(src/log) by extensions ['ignore', 'ignore_ament_install']
[1.784s] Level 1:colcon.colcon_core.package_identification:_identify(src/log) by extension 'ignore'
[1.784s] Level 1:colcon.colcon_core.package_identification:_identify(src/log) ignored
[1.784s] Level 1:colcon.colcon_core.package_identification:_identify(src/serial) by extensions ['ignore', 'ignore_ament_install']
[1.785s] Level 1:colcon.colcon_core.package_identification:_identify(src/serial) by extension 'ignore'
[1.785s] Level 1:colcon.colcon_core.package_identification:_identify(src/serial) by extension 'ignore_ament_install'
[1.785s] Level 1:colcon.colcon_core.package_identification:_identify(src/serial) by extensions ['colcon_pkg']
[1.786s] Level 1:colcon.colcon_core.package_identification:_identify(src/serial) by extension 'colcon_pkg'
[1.786s] Level 1:colcon.colcon_core.package_identification:_identify(src/serial) by extensions ['colcon_meta']
[1.786s] Level 1:colcon.colcon_core.package_identification:_identify(src/serial) by extension 'colcon_meta'
[1.786s] Level 1:colcon.colcon_core.package_identification:_identify(src/serial) by extensions ['ros']
[1.786s] Level 1:colcon.colcon_core.package_identification:_identify(src/serial) by extension 'ros'
[1.789s] DEBUG:colcon.colcon_core.package_identification:Package 'src/serial' with type 'ros.ament_cmake' and name 'serial'
[1.789s] Level 1:colcon.colcon_core.package_discovery:discover_packages(recursive) using defaults
[1.789s] Level 1:colcon.colcon_core.package_discovery:discover_packages(ignore) discover
[1.790s] Level 1:colcon.colcon_core.package_discovery:discover_packages(ignore) using defaults
[1.790s] Level 1:colcon.colcon_core.package_discovery:discover_packages(path) discover
[1.790s] Level 1:colcon.colcon_core.package_discovery:discover_packages(path) using defaults
[1.921s] Level 1:colcon.colcon_core.package_discovery:discover_packages(prefix_path) check parameters
[1.921s] Level 1:colcon.colcon_core.package_discovery:discover_packages(prefix_path) discover
[1.939s] DEBUG:colcon.colcon_installed_package_information.package_discovery:Found 3 installed packages in /home/ass/dev_ws/install
[1.951s] DEBUG:colcon.colcon_installed_package_information.package_discovery:Found 289 installed packages in /opt/ros/humble
[1.959s] Level 1:colcon.colcon_core.package_discovery:discover_packages(prefix_path) using defaults
[2.292s] Level 5:colcon.colcon_core.verb:set package 'articubot_one' build argument 'cmake_args' from command line to 'None'
[2.293s] Level 5:colcon.colcon_core.verb:set package 'articubot_one' build argument 'cmake_target' from command line to 'None'
[2.293s] Level 5:colcon.colcon_core.verb:set package 'articubot_one' build argument 'cmake_target_skip_unavailable' from command line to 'False'
[2.293s] Level 5:colcon.colcon_core.verb:set package 'articubot_one' build argument 'cmake_clean_cache' from command line to 'False'
[2.293s] Level 5:colcon.colcon_core.verb:set package 'articubot_one' build argument 'cmake_clean_first' from command line to 'False'
[2.294s] Level 5:colcon.colcon_core.verb:set package 'articubot_one' build argument 'cmake_force_configure' from command line to 'False'
[2.294s] Level 5:colcon.colcon_core.verb:set package 'articubot_one' build argument 'ament_cmake_args' from command line to 'None'
[2.295s] Level 5:colcon.colcon_core.verb:set package 'articubot_one' build argument 'catkin_cmake_args' from command line to 'None'
[2.295s] Level 5:colcon.colcon_core.verb:set package 'articubot_one' build argument 'catkin_skip_building_tests' from command line to 'False'
[2.296s] DEBUG:colcon.colcon_core.verb:Building package 'articubot_one' with the following arguments: {'ament_cmake_args': None, 'build_base': '/home/ass/dev_ws/build/articubot_one', 'catkin_cmake_args': None, 'catkin_skip_building_tests': False, 'cmake_args': None, 'cmake_clean_cache': False, 'cmake_clean_first': False, 'cmake_force_configure': False, 'cmake_target': None, 'cmake_target_skip_unavailable': False, 'install_base': '/home/ass/dev_ws/install/articubot_one', 'merge_install': False, 'path': '/home/ass/dev_ws/src/articubot_one', 'symlink_install': False, 'test_result_base': None}
[2.302s] Level 5:colcon.colcon_core.verb:set package 'diffdrive_arduino' build argument 'cmake_args' from command line to 'None'
[2.303s] Level 5:colcon.colcon_core.verb:set package 'diffdrive_arduino' build argument 'cmake_target' from command line to 'None'
[2.303s] Level 5:colcon.colcon_core.verb:set package 'diffdrive_arduino' build argument 'cmake_target_skip_unavailable' from command line to 'False'
[2.303s] Level 5:colcon.colcon_core.verb:set package 'diffdrive_arduino' build argument 'cmake_clean_cache' from command line to 'False'
[2.304s] Level 5:colcon.colcon_core.verb:set package 'diffdrive_arduino' build argument 'cmake_clean_first' from command line to 'False'
[2.304s] Level 5:colcon.colcon_core.verb:set package 'diffdrive_arduino' build argument 'cmake_force_configure' from command line to 'False'
[2.304s] Level 5:colcon.colcon_core.verb:set package 'diffdrive_arduino' build argument 'ament_cmake_args' from command line to 'None'
[2.304s] Level 5:colcon.colcon_core.verb:set package 'diffdrive_arduino' build argument 'catkin_cmake_args' from command line to 'None'
[2.305s] Level 5:colcon.colcon_core.verb:set package 'diffdrive_arduino' build argument 'catkin_skip_building_tests' from command line to 'False'
[2.305s] DEBUG:colcon.colcon_core.verb:Building package 'diffdrive_arduino' with the following arguments: {'ament_cmake_args': None, 'build_base': '/home/ass/dev_ws/build/diffdrive_arduino', 'catkin_cmake_args': None, 'catkin_skip_building_tests': False, 'cmake_args': None, 'cmake_clean_cache': False, 'cmake_clean_first': False, 'cmake_force_configure': False, 'cmake_target': None, 'cmake_target_skip_unavailable': False, 'install_base': '/home/ass/dev_ws/install/diffdrive_arduino', 'merge_install': False, 'path': '/home/ass/dev_ws/src/diffdrive_arduino', 'symlink_install': False, 'test_result_base': None}
[2.311s] Level 5:colcon.colcon_core.verb:set package 'serial' build argument 'cmake_args' from command line to 'None'
[2.311s] Level 5:colcon.colcon_core.verb:set package 'serial' build argument 'cmake_target' from command line to 'None'
[2.312s] Level 5:colcon.colcon_core.verb:set package 'serial' build argument 'cmake_target_skip_unavailable' from command line to 'False'
[2.312s] Level 5:colcon.colcon_core.verb:set package 'serial' build argument 'cmake_clean_cache' from command line to 'False'
[2.312s] Level 5:colcon.colcon_core.verb:set package 'serial' build argument 'cmake_clean_first' from command line to 'False'
[2.312s] Level 5:colcon.colcon_core.verb:set package 'serial' build argument 'cmake_force_configure' from command line to 'False'
[2.313s] Level 5:colcon.colcon_core.verb:set package 'serial' build argument 'ament_cmake_args' from command line to 'None'
[2.313s] Level 5:colcon.colcon_core.verb:set package 'serial' build argument 'catkin_cmake_args' from command line to 'None'
[2.313s] Level 5:colcon.colcon_core.verb:set package 'serial' build argument 'catkin_skip_building_tests' from command line to 'False'
[2.314s] DEBUG:colcon.colcon_core.verb:Building package 'serial' with the following arguments: {'ament_cmake_args': None, 'build_base': '/home/ass/dev_ws/build/serial', 'catkin_cmake_args': None, 'catkin_skip_building_tests': False, 'cmake_args': None, 'cmake_clean_cache': False, 'cmake_clean_first': False, 'cmake_force_configure': False, 'cmake_target': None, 'cmake_target_skip_unavailable': False, 'install_base': '/home/ass/dev_ws/install/serial', 'merge_install': False, 'path': '/home/ass/dev_ws/src/serial', 'symlink_install': False, 'test_result_base': None}
[2.320s] INFO:colcon.colcon_core.executor:Executing jobs using 'parallel' executor
[2.352s] DEBUG:colcon.colcon_parallel_executor.executor.parallel:run_until_complete
[2.355s] INFO:colcon.colcon_ros.task.ament_cmake.build:Building ROS package in '/home/ass/dev_ws/src/articubot_one' with build type 'ament_cmake'
[2.358s] INFO:colcon.colcon_cmake.task.cmake.build:Building CMake package in '/home/ass/dev_ws/src/articubot_one'
[2.398s] INFO:colcon.colcon_core.plugin_system:Skipping extension 'colcon_core.shell.bat': Not used on non-Windows systems
[2.400s] INFO:colcon.colcon_core.shell:Skip shell extension 'powershell' for command environment: Not usable outside of PowerShell
[2.401s] DEBUG:colcon.colcon_core.shell:Skip shell extension 'dsv' for command environment
[2.441s] INFO:colcon.colcon_ros.task.ament_cmake.build:Building ROS package in '/home/ass/dev_ws/src/diffdrive_arduino' with build type 'ament_cmake'
[2.447s] INFO:colcon.colcon_cmake.task.cmake.build:Building CMake package in '/home/ass/dev_ws/src/diffdrive_arduino'
[2.462s] INFO:colcon.colcon_core.shell:Skip shell extension 'powershell' for command environment: Not usable outside of PowerShell
[2.463s] DEBUG:colcon.colcon_core.shell:Skip shell extension 'dsv' for command environment
[2.506s] INFO:colcon.colcon_ros.task.ament_cmake.build:Building ROS package in '/home/ass/dev_ws/src/serial' with build type 'ament_cmake'
[2.507s] INFO:colcon.colcon_cmake.task.cmake.build:Building CMake package in '/home/ass/dev_ws/src/serial'
[2.514s] INFO:colcon.colcon_core.shell:Skip shell extension 'powershell' for command environment: Not usable outside of PowerShell
[2.515s] DEBUG:colcon.colcon_core.shell:Skip shell extension 'dsv' for command environment
[2.617s] DEBUG:colcon.colcon_core.event_handler.log_command:Invoking command in '/home/ass/dev_ws/build/articubot_one': CMAKE_PREFIX_PATH=${CMAKE_PREFIX_PATH}:/opt/ros/humble /usr/bin/cmake --build /home/ass/dev_ws/build/articubot_one -- -j4 -l4
[2.637s] DEBUG:colcon.colcon_core.event_handler.log_command:Invoking command in '/home/ass/dev_ws/build/diffdrive_arduino': CMAKE_PREFIX_PATH=${CMAKE_PREFIX_PATH}:/opt/ros/humble /usr/bin/cmake --build /home/ass/dev_ws/build/diffdrive_arduino -- -j4 -l4
[2.694s] DEBUG:colcon.colcon_core.event_handler.log_command:Invoking command in '/home/ass/dev_ws/build/serial': CMAKE_PREFIX_PATH=${CMAKE_PREFIX_PATH}:/opt/ros/humble /usr/bin/cmake --build /home/ass/dev_ws/build/serial -- -j4 -l4
[3.056s] DEBUG:colcon.colcon_core.event_handler.log_command:Invoked command in '/home/ass/dev_ws/build/articubot_one' returned '0': CMAKE_PREFIX_PATH=${CMAKE_PREFIX_PATH}:/opt/ros/humble /usr/bin/cmake --build /home/ass/dev_ws/build/articubot_one -- -j4 -l4
[3.446s] DEBUG:colcon.colcon_core.event_handler.log_command:Invoked command in '/home/ass/dev_ws/build/diffdrive_arduino' returned '0': CMAKE_PREFIX_PATH=${CMAKE_PREFIX_PATH}:/opt/ros/humble /usr/bin/cmake --build /home/ass/dev_ws/build/diffdrive_arduino -- -j4 -l4
[3.637s] DEBUG:colcon.colcon_core.event_handler.log_command:Invoking command in '/home/ass/dev_ws/build/articubot_one': CMAKE_PREFIX_PATH=${CMAKE_PREFIX_PATH}:/opt/ros/humble /usr/bin/cmake --install /home/ass/dev_ws/build/articubot_one
[3.737s] DEBUG:colcon.colcon_core.event_handler.log_command:Invoked command in '/home/ass/dev_ws/build/serial' returned '0': CMAKE_PREFIX_PATH=${CMAKE_PREFIX_PATH}:/opt/ros/humble /usr/bin/cmake --build /home/ass/dev_ws/build/serial -- -j4 -l4
[3.796s] DEBUG:colcon.colcon_core.event_handler.log_command:Invoking command in '/home/ass/dev_ws/build/diffdrive_arduino': CMAKE_PREFIX_PATH=${CMAKE_PREFIX_PATH}:/opt/ros/humble /usr/bin/cmake --install /home/ass/dev_ws/build/diffdrive_arduino
[3.869s] Level 1:colcon.colcon_core.environment:create_environment_scripts_only(articubot_one)
[3.874s] DEBUG:colcon.colcon_core.event_handler.log_command:Invoked command in '/home/ass/dev_ws/build/articubot_one' returned '0': CMAKE_PREFIX_PATH=${CMAKE_PREFIX_PATH}:/opt/ros/humble /usr/bin/cmake --install /home/ass/dev_ws/build/articubot_one
[3.909s] Level 1:colcon.colcon_core.environment:checking '/home/ass/dev_ws/install/articubot_one' for CMake module files
[3.912s] Level 1:colcon.colcon_core.environment:checking '/home/ass/dev_ws/install/articubot_one' for CMake config files
[3.915s] Level 1:colcon.colcon_core.shell:create_environment_hook('articubot_one', 'cmake_prefix_path')
[3.921s] INFO:colcon.colcon_core.shell:Creating environment hook '/home/ass/dev_ws/install/articubot_one/share/articubot_one/hook/cmake_prefix_path.ps1'
[3.925s] INFO:colcon.colcon_core.shell:Creating environment descriptor '/home/ass/dev_ws/install/articubot_one/share/articubot_one/hook/cmake_prefix_path.dsv'
[3.932s] INFO:colcon.colcon_core.shell:Creating environment hook '/home/ass/dev_ws/install/articubot_one/share/articubot_one/hook/cmake_prefix_path.sh'
[3.952s] Level 1:colcon.colcon_core.environment:checking '/home/ass/dev_ws/install/articubot_one/bin'
[3.953s] Level 1:colcon.colcon_core.environment:checking '/home/ass/dev_ws/install/articubot_one/lib/pkgconfig/articubot_one.pc'
[3.954s] Level 1:colcon.colcon_core.environment:checking '/home/ass/dev_ws/install/articubot_one/lib/python3.10/site-packages'
[3.955s] Level 1:colcon.colcon_core.environment:checking '/home/ass/dev_ws/install/articubot_one/bin'
[3.962s] INFO:colcon.colcon_core.shell:Creating package script '/home/ass/dev_ws/install/articubot_one/share/articubot_one/package.ps1'
[3.966s] INFO:colcon.colcon_core.shell:Creating package descriptor '/home/ass/dev_ws/install/articubot_one/share/articubot_one/package.dsv'
[3.969s] INFO:colcon.colcon_core.shell:Creating package script '/home/ass/dev_ws/install/articubot_one/share/articubot_one/package.sh'
[3.972s] INFO:colcon.colcon_core.shell:Creating package script '/home/ass/dev_ws/install/articubot_one/share/articubot_one/package.bash'
[3.977s] INFO:colcon.colcon_core.shell:Creating package script '/home/ass/dev_ws/install/articubot_one/share/articubot_one/package.zsh'
[3.980s] Level 1:colcon.colcon_core.environment:create_file_with_runtime_dependencies(/home/ass/dev_ws/install/articubot_one/share/colcon-core/packages/articubot_one)
[3.987s] Level 1:colcon.colcon_core.environment:create_environment_scripts_only(diffdrive_arduino)
[3.994s] DEBUG:colcon.colcon_core.event_handler.log_command:Invoked command in '/home/ass/dev_ws/build/diffdrive_arduino' returned '0': CMAKE_PREFIX_PATH=${CMAKE_PREFIX_PATH}:/opt/ros/humble /usr/bin/cmake --install /home/ass/dev_ws/build/diffdrive_arduino
[4.001s] Level 1:colcon.colcon_core.environment:checking '/home/ass/dev_ws/install/diffdrive_arduino' for CMake module files
[4.005s] Level 1:colcon.colcon_core.environment:checking '/home/ass/dev_ws/install/diffdrive_arduino' for CMake config files
[4.008s] Level 1:colcon.colcon_core.shell:create_environment_hook('diffdrive_arduino', 'cmake_prefix_path')
[4.014s] INFO:colcon.colcon_core.shell:Creating environment hook '/home/ass/dev_ws/install/diffdrive_arduino/share/diffdrive_arduino/hook/cmake_prefix_path.ps1'
[4.016s] INFO:colcon.colcon_core.shell:Creating environment descriptor '/home/ass/dev_ws/install/diffdrive_arduino/share/diffdrive_arduino/hook/cmake_prefix_path.dsv'
[4.021s] INFO:colcon.colcon_core.shell:Creating environment hook '/home/ass/dev_ws/install/diffdrive_arduino/share/diffdrive_arduino/hook/cmake_prefix_path.sh'
[4.025s] Level 1:colcon.colcon_core.environment:checking '/home/ass/dev_ws/install/diffdrive_arduino/lib'
[4.026s] Level 1:colcon.colcon_core.shell:create_environment_hook('diffdrive_arduino', 'ld_library_path_lib')
[4.035s] INFO:colcon.colcon_core.shell:Creating environment hook '/home/ass/dev_ws/install/diffdrive_arduino/share/diffdrive_arduino/hook/ld_library_path_lib.ps1'
[4.037s] INFO:colcon.colcon_core.shell:Creating environment descriptor '/home/ass/dev_ws/install/diffdrive_arduino/share/diffdrive_arduino/hook/ld_library_path_lib.dsv'
[4.039s] INFO:colcon.colcon_core.shell:Creating environment hook '/home/ass/dev_ws/install/diffdrive_arduino/share/diffdrive_arduino/hook/ld_library_path_lib.sh'
[4.042s] Level 1:colcon.colcon_core.environment:checking '/home/ass/dev_ws/install/diffdrive_arduino/bin'
[4.043s] Level 1:colcon.colcon_core.environment:checking '/home/ass/dev_ws/install/diffdrive_arduino/lib/pkgconfig/diffdrive_arduino.pc'
[4.044s] Level 1:colcon.colcon_core.environment:checking '/home/ass/dev_ws/install/diffdrive_arduino/lib/python3.10/site-packages'
[4.045s] Level 1:colcon.colcon_core.environment:checking '/home/ass/dev_ws/install/diffdrive_arduino/bin'
[4.050s] INFO:colcon.colcon_core.shell:Creating package script '/home/ass/dev_ws/install/diffdrive_arduino/share/diffdrive_arduino/package.ps1'
[4.053s] INFO:colcon.colcon_core.shell:Creating package descriptor '/home/ass/dev_ws/install/diffdrive_arduino/share/diffdrive_arduino/package.dsv'
[4.055s] INFO:colcon.colcon_core.shell:Creating package script '/home/ass/dev_ws/install/diffdrive_arduino/share/diffdrive_arduino/package.sh'
[4.058s] INFO:colcon.colcon_core.shell:Creating package script '/home/ass/dev_ws/install/diffdrive_arduino/share/diffdrive_arduino/package.bash'
[4.060s] INFO:colcon.colcon_core.shell:Creating package script '/home/ass/dev_ws/install/diffdrive_arduino/share/diffdrive_arduino/package.zsh'
[4.062s] Level 1:colcon.colcon_core.environment:create_file_with_runtime_dependencies(/home/ass/dev_ws/install/diffdrive_arduino/share/colcon-core/packages/diffdrive_arduino)
[4.075s] DEBUG:colcon.colcon_core.event_handler.log_command:Invoking command in '/home/ass/dev_ws/build/serial': CMAKE_PREFIX_PATH=${CMAKE_PREFIX_PATH}:/opt/ros/humble /usr/bin/cmake --install /home/ass/dev_ws/build/serial
[4.117s] Level 1:colcon.colcon_core.environment:create_environment_scripts_only(articubot_one)
[4.128s] Level 1:colcon.colcon_core.environment:checking '/home/ass/dev_ws/install/articubot_one' for CMake module files
[4.136s] Level 1:colcon.colcon_core.environment:checking '/home/ass/dev_ws/install/articubot_one' for CMake config files
[4.142s] Level 1:colcon.colcon_core.shell:create_environment_hook('articubot_one', 'cmake_prefix_path')
[4.154s] INFO:colcon.colcon_core.shell:Creating environment hook '/home/ass/dev_ws/install/articubot_one/share/articubot_one/hook/cmake_prefix_path.ps1'
[4.165s] INFO:colcon.colcon_core.shell:Creating environment descriptor '/home/ass/dev_ws/install/articubot_one/share/articubot_one/hook/cmake_prefix_path.dsv'
[4.169s] INFO:colcon.colcon_core.shell:Creating environment hook '/home/ass/dev_ws/install/articubot_one/share/articubot_one/hook/cmake_prefix_path.sh'
[4.176s] Level 1:colcon.colcon_core.environment:checking '/home/ass/dev_ws/install/articubot_one/bin'
[4.177s] Level 1:colcon.colcon_core.environment:checking '/home/ass/dev_ws/install/articubot_one/lib/pkgconfig/articubot_one.pc'
[4.179s] Level 1:colcon.colcon_core.environment:checking '/home/ass/dev_ws/install/articubot_one/lib/python3.10/site-packages'
[4.180s] Level 1:colcon.colcon_core.environment:checking '/home/ass/dev_ws/install/articubot_one/bin'
[4.192s] INFO:colcon.colcon_core.shell:Creating package script '/home/ass/dev_ws/install/articubot_one/share/articubot_one/package.ps1'
[4.196s] INFO:colcon.colcon_core.shell:Creating package descriptor '/home/ass/dev_ws/install/articubot_one/share/articubot_one/package.dsv'
[4.199s] INFO:colcon.colcon_core.shell:Creating package script '/home/ass/dev_ws/install/articubot_one/share/articubot_one/package.sh'
[4.205s] INFO:colcon.colcon_core.shell:Creating package script '/home/ass/dev_ws/install/articubot_one/share/articubot_one/package.bash'
[4.210s] INFO:colcon.colcon_core.shell:Creating package script '/home/ass/dev_ws/install/articubot_one/share/articubot_one/package.zsh'
[4.214s] Level 1:colcon.colcon_core.environment:create_file_with_runtime_dependencies(/home/ass/dev_ws/install/articubot_one/share/colcon-core/packages/articubot_one)
[4.290s] Level 1:colcon.colcon_core.environment:create_environment_scripts_only(diffdrive_arduino)
[4.300s] Level 1:colcon.colcon_core.environment:checking '/home/ass/dev_ws/install/diffdrive_arduino' for CMake module files
[4.305s] Level 1:colcon.colcon_core.environment:checking '/home/ass/dev_ws/install/diffdrive_arduino' for CMake config files
[4.308s] Level 1:colcon.colcon_core.shell:create_environment_hook('diffdrive_arduino', 'cmake_prefix_path')
[4.314s] INFO:colcon.colcon_core.shell:Creating environment hook '/home/ass/dev_ws/install/diffdrive_arduino/share/diffdrive_arduino/hook/cmake_prefix_path.ps1'
[4.316s] INFO:colcon.colcon_core.shell:Creating environment descriptor '/home/ass/dev_ws/install/diffdrive_arduino/share/diffdrive_arduino/hook/cmake_prefix_path.dsv'
[4.323s] INFO:colcon.colcon_core.shell:Creating environment hook '/home/ass/dev_ws/install/diffdrive_arduino/share/diffdrive_arduino/hook/cmake_prefix_path.sh'
[4.326s] Level 1:colcon.colcon_core.environment:checking '/home/ass/dev_ws/install/diffdrive_arduino/lib'
[4.326s] Level 1:colcon.colcon_core.shell:create_environment_hook('diffdrive_arduino', 'ld_library_path_lib')
[4.334s] INFO:colcon.colcon_core.shell:Creating environment hook '/home/ass/dev_ws/install/diffdrive_arduino/share/diffdrive_arduino/hook/ld_library_path_lib.ps1'
[4.339s] INFO:colcon.colcon_core.shell:Creating environment descriptor '/home/ass/dev_ws/install/diffdrive_arduino/share/diffdrive_arduino/hook/ld_library_path_lib.dsv'
[4.345s] INFO:colcon.colcon_core.shell:Creating environment hook '/home/ass/dev_ws/install/diffdrive_arduino/share/diffdrive_arduino/hook/ld_library_path_lib.sh'
[4.348s] Level 1:colcon.colcon_core.environment:checking '/home/ass/dev_ws/install/diffdrive_arduino/bin'
[4.349s] Level 1:colcon.colcon_core.environment:checking '/home/ass/dev_ws/install/diffdrive_arduino/lib/pkgconfig/diffdrive_arduino.pc'
[4.351s] Level 1:colcon.colcon_core.environment:checking '/home/ass/dev_ws/install/diffdrive_arduino/lib/python3.10/site-packages'
[4.352s] Level 1:colcon.colcon_core.environment:checking '/home/ass/dev_ws/install/diffdrive_arduino/bin'
[4.361s] INFO:colcon.colcon_core.shell:Creating package script '/home/ass/dev_ws/install/diffdrive_arduino/share/diffdrive_arduino/package.ps1'
[4.364s] INFO:colcon.colcon_core.shell:Creating package descriptor '/home/ass/dev_ws/install/diffdrive_arduino/share/diffdrive_arduino/package.dsv'
[4.369s] INFO:colcon.colcon_core.shell:Creating package script '/home/ass/dev_ws/install/diffdrive_arduino/share/diffdrive_arduino/package.sh'
[4.371s] INFO:colcon.colcon_core.shell:Creating package script '/home/ass/dev_ws/install/diffdrive_arduino/share/diffdrive_arduino/package.bash'
[4.373s] INFO:colcon.colcon_core.shell:Creating package script '/home/ass/dev_ws/install/diffdrive_arduino/share/diffdrive_arduino/package.zsh'
[4.375s] Level 1:colcon.colcon_core.environment:create_file_with_runtime_dependencies(/home/ass/dev_ws/install/diffdrive_arduino/share/colcon-core/packages/diffdrive_arduino)
[4.379s] Level 1:colcon.colcon_core.environment:create_environment_scripts_only(serial)
[4.387s] Level 1:colcon.colcon_core.environment:checking '/home/ass/dev_ws/install/serial' for CMake module files
[4.390s] DEBUG:colcon.colcon_core.event_handler.log_command:Invoked command in '/home/ass/dev_ws/build/serial' returned '0': CMAKE_PREFIX_PATH=${CMAKE_PREFIX_PATH}:/opt/ros/humble /usr/bin/cmake --install /home/ass/dev_ws/build/serial
[4.393s] Level 1:colcon.colcon_core.environment:checking '/home/ass/dev_ws/install/serial' for CMake config files
[4.394s] Level 1:colcon.colcon_core.shell:create_environment_hook('serial', 'cmake_prefix_path')
[4.401s] INFO:colcon.colcon_core.shell:Creating environment hook '/home/ass/dev_ws/install/serial/share/serial/hook/cmake_prefix_path.ps1'
[4.405s] INFO:colcon.colcon_core.shell:Creating environment descriptor '/home/ass/dev_ws/install/serial/share/serial/hook/cmake_prefix_path.dsv'
[4.410s] INFO:colcon.colcon_core.shell:Creating environment hook '/home/ass/dev_ws/install/serial/share/serial/hook/cmake_prefix_path.sh'
[4.415s] Level 1:colcon.colcon_core.environment:checking '/home/ass/dev_ws/install/serial/lib'
[4.416s] Level 1:colcon.colcon_core.environment:checking '/home/ass/dev_ws/install/serial/bin'
[4.416s] Level 1:colcon.colcon_core.environment:checking '/home/ass/dev_ws/install/serial/lib/pkgconfig/serial.pc'
[4.417s] Level 1:colcon.colcon_core.environment:checking '/home/ass/dev_ws/install/serial/lib/python3.10/site-packages'
[4.418s] Level 1:colcon.colcon_core.environment:checking '/home/ass/dev_ws/install/serial/bin'
[4.425s] INFO:colcon.colcon_core.shell:Creating package script '/home/ass/dev_ws/install/serial/share/serial/package.ps1'
[4.428s] INFO:colcon.colcon_core.shell:Creating package descriptor '/home/ass/dev_ws/install/serial/share/serial/package.dsv'
[4.431s] INFO:colcon.colcon_core.shell:Creating package script '/home/ass/dev_ws/install/serial/share/serial/package.sh'
[4.433s] INFO:colcon.colcon_core.shell:Creating package script '/home/ass/dev_ws/install/serial/share/serial/package.bash'
[4.435s] INFO:colcon.colcon_core.shell:Creating package script '/home/ass/dev_ws/install/serial/share/serial/package.zsh'
[4.436s] Level 1:colcon.colcon_core.environment:create_file_with_runtime_dependencies(/home/ass/dev_ws/install/serial/share/colcon-core/packages/serial)
[4.662s] Level 1:colcon.colcon_core.environment:create_environment_scripts_only(serial)
[4.671s] Level 1:colcon.colcon_core.environment:checking '/home/ass/dev_ws/install/serial' for CMake module files
[4.674s] Level 1:colcon.colcon_core.environment:checking '/home/ass/dev_ws/install/serial' for CMake config files
[4.675s] Level 1:colcon.colcon_core.shell:create_environment_hook('serial', 'cmake_prefix_path')
[4.680s] INFO:colcon.colcon_core.shell:Creating environment hook '/home/ass/dev_ws/install/serial/share/serial/hook/cmake_prefix_path.ps1'
[4.682s] INFO:colcon.colcon_core.shell:Creating environment descriptor '/home/ass/dev_ws/install/serial/share/serial/hook/cmake_prefix_path.dsv'
[4.687s] INFO:colcon.colcon_core.shell:Creating environment hook '/home/ass/dev_ws/install/serial/share/serial/hook/cmake_prefix_path.sh'
[4.690s] Level 1:colcon.colcon_core.environment:checking '/home/ass/dev_ws/install/serial/lib'
[4.691s] Level 1:colcon.colcon_core.environment:checking '/home/ass/dev_ws/install/serial/bin'
[4.692s] Level 1:colcon.colcon_core.environment:checking '/home/ass/dev_ws/install/serial/lib/pkgconfig/serial.pc'
[4.693s] Level 1:colcon.colcon_core.environment:checking '/home/ass/dev_ws/install/serial/lib/python3.10/site-packages'
[4.694s] Level 1:colcon.colcon_core.environment:checking '/home/ass/dev_ws/install/serial/bin'
[4.701s] INFO:colcon.colcon_core.shell:Creating package script '/home/ass/dev_ws/install/serial/share/serial/package.ps1'
[4.703s] INFO:colcon.colcon_core.shell:Creating package descriptor '/home/ass/dev_ws/install/serial/share/serial/package.dsv'
[4.709s] INFO:colcon.colcon_core.shell:Creating package script '/home/ass/dev_ws/install/serial/share/serial/package.sh'
[4.711s] INFO:colcon.colcon_core.shell:Creating package script '/home/ass/dev_ws/install/serial/share/serial/package.bash'
[4.713s] INFO:colcon.colcon_core.shell:Creating package script '/home/ass/dev_ws/install/serial/share/serial/package.zsh'
[4.716s] Level 1:colcon.colcon_core.environment:create_file_with_runtime_dependencies(/home/ass/dev_ws/install/serial/share/colcon-core/packages/serial)
[4.717s] DEBUG:colcon.colcon_parallel_executor.executor.parallel:closing loop
[4.718s] DEBUG:colcon.colcon_parallel_executor.executor.parallel:loop closed
[4.719s] DEBUG:colcon.colcon_parallel_executor.executor.parallel:run_until_complete finished with '0'
[4.719s] DEBUG:colcon.colcon_core.event_reactor:joining thread
[4.744s] INFO:colcon.colcon_core.plugin_system:Skipping extension 'colcon_notification.desktop_notification.terminal_notifier': Not used on non-Darwin systems
[4.745s] INFO:colcon.colcon_core.plugin_system:Skipping extension 'colcon_notification.desktop_notification.win32': Not used on non-Windows systems
[4.746s] INFO:colcon.colcon_notification.desktop_notification:Sending desktop notification using 'notify2'
[4.801s] DEBUG:colcon.colcon_core.event_reactor:joined thread
[4.808s] INFO:colcon.colcon_core.shell:Creating prefix script '/home/ass/dev_ws/install/local_setup.ps1'
[4.814s] INFO:colcon.colcon_core.shell:Creating prefix util module '/home/ass/dev_ws/install/_local_setup_util_ps1.py'
[4.822s] INFO:colcon.colcon_core.shell:Creating prefix chain script '/home/ass/dev_ws/install/setup.ps1'
[4.833s] INFO:colcon.colcon_core.shell:Creating prefix script '/home/ass/dev_ws/install/local_setup.sh'
[4.837s] INFO:colcon.colcon_core.shell:Creating prefix util module '/home/ass/dev_ws/install/_local_setup_util_sh.py'
[4.840s] INFO:colcon.colcon_core.shell:Creating prefix chain script '/home/ass/dev_ws/install/setup.sh'
[4.849s] INFO:colcon.colcon_core.shell:Creating prefix script '/home/ass/dev_ws/install/local_setup.bash'
[4.854s] INFO:colcon.colcon_core.shell:Creating prefix chain script '/home/ass/dev_ws/install/setup.bash'
[4.861s] INFO:colcon.colcon_core.shell:Creating prefix script '/home/ass/dev_ws/install/local_setup.zsh'
[4.864s] INFO:colcon.colcon_core.shell:Creating prefix chain script '/home/ass/dev_ws/install/setup.zsh'
