[0.159s] Invoking command in '/home/ass/dev_ws/build/articubot_one': CMAKE_PREFIX_PATH=${CMAKE_PREFIX_PATH}:/opt/ros/humble /usr/bin/cmake --build /home/ass/dev_ws/build/articubot_one -- -j4 -l4
[0.360s] Invoked command in '/home/ass/dev_ws/build/articubot_one' returned '0': CMAKE_PREFIX_PATH=${CMAKE_PREFIX_PATH}:/opt/ros/humble /usr/bin/cmake --build /home/ass/dev_ws/build/articubot_one -- -j4 -l4
[0.589s] Invoking command in '/home/ass/dev_ws/build/articubot_one': CMAKE_PREFIX_PATH=${CMAKE_PREFIX_PATH}:/opt/ros/humble /usr/bin/cmake --install /home/ass/dev_ws/build/articubot_one
[0.662s] -- Install configuration: ""
[0.669s] -- Execute custom install script
[0.672s] -- Up-to-date symlink: /home/ass/dev_ws/install/articubot_one/share/articubot_one/config/ball_tracker_params_robot.yaml
[0.672s] -- Up-to-date symlink: /home/ass/dev_ws/install/articubot_one/share/articubot_one/config/ball_tracker_params_sim.yaml
[0.676s] -- Up-to-date symlink: /home/ass/dev_ws/install/articubot_one/share/articubot_one/config/drive_bot.rviz
[0.676s] -- Up-to-date symlink: /home/ass/dev_ws/install/articubot_one/share/articubot_one/config/empty.yaml
[0.681s] -- Up-to-date symlink: /home/ass/dev_ws/install/articubot_one/share/articubot_one/config/gaz_ros2_ctl_use_sim.yaml
[0.682s] -- Up-to-date symlink: /home/ass/dev_ws/install/articubot_one/share/articubot_one/config/gazebo_params.yaml
[0.697s] -- Up-to-date symlink: /home/ass/dev_ws/install/articubot_one/share/articubot_one/config/joystick.yaml
[0.702s] -- Up-to-date symlink: /home/ass/dev_ws/install/articubot_one/share/articubot_one/config/main.rviz
[0.704s] -- Up-to-date symlink: /home/ass/dev_ws/install/articubot_one/share/articubot_one/config/map.rviz
[0.705s] -- Up-to-date symlink: /home/ass/dev_ws/install/articubot_one/share/articubot_one/config/mapper_params_online_async.yaml
[0.706s] -- Up-to-date symlink: /home/ass/dev_ws/install/articubot_one/share/articubot_one/config/my_controllers.yaml
[0.708s] -- Up-to-date symlink: /home/ass/dev_ws/install/articubot_one/share/articubot_one/config/nav2_params.yaml
[0.709s] -- Up-to-date symlink: /home/ass/dev_ws/install/articubot_one/share/articubot_one/config/twist_mux.yaml
[0.710s] -- Up-to-date symlink: /home/ass/dev_ws/install/articubot_one/share/articubot_one/config/view_bot.rviz
[0.712s] -- Up-to-date symlink: /home/ass/dev_ws/install/articubot_one/share/articubot_one/description/camera.xacro
[0.713s] -- Up-to-date symlink: /home/ass/dev_ws/install/articubot_one/share/articubot_one/description/depth_camera.xacro
[0.715s] -- Up-to-date symlink: /home/ass/dev_ws/install/articubot_one/share/articubot_one/description/face.xacro
[0.716s] -- Up-to-date symlink: /home/ass/dev_ws/install/articubot_one/share/articubot_one/description/gazebo_control.xacro
[0.718s] -- Up-to-date symlink: /home/ass/dev_ws/install/articubot_one/share/articubot_one/description/inertial_macros.xacro
[0.719s] -- Up-to-date symlink: /home/ass/dev_ws/install/articubot_one/share/articubot_one/description/lidar.xacro
[0.720s] -- Up-to-date symlink: /home/ass/dev_ws/install/articubot_one/share/articubot_one/description/robot.urdf.xacro
[0.722s] -- Up-to-date symlink: /home/ass/dev_ws/install/articubot_one/share/articubot_one/description/robot_core.xacro
[0.724s] -- Up-to-date symlink: /home/ass/dev_ws/install/articubot_one/share/articubot_one/description/ros2_control.xacro
[0.725s] -- Up-to-date symlink: /home/ass/dev_ws/install/articubot_one/share/articubot_one/launch/ball_tracker.launch.py
[0.726s] -- Up-to-date symlink: /home/ass/dev_ws/install/articubot_one/share/articubot_one/launch/camera.launch.py
[0.728s] -- Up-to-date symlink: /home/ass/dev_ws/install/articubot_one/share/articubot_one/launch/joystick.launch.py
[0.729s] -- Up-to-date symlink: /home/ass/dev_ws/install/articubot_one/share/articubot_one/launch/launch_robot.launch.py
[0.730s] -- Up-to-date symlink: /home/ass/dev_ws/install/articubot_one/share/articubot_one/launch/launch_sim.launch.py
[0.731s] -- Up-to-date symlink: /home/ass/dev_ws/install/articubot_one/share/articubot_one/launch/localization_launch.py
[0.732s] -- Up-to-date symlink: /home/ass/dev_ws/install/articubot_one/share/articubot_one/launch/navigation_launch.py
[0.734s] -- Up-to-date symlink: /home/ass/dev_ws/install/articubot_one/share/articubot_one/launch/online_async_launch.py
[0.734s] -- Up-to-date symlink: /home/ass/dev_ws/install/articubot_one/share/articubot_one/launch/rplidar.launch.py
[0.735s] -- Up-to-date symlink: /home/ass/dev_ws/install/articubot_one/share/articubot_one/launch/rsp.launch.py
[0.736s] -- Up-to-date symlink: /home/ass/dev_ws/install/articubot_one/share/articubot_one/worlds/empty.world
[0.736s] -- Up-to-date symlink: /home/ass/dev_ws/install/articubot_one/share/articubot_one/worlds/obstacles.world
[0.738s] -- Up-to-date symlink: /home/ass/dev_ws/install/articubot_one/share/ament_index/resource_index/package_run_dependencies/articubot_one
[0.741s] -- Up-to-date symlink: /home/ass/dev_ws/install/articubot_one/share/ament_index/resource_index/parent_prefix_path/articubot_one
[0.742s] -- Up-to-date symlink: /home/ass/dev_ws/install/articubot_one/share/articubot_one/environment/ament_prefix_path.sh
[0.744s] -- Up-to-date symlink: /home/ass/dev_ws/install/articubot_one/share/articubot_one/environment/ament_prefix_path.dsv
[0.746s] -- Up-to-date symlink: /home/ass/dev_ws/install/articubot_one/share/articubot_one/environment/path.sh
[0.748s] -- Up-to-date symlink: /home/ass/dev_ws/install/articubot_one/share/articubot_one/environment/path.dsv
[0.749s] -- Up-to-date symlink: /home/ass/dev_ws/install/articubot_one/share/articubot_one/local_setup.bash
[0.749s] -- Up-to-date symlink: /home/ass/dev_ws/install/articubot_one/share/articubot_one/local_setup.sh
[0.750s] -- Up-to-date symlink: /home/ass/dev_ws/install/articubot_one/share/articubot_one/local_setup.zsh
[0.752s] -- Up-to-date symlink: /home/ass/dev_ws/install/articubot_one/share/articubot_one/local_setup.dsv
[0.752s] -- Symlinking: /home/ass/dev_ws/install/articubot_one/share/articubot_one/package.dsv
[0.789s] -- Up-to-date symlink: /home/ass/dev_ws/install/articubot_one/share/ament_index/resource_index/packages/articubot_one
[0.790s] -- Up-to-date symlink: /home/ass/dev_ws/install/articubot_one/share/articubot_one/cmake/articubot_oneConfig.cmake
[0.792s] -- Up-to-date symlink: /home/ass/dev_ws/install/articubot_one/share/articubot_one/cmake/articubot_oneConfig-version.cmake
[0.793s] -- Up-to-date symlink: /home/ass/dev_ws/install/articubot_one/share/articubot_one/package.xml
[0.808s] Invoked command in '/home/ass/dev_ws/build/articubot_one' returned '0': CMAKE_PREFIX_PATH=${CMAKE_PREFIX_PATH}:/opt/ros/humble /usr/bin/cmake --install /home/ass/dev_ws/build/articubot_one
