[0.177s] Invoking command in '/home/ass/dev_ws/build/serial': CMAKE_PREFIX_PATH=${CMAKE_PREFIX_PATH}:/home/ass/dev_ws/install/twist_mux_test:/opt/ros/humble /usr/bin/cmake --build /home/ass/dev_ws/build/serial -- -j4 -l4
[0.620s] [ 28%] Built target serial
[0.633s] [ 42%] Built target gtest
[0.645s] [ 57%] Built target gtest_main
[0.776s] [ 71%] Built target serial_example
[0.807s] [ 85%] Built target serial-test-timer
[0.816s] [100%] Built target serial-test
[1.638s] Invoked command in '/home/ass/dev_ws/build/serial' returned '0': CMAKE_PREFIX_PATH=${CMAKE_PREFIX_PATH}:/home/ass/dev_ws/install/twist_mux_test:/opt/ros/humble /usr/bin/cmake --build /home/ass/dev_ws/build/serial -- -j4 -l4
[1.918s] Invoking command in '/home/ass/dev_ws/build/serial': CMAKE_PREFIX_PATH=${CMAKE_PREFIX_PATH}:/home/ass/dev_ws/install/twist_mux_test:/opt/ros/humble /usr/bin/cmake --install /home/ass/dev_ws/build/serial
[1.987s] -- Install configuration: ""
[1.988s] -- Execute custom install script
[1.990s] -- Up-to-date symlink: /home/ass/dev_ws/install/serial/lib/libserial.a
[1.992s] -- Up-to-date symlink: /home/ass/dev_ws/install/serial/include/serial/serial.h
[1.993s] -- Up-to-date symlink: /home/ass/dev_ws/install/serial/include/serial/v8stdint.h
[1.994s] -- Up-to-date symlink: /home/ass/dev_ws/install/serial/share/serial/environment/library_path.sh
[1.995s] -- Up-to-date symlink: /home/ass/dev_ws/install/serial/share/serial/environment/library_path.dsv
[1.996s] -- Up-to-date symlink: /home/ass/dev_ws/install/serial/share/ament_index/resource_index/package_run_dependencies/serial
[1.997s] -- Up-to-date symlink: /home/ass/dev_ws/install/serial/share/ament_index/resource_index/parent_prefix_path/serial
[1.999s] -- Up-to-date symlink: /home/ass/dev_ws/install/serial/share/serial/environment/ament_prefix_path.sh
[2.000s] -- Up-to-date symlink: /home/ass/dev_ws/install/serial/share/serial/environment/ament_prefix_path.dsv
[2.001s] -- Up-to-date symlink: /home/ass/dev_ws/install/serial/share/serial/environment/path.sh
[2.001s] -- Up-to-date symlink: /home/ass/dev_ws/install/serial/share/serial/environment/path.dsv
[2.002s] -- Up-to-date symlink: /home/ass/dev_ws/install/serial/share/serial/local_setup.bash
[2.003s] -- Up-to-date symlink: /home/ass/dev_ws/install/serial/share/serial/local_setup.sh
[2.003s] -- Up-to-date symlink: /home/ass/dev_ws/install/serial/share/serial/local_setup.zsh
[2.004s] -- Up-to-date symlink: /home/ass/dev_ws/install/serial/share/serial/local_setup.dsv
[2.004s] -- Symlinking: /home/ass/dev_ws/install/serial/share/serial/package.dsv
[2.064s] -- Up-to-date symlink: /home/ass/dev_ws/install/serial/share/ament_index/resource_index/packages/serial
[2.065s] -- Up-to-date symlink: /home/ass/dev_ws/install/serial/share/serial/cmake/ament_cmake_export_include_directories-extras.cmake
[2.073s] -- Up-to-date symlink: /home/ass/dev_ws/install/serial/share/serial/cmake/ament_cmake_export_libraries-extras.cmake
[2.075s] -- Up-to-date symlink: /home/ass/dev_ws/install/serial/share/serial/cmake/serialConfig.cmake
[2.089s] -- Up-to-date symlink: /home/ass/dev_ws/install/serial/share/serial/cmake/serialConfig-version.cmake
[2.090s] -- Up-to-date symlink: /home/ass/dev_ws/install/serial/share/serial/package.xml
[2.194s] Invoked command in '/home/ass/dev_ws/build/serial' returned '0': CMAKE_PREFIX_PATH=${CMAKE_PREFIX_PATH}:/home/ass/dev_ws/install/twist_mux_test:/opt/ros/humble /usr/bin/cmake --install /home/ass/dev_ws/build/serial
