[3.363s] DEBUG:colcon:Command line arguments: ['/usr/bin/colcon', 'build', '--symlink-install']
[3.363s] DEBUG:colcon:Parsed command line arguments: Namespace(log_base=None, log_level=None, verb_name='build', build_base='build', install_base='install', merge_install=False, symlink_install=True, test_result_base=None, continue_on_error=False, executor='parallel', parallel_workers=4, event_handlers=None, ignore_user_meta=False, metas=['./colcon.meta'], base_paths=['.'], packages_ignore=None, packages_ignore_regex=None, paths=None, packages_up_to=None, packages_up_to_regex=None, packages_above=None, packages_above_and_dependencies=None, packages_above_depth=None, packages_select_by_dep=None, packages_skip_by_dep=None, packages_skip_up_to=None, packages_select_build_failed=False, packages_skip_build_finished=False, packages_select_test_failures=False, packages_skip_test_passed=False, packages_select=None, packages_skip=None, packages_select_regex=None, packages_skip_regex=None, packages_start=None, packages_end=None, allow_overriding=[], cmake_args=None, cmake_target=None, cmake_target_skip_unavailable=False, cmake_clean_cache=False, cmake_clean_first=False, cmake_force_configure=False, ament_cmake_args=None, catkin_cmake_args=None, catkin_skip_building_tests=False, verb_parser=<colcon_defaults.argument_parser.defaults.DefaultArgumentsDecorator object at 0xffff850eedd0>, verb_extension=<colcon_core.verb.build.BuildVerb object at 0xffff8503baf0>, main=<bound method BuildVerb.main of <colcon_core.verb.build.BuildVerb object at 0xffff8503baf0>>)
[3.708s] Level 1:colcon.colcon_core.package_discovery:discover_packages(colcon_meta) check parameters
[3.708s] Level 1:colcon.colcon_core.package_discovery:discover_packages(recursive) check parameters
[3.708s] Level 1:colcon.colcon_core.package_discovery:discover_packages(ignore) check parameters
[3.708s] Level 1:colcon.colcon_core.package_discovery:discover_packages(path) check parameters
[3.709s] Level 1:colcon.colcon_core.package_discovery:discover_packages(colcon_meta) discover
[3.709s] Level 1:colcon.colcon_core.package_discovery:discover_packages(recursive) discover
[3.709s] INFO:colcon.colcon_core.package_discovery:Crawling recursively for packages in '/home/ass/dev_ws'
[3.710s] Level 1:colcon.colcon_core.package_identification:_identify(.) by extensions ['ignore', 'ignore_ament_install']
[3.710s] Level 1:colcon.colcon_core.package_identification:_identify(.) by extension 'ignore'
[3.710s] Level 1:colcon.colcon_core.package_identification:_identify(.) by extension 'ignore_ament_install'
[3.711s] Level 1:colcon.colcon_core.package_identification:_identify(.) by extensions ['colcon_pkg']
[3.711s] Level 1:colcon.colcon_core.package_identification:_identify(.) by extension 'colcon_pkg'
[3.711s] Level 1:colcon.colcon_core.package_identification:_identify(.) by extensions ['colcon_meta']
[3.711s] Level 1:colcon.colcon_core.package_identification:_identify(.) by extension 'colcon_meta'
[3.711s] Level 1:colcon.colcon_core.package_identification:_identify(.) by extensions ['ros']
[3.711s] Level 1:colcon.colcon_core.package_identification:_identify(.) by extension 'ros'
[3.809s] Level 1:colcon.colcon_core.package_identification:_identify(.) by extensions ['cmake', 'python']
[3.809s] Level 1:colcon.colcon_core.package_identification:_identify(.) by extension 'cmake'
[3.810s] Level 1:colcon.colcon_core.package_identification:_identify(.) by extension 'python'
[3.810s] Level 1:colcon.colcon_core.package_identification:_identify(.) by extensions ['python_setup_py']
[3.810s] Level 1:colcon.colcon_core.package_identification:_identify(.) by extension 'python_setup_py'
[3.811s] Level 1:colcon.colcon_core.package_identification:_identify(build) by extensions ['ignore', 'ignore_ament_install']
[3.811s] Level 1:colcon.colcon_core.package_identification:_identify(build) by extension 'ignore'
[3.811s] Level 1:colcon.colcon_core.package_identification:_identify(build) ignored
[3.812s] Level 1:colcon.colcon_core.package_identification:_identify(install) by extensions ['ignore', 'ignore_ament_install']
[3.812s] Level 1:colcon.colcon_core.package_identification:_identify(install) by extension 'ignore'
[3.812s] Level 1:colcon.colcon_core.package_identification:_identify(install) ignored
[3.813s] Level 1:colcon.colcon_core.package_identification:_identify(log) by extensions ['ignore', 'ignore_ament_install']
[3.813s] Level 1:colcon.colcon_core.package_identification:_identify(log) by extension 'ignore'
[3.813s] Level 1:colcon.colcon_core.package_identification:_identify(log) ignored
[3.817s] Level 1:colcon.colcon_core.package_identification:_identify(src) by extensions ['ignore', 'ignore_ament_install']
[3.817s] Level 1:colcon.colcon_core.package_identification:_identify(src) by extension 'ignore'
[3.818s] Level 1:colcon.colcon_core.package_identification:_identify(src) by extension 'ignore_ament_install'
[3.818s] Level 1:colcon.colcon_core.package_identification:_identify(src) by extensions ['colcon_pkg']
[3.818s] Level 1:colcon.colcon_core.package_identification:_identify(src) by extension 'colcon_pkg'
[3.818s] Level 1:colcon.colcon_core.package_identification:_identify(src) by extensions ['colcon_meta']
[3.818s] Level 1:colcon.colcon_core.package_identification:_identify(src) by extension 'colcon_meta'
[3.819s] Level 1:colcon.colcon_core.package_identification:_identify(src) by extensions ['ros']
[3.819s] Level 1:colcon.colcon_core.package_identification:_identify(src) by extension 'ros'
[3.819s] Level 1:colcon.colcon_core.package_identification:_identify(src) by extensions ['cmake', 'python']
[3.819s] Level 1:colcon.colcon_core.package_identification:_identify(src) by extension 'cmake'
[3.819s] Level 1:colcon.colcon_core.package_identification:_identify(src) by extension 'python'
[3.820s] Level 1:colcon.colcon_core.package_identification:_identify(src) by extensions ['python_setup_py']
[3.820s] Level 1:colcon.colcon_core.package_identification:_identify(src) by extension 'python_setup_py'
[3.821s] Level 1:colcon.colcon_core.package_identification:_identify(src/articubot_one) by extensions ['ignore', 'ignore_ament_install']
[3.822s] Level 1:colcon.colcon_core.package_identification:_identify(src/articubot_one) by extension 'ignore'
[3.822s] Level 1:colcon.colcon_core.package_identification:_identify(src/articubot_one) by extension 'ignore_ament_install'
[3.822s] Level 1:colcon.colcon_core.package_identification:_identify(src/articubot_one) by extensions ['colcon_pkg']
[3.822s] Level 1:colcon.colcon_core.package_identification:_identify(src/articubot_one) by extension 'colcon_pkg'
[3.823s] Level 1:colcon.colcon_core.package_identification:_identify(src/articubot_one) by extensions ['colcon_meta']
[3.823s] Level 1:colcon.colcon_core.package_identification:_identify(src/articubot_one) by extension 'colcon_meta'
[3.823s] Level 1:colcon.colcon_core.package_identification:_identify(src/articubot_one) by extensions ['ros']
[3.823s] Level 1:colcon.colcon_core.package_identification:_identify(src/articubot_one) by extension 'ros'
[3.839s] DEBUG:colcon.colcon_core.package_identification:Package 'src/articubot_one' with type 'ros.ament_cmake' and name 'articubot_one'
[3.841s] Level 1:colcon.colcon_core.package_identification:_identify(src/build) by extensions ['ignore', 'ignore_ament_install']
[3.841s] Level 1:colcon.colcon_core.package_identification:_identify(src/build) by extension 'ignore'
[3.841s] Level 1:colcon.colcon_core.package_identification:_identify(src/build) ignored
[3.843s] Level 1:colcon.colcon_core.package_identification:_identify(src/diffdrive_arduino) by extensions ['ignore', 'ignore_ament_install']
[3.843s] Level 1:colcon.colcon_core.package_identification:_identify(src/diffdrive_arduino) by extension 'ignore'
[3.844s] Level 1:colcon.colcon_core.package_identification:_identify(src/diffdrive_arduino) by extension 'ignore_ament_install'
[3.844s] Level 1:colcon.colcon_core.package_identification:_identify(src/diffdrive_arduino) by extensions ['colcon_pkg']
[3.844s] Level 1:colcon.colcon_core.package_identification:_identify(src/diffdrive_arduino) by extension 'colcon_pkg'
[3.844s] Level 1:colcon.colcon_core.package_identification:_identify(src/diffdrive_arduino) by extensions ['colcon_meta']
[3.844s] Level 1:colcon.colcon_core.package_identification:_identify(src/diffdrive_arduino) by extension 'colcon_meta'
[3.845s] Level 1:colcon.colcon_core.package_identification:_identify(src/diffdrive_arduino) by extensions ['ros']
[3.845s] Level 1:colcon.colcon_core.package_identification:_identify(src/diffdrive_arduino) by extension 'ros'
[3.858s] DEBUG:colcon.colcon_core.package_identification:Package 'src/diffdrive_arduino' with type 'ros.ament_cmake' and name 'diffdrive_arduino'
[3.860s] Level 1:colcon.colcon_core.package_identification:_identify(src/install) by extensions ['ignore', 'ignore_ament_install']
[3.861s] Level 1:colcon.colcon_core.package_identification:_identify(src/install) by extension 'ignore'
[3.861s] Level 1:colcon.colcon_core.package_identification:_identify(src/install) ignored
[3.862s] Level 1:colcon.colcon_core.package_identification:_identify(src/log) by extensions ['ignore', 'ignore_ament_install']
[3.863s] Level 1:colcon.colcon_core.package_identification:_identify(src/log) by extension 'ignore'
[3.863s] Level 1:colcon.colcon_core.package_identification:_identify(src/log) ignored
[3.865s] Level 1:colcon.colcon_core.package_identification:_identify(src/serial) by extensions ['ignore', 'ignore_ament_install']
[3.865s] Level 1:colcon.colcon_core.package_identification:_identify(src/serial) by extension 'ignore'
[3.865s] Level 1:colcon.colcon_core.package_identification:_identify(src/serial) by extension 'ignore_ament_install'
[3.866s] Level 1:colcon.colcon_core.package_identification:_identify(src/serial) by extensions ['colcon_pkg']
[3.866s] Level 1:colcon.colcon_core.package_identification:_identify(src/serial) by extension 'colcon_pkg'
[3.866s] Level 1:colcon.colcon_core.package_identification:_identify(src/serial) by extensions ['colcon_meta']
[3.866s] Level 1:colcon.colcon_core.package_identification:_identify(src/serial) by extension 'colcon_meta'
[3.867s] Level 1:colcon.colcon_core.package_identification:_identify(src/serial) by extensions ['ros']
[3.867s] Level 1:colcon.colcon_core.package_identification:_identify(src/serial) by extension 'ros'
[3.871s] DEBUG:colcon.colcon_core.package_identification:Package 'src/serial' with type 'ros.ament_cmake' and name 'serial'
[3.873s] Level 1:colcon.colcon_core.package_identification:_identify(src/twist_mux_example) by extensions ['ignore', 'ignore_ament_install']
[3.873s] Level 1:colcon.colcon_core.package_identification:_identify(src/twist_mux_example) by extension 'ignore'
[3.873s] Level 1:colcon.colcon_core.package_identification:_identify(src/twist_mux_example) by extension 'ignore_ament_install'
[3.874s] Level 1:colcon.colcon_core.package_identification:_identify(src/twist_mux_example) by extensions ['colcon_pkg']
[3.874s] Level 1:colcon.colcon_core.package_identification:_identify(src/twist_mux_example) by extension 'colcon_pkg'
[3.874s] Level 1:colcon.colcon_core.package_identification:_identify(src/twist_mux_example) by extensions ['colcon_meta']
[3.874s] Level 1:colcon.colcon_core.package_identification:_identify(src/twist_mux_example) by extension 'colcon_meta'
[3.874s] Level 1:colcon.colcon_core.package_identification:_identify(src/twist_mux_example) by extensions ['ros']
[3.875s] Level 1:colcon.colcon_core.package_identification:_identify(src/twist_mux_example) by extension 'ros'
[3.875s] Level 1:colcon.colcon_core.package_identification:_identify(src/twist_mux_example) by extensions ['cmake', 'python']
[3.875s] Level 1:colcon.colcon_core.package_identification:_identify(src/twist_mux_example) by extension 'cmake'
[3.875s] Level 1:colcon.colcon_core.package_identification:_identify(src/twist_mux_example) by extension 'python'
[3.875s] Level 1:colcon.colcon_core.package_identification:_identify(src/twist_mux_example) by extensions ['python_setup_py']
[3.876s] Level 1:colcon.colcon_core.package_identification:_identify(src/twist_mux_example) by extension 'python_setup_py'
[3.877s] Level 1:colcon.colcon_core.package_identification:_identify(src/twist_mux_example/src) by extensions ['ignore', 'ignore_ament_install']
[3.878s] Level 1:colcon.colcon_core.package_identification:_identify(src/twist_mux_example/src) by extension 'ignore'
[3.878s] Level 1:colcon.colcon_core.package_identification:_identify(src/twist_mux_example/src) by extension 'ignore_ament_install'
[3.878s] Level 1:colcon.colcon_core.package_identification:_identify(src/twist_mux_example/src) by extensions ['colcon_pkg']
[3.878s] Level 1:colcon.colcon_core.package_identification:_identify(src/twist_mux_example/src) by extension 'colcon_pkg'
[3.879s] Level 1:colcon.colcon_core.package_identification:_identify(src/twist_mux_example/src) by extensions ['colcon_meta']
[3.879s] Level 1:colcon.colcon_core.package_identification:_identify(src/twist_mux_example/src) by extension 'colcon_meta'
[3.879s] Level 1:colcon.colcon_core.package_identification:_identify(src/twist_mux_example/src) by extensions ['ros']
[3.879s] Level 1:colcon.colcon_core.package_identification:_identify(src/twist_mux_example/src) by extension 'ros'
[3.879s] Level 1:colcon.colcon_core.package_identification:_identify(src/twist_mux_example/src) by extensions ['cmake', 'python']
[3.880s] Level 1:colcon.colcon_core.package_identification:_identify(src/twist_mux_example/src) by extension 'cmake'
[3.880s] Level 1:colcon.colcon_core.package_identification:_identify(src/twist_mux_example/src) by extension 'python'
[3.880s] Level 1:colcon.colcon_core.package_identification:_identify(src/twist_mux_example/src) by extensions ['python_setup_py']
[3.880s] Level 1:colcon.colcon_core.package_identification:_identify(src/twist_mux_example/src) by extension 'python_setup_py'
[3.882s] Level 1:colcon.colcon_core.package_identification:_identify(src/twist_mux_example/src/twist_mux_test) by extensions ['ignore', 'ignore_ament_install']
[3.882s] Level 1:colcon.colcon_core.package_identification:_identify(src/twist_mux_example/src/twist_mux_test) by extension 'ignore'
[3.882s] Level 1:colcon.colcon_core.package_identification:_identify(src/twist_mux_example/src/twist_mux_test) by extension 'ignore_ament_install'
[3.883s] Level 1:colcon.colcon_core.package_identification:_identify(src/twist_mux_example/src/twist_mux_test) by extensions ['colcon_pkg']
[3.883s] Level 1:colcon.colcon_core.package_identification:_identify(src/twist_mux_example/src/twist_mux_test) by extension 'colcon_pkg'
[3.883s] Level 1:colcon.colcon_core.package_identification:_identify(src/twist_mux_example/src/twist_mux_test) by extensions ['colcon_meta']
[3.883s] Level 1:colcon.colcon_core.package_identification:_identify(src/twist_mux_example/src/twist_mux_test) by extension 'colcon_meta'
[3.884s] Level 1:colcon.colcon_core.package_identification:_identify(src/twist_mux_example/src/twist_mux_test) by extensions ['ros']
[3.884s] Level 1:colcon.colcon_core.package_identification:_identify(src/twist_mux_example/src/twist_mux_test) by extension 'ros'
[3.887s] DEBUG:colcon.colcon_core.package_identification:Package 'src/twist_mux_example/src/twist_mux_test' with type 'ros.ament_python' and name 'twist_mux_test'
[3.887s] Level 1:colcon.colcon_core.package_discovery:discover_packages(recursive) using defaults
[3.888s] Level 1:colcon.colcon_core.package_discovery:discover_packages(ignore) discover
[3.888s] Level 1:colcon.colcon_core.package_discovery:discover_packages(ignore) using defaults
[3.888s] Level 1:colcon.colcon_core.package_discovery:discover_packages(path) discover
[3.888s] Level 1:colcon.colcon_core.package_discovery:discover_packages(path) using defaults
[4.097s] Level 1:colcon.colcon_core.package_discovery:discover_packages(prefix_path) check parameters
[4.098s] Level 1:colcon.colcon_core.package_discovery:discover_packages(prefix_path) discover
[4.129s] DEBUG:colcon.colcon_installed_package_information.package_discovery:Found 291 installed packages in /opt/ros/humble
[4.137s] Level 1:colcon.colcon_core.package_discovery:discover_packages(prefix_path) using defaults
[4.415s] Level 5:colcon.colcon_core.verb:set package 'articubot_one' build argument 'cmake_args' from command line to 'None'
[4.415s] Level 5:colcon.colcon_core.verb:set package 'articubot_one' build argument 'cmake_target' from command line to 'None'
[4.415s] Level 5:colcon.colcon_core.verb:set package 'articubot_one' build argument 'cmake_target_skip_unavailable' from command line to 'False'
[4.415s] Level 5:colcon.colcon_core.verb:set package 'articubot_one' build argument 'cmake_clean_cache' from command line to 'False'
[4.415s] Level 5:colcon.colcon_core.verb:set package 'articubot_one' build argument 'cmake_clean_first' from command line to 'False'
[4.415s] Level 5:colcon.colcon_core.verb:set package 'articubot_one' build argument 'cmake_force_configure' from command line to 'False'
[4.416s] Level 5:colcon.colcon_core.verb:set package 'articubot_one' build argument 'ament_cmake_args' from command line to 'None'
[4.416s] Level 5:colcon.colcon_core.verb:set package 'articubot_one' build argument 'catkin_cmake_args' from command line to 'None'
[4.416s] Level 5:colcon.colcon_core.verb:set package 'articubot_one' build argument 'catkin_skip_building_tests' from command line to 'False'
[4.416s] DEBUG:colcon.colcon_core.verb:Building package 'articubot_one' with the following arguments: {'ament_cmake_args': None, 'build_base': '/home/ass/dev_ws/build/articubot_one', 'catkin_cmake_args': None, 'catkin_skip_building_tests': False, 'cmake_args': None, 'cmake_clean_cache': False, 'cmake_clean_first': False, 'cmake_force_configure': False, 'cmake_target': None, 'cmake_target_skip_unavailable': False, 'install_base': '/home/ass/dev_ws/install/articubot_one', 'merge_install': False, 'path': '/home/ass/dev_ws/src/articubot_one', 'symlink_install': True, 'test_result_base': None}
[4.420s] Level 5:colcon.colcon_core.verb:set package 'diffdrive_arduino' build argument 'cmake_args' from command line to 'None'
[4.420s] Level 5:colcon.colcon_core.verb:set package 'diffdrive_arduino' build argument 'cmake_target' from command line to 'None'
[4.420s] Level 5:colcon.colcon_core.verb:set package 'diffdrive_arduino' build argument 'cmake_target_skip_unavailable' from command line to 'False'
[4.420s] Level 5:colcon.colcon_core.verb:set package 'diffdrive_arduino' build argument 'cmake_clean_cache' from command line to 'False'
[4.420s] Level 5:colcon.colcon_core.verb:set package 'diffdrive_arduino' build argument 'cmake_clean_first' from command line to 'False'
[4.420s] Level 5:colcon.colcon_core.verb:set package 'diffdrive_arduino' build argument 'cmake_force_configure' from command line to 'False'
[4.421s] Level 5:colcon.colcon_core.verb:set package 'diffdrive_arduino' build argument 'ament_cmake_args' from command line to 'None'
[4.421s] Level 5:colcon.colcon_core.verb:set package 'diffdrive_arduino' build argument 'catkin_cmake_args' from command line to 'None'
[4.421s] Level 5:colcon.colcon_core.verb:set package 'diffdrive_arduino' build argument 'catkin_skip_building_tests' from command line to 'False'
[4.421s] DEBUG:colcon.colcon_core.verb:Building package 'diffdrive_arduino' with the following arguments: {'ament_cmake_args': None, 'build_base': '/home/ass/dev_ws/build/diffdrive_arduino', 'catkin_cmake_args': None, 'catkin_skip_building_tests': False, 'cmake_args': None, 'cmake_clean_cache': False, 'cmake_clean_first': False, 'cmake_force_configure': False, 'cmake_target': None, 'cmake_target_skip_unavailable': False, 'install_base': '/home/ass/dev_ws/install/diffdrive_arduino', 'merge_install': False, 'path': '/home/ass/dev_ws/src/diffdrive_arduino', 'symlink_install': True, 'test_result_base': None}
[4.425s] Level 5:colcon.colcon_core.verb:set package 'serial' build argument 'cmake_args' from command line to 'None'
[4.425s] Level 5:colcon.colcon_core.verb:set package 'serial' build argument 'cmake_target' from command line to 'None'
[4.425s] Level 5:colcon.colcon_core.verb:set package 'serial' build argument 'cmake_target_skip_unavailable' from command line to 'False'
[4.425s] Level 5:colcon.colcon_core.verb:set package 'serial' build argument 'cmake_clean_cache' from command line to 'False'
[4.425s] Level 5:colcon.colcon_core.verb:set package 'serial' build argument 'cmake_clean_first' from command line to 'False'
[4.426s] Level 5:colcon.colcon_core.verb:set package 'serial' build argument 'cmake_force_configure' from command line to 'False'
[4.426s] Level 5:colcon.colcon_core.verb:set package 'serial' build argument 'ament_cmake_args' from command line to 'None'
[4.426s] Level 5:colcon.colcon_core.verb:set package 'serial' build argument 'catkin_cmake_args' from command line to 'None'
[4.426s] Level 5:colcon.colcon_core.verb:set package 'serial' build argument 'catkin_skip_building_tests' from command line to 'False'
[4.426s] DEBUG:colcon.colcon_core.verb:Building package 'serial' with the following arguments: {'ament_cmake_args': None, 'build_base': '/home/ass/dev_ws/build/serial', 'catkin_cmake_args': None, 'catkin_skip_building_tests': False, 'cmake_args': None, 'cmake_clean_cache': False, 'cmake_clean_first': False, 'cmake_force_configure': False, 'cmake_target': None, 'cmake_target_skip_unavailable': False, 'install_base': '/home/ass/dev_ws/install/serial', 'merge_install': False, 'path': '/home/ass/dev_ws/src/serial', 'symlink_install': True, 'test_result_base': None}
[4.430s] Level 5:colcon.colcon_core.verb:set package 'twist_mux_test' build argument 'cmake_args' from command line to 'None'
[4.430s] Level 5:colcon.colcon_core.verb:set package 'twist_mux_test' build argument 'cmake_target' from command line to 'None'
[4.430s] Level 5:colcon.colcon_core.verb:set package 'twist_mux_test' build argument 'cmake_target_skip_unavailable' from command line to 'False'
[4.430s] Level 5:colcon.colcon_core.verb:set package 'twist_mux_test' build argument 'cmake_clean_cache' from command line to 'False'
[4.430s] Level 5:colcon.colcon_core.verb:set package 'twist_mux_test' build argument 'cmake_clean_first' from command line to 'False'
[4.431s] Level 5:colcon.colcon_core.verb:set package 'twist_mux_test' build argument 'cmake_force_configure' from command line to 'False'
[4.431s] Level 5:colcon.colcon_core.verb:set package 'twist_mux_test' build argument 'ament_cmake_args' from command line to 'None'
[4.431s] Level 5:colcon.colcon_core.verb:set package 'twist_mux_test' build argument 'catkin_cmake_args' from command line to 'None'
[4.431s] Level 5:colcon.colcon_core.verb:set package 'twist_mux_test' build argument 'catkin_skip_building_tests' from command line to 'False'
[4.431s] DEBUG:colcon.colcon_core.verb:Building package 'twist_mux_test' with the following arguments: {'ament_cmake_args': None, 'build_base': '/home/ass/dev_ws/build/twist_mux_test', 'catkin_cmake_args': None, 'catkin_skip_building_tests': False, 'cmake_args': None, 'cmake_clean_cache': False, 'cmake_clean_first': False, 'cmake_force_configure': False, 'cmake_target': None, 'cmake_target_skip_unavailable': False, 'install_base': '/home/ass/dev_ws/install/twist_mux_test', 'merge_install': False, 'path': '/home/ass/dev_ws/src/twist_mux_example/src/twist_mux_test', 'symlink_install': True, 'test_result_base': None}
[4.434s] INFO:colcon.colcon_core.executor:Executing jobs using 'parallel' executor
[4.446s] DEBUG:colcon.colcon_parallel_executor.executor.parallel:run_until_complete
[4.447s] INFO:colcon.colcon_ros.task.ament_cmake.build:Building ROS package in '/home/ass/dev_ws/src/articubot_one' with build type 'ament_cmake'
[4.448s] INFO:colcon.colcon_cmake.task.cmake.build:Building CMake package in '/home/ass/dev_ws/src/articubot_one'
[4.505s] INFO:colcon.colcon_core.plugin_system:Skipping extension 'colcon_core.shell.bat': Not used on non-Windows systems
[4.506s] INFO:colcon.colcon_core.shell:Skip shell extension 'powershell' for command environment: Not usable outside of PowerShell
[4.506s] DEBUG:colcon.colcon_core.shell:Skip shell extension 'dsv' for command environment
[4.534s] INFO:colcon.colcon_ros.task.ament_cmake.build:Building ROS package in '/home/ass/dev_ws/src/diffdrive_arduino' with build type 'ament_cmake'
[4.535s] INFO:colcon.colcon_cmake.task.cmake.build:Building CMake package in '/home/ass/dev_ws/src/diffdrive_arduino'
[4.542s] INFO:colcon.colcon_core.shell:Skip shell extension 'powershell' for command environment: Not usable outside of PowerShell
[4.542s] DEBUG:colcon.colcon_core.shell:Skip shell extension 'dsv' for command environment
[4.566s] INFO:colcon.colcon_ros.task.ament_cmake.build:Building ROS package in '/home/ass/dev_ws/src/serial' with build type 'ament_cmake'
[4.567s] INFO:colcon.colcon_cmake.task.cmake.build:Building CMake package in '/home/ass/dev_ws/src/serial'
[4.575s] INFO:colcon.colcon_core.shell:Skip shell extension 'powershell' for command environment: Not usable outside of PowerShell
[4.576s] DEBUG:colcon.colcon_core.shell:Skip shell extension 'dsv' for command environment
[4.601s] INFO:colcon.colcon_ros.task.ament_python.build:Building ROS package in '/home/ass/dev_ws/src/twist_mux_example/src/twist_mux_test' with build type 'ament_python'
[4.602s] Level 1:colcon.colcon_core.shell:create_environment_hook('twist_mux_test', 'ament_prefix_path')
[4.609s] INFO:colcon.colcon_core.shell:Creating environment hook '/home/ass/dev_ws/install/twist_mux_test/share/twist_mux_test/hook/ament_prefix_path.ps1'
[4.619s] INFO:colcon.colcon_core.shell:Creating environment descriptor '/home/ass/dev_ws/install/twist_mux_test/share/twist_mux_test/hook/ament_prefix_path.dsv'
[4.622s] INFO:colcon.colcon_core.shell:Creating environment hook '/home/ass/dev_ws/install/twist_mux_test/share/twist_mux_test/hook/ament_prefix_path.sh'
[4.635s] INFO:colcon.colcon_core.shell:Skip shell extension 'powershell' for command environment: Not usable outside of PowerShell
[4.635s] DEBUG:colcon.colcon_core.shell:Skip shell extension 'dsv' for command environment
[4.685s] DEBUG:colcon.colcon_core.event_handler.log_command:Invoking command in '/home/ass/dev_ws/build/articubot_one': CMAKE_PREFIX_PATH=/opt/ros/humble /usr/bin/cmake /home/ass/dev_ws/src/articubot_one -DAMENT_CMAKE_SYMLINK_INSTALL=1 -DCMAKE_INSTALL_PREFIX=/home/ass/dev_ws/install/articubot_one
[4.894s] DEBUG:colcon.colcon_core.event_handler.log_command:Invoking command in '/home/ass/dev_ws/build/diffdrive_arduino': CMAKE_PREFIX_PATH=/opt/ros/humble /usr/bin/cmake /home/ass/dev_ws/src/diffdrive_arduino -DAMENT_CMAKE_SYMLINK_INSTALL=1 -DCMAKE_INSTALL_PREFIX=/home/ass/dev_ws/install/diffdrive_arduino
[4.933s] DEBUG:colcon.colcon_core.event_handler.log_command:Invoking command in '/home/ass/dev_ws/build/serial': CMAKE_PREFIX_PATH=/opt/ros/humble /usr/bin/cmake /home/ass/dev_ws/src/serial -DAMENT_CMAKE_SYMLINK_INSTALL=1 -DCMAKE_INSTALL_PREFIX=/home/ass/dev_ws/install/serial
[6.885s] INFO:colcon.colcon_core.task.python.build:Building Python package in '/home/ass/dev_ws/src/twist_mux_example/src/twist_mux_test'
[6.895s] INFO:colcon.colcon_core.shell:Skip shell extension 'powershell' for command environment: Not usable outside of PowerShell
[6.896s] DEBUG:colcon.colcon_core.shell:Skip shell extension 'dsv' for command environment
[7.504s] DEBUG:colcon.colcon_core.event_handler.log_command:Invoked command in '/home/ass/dev_ws/build/articubot_one' returned '0': CMAKE_PREFIX_PATH=/opt/ros/humble /usr/bin/cmake /home/ass/dev_ws/src/articubot_one -DAMENT_CMAKE_SYMLINK_INSTALL=1 -DCMAKE_INSTALL_PREFIX=/home/ass/dev_ws/install/articubot_one
[7.507s] DEBUG:colcon.colcon_core.event_handler.log_command:Invoking command in '/home/ass/dev_ws/build/articubot_one': CMAKE_PREFIX_PATH=/opt/ros/humble /usr/bin/cmake --build /home/ass/dev_ws/build/articubot_one -- -j4 -l4
[7.517s] DEBUG:colcon.colcon_core.event_handler.log_command:Invoked command in '/home/ass/dev_ws/build/serial' returned '0': CMAKE_PREFIX_PATH=/opt/ros/humble /usr/bin/cmake /home/ass/dev_ws/src/serial -DAMENT_CMAKE_SYMLINK_INSTALL=1 -DCMAKE_INSTALL_PREFIX=/home/ass/dev_ws/install/serial
[7.526s] DEBUG:colcon.colcon_core.event_handler.log_command:Invoking command in '/home/ass/dev_ws/build/serial': CMAKE_PREFIX_PATH=/opt/ros/humble /usr/bin/cmake --build /home/ass/dev_ws/build/serial -- -j4 -l4
[7.720s] DEBUG:colcon.colcon_core.event_handler.log_command:Invoked command in '/home/ass/dev_ws/build/articubot_one' returned '0': CMAKE_PREFIX_PATH=/opt/ros/humble /usr/bin/cmake --build /home/ass/dev_ws/build/articubot_one -- -j4 -l4
[7.929s] DEBUG:colcon.colcon_core.event_handler.log_command:Invoking command in '/home/ass/dev_ws/build/articubot_one': CMAKE_PREFIX_PATH=/opt/ros/humble /usr/bin/cmake --install /home/ass/dev_ws/build/articubot_one
[8.331s] Level 1:colcon.colcon_core.environment:create_environment_scripts_only(articubot_one)
[8.336s] DEBUG:colcon.colcon_core.event_handler.log_command:Invoked command in '/home/ass/dev_ws/build/articubot_one' returned '0': CMAKE_PREFIX_PATH=/opt/ros/humble /usr/bin/cmake --install /home/ass/dev_ws/build/articubot_one
[8.508s] Level 1:colcon.colcon_core.environment:checking '/home/ass/dev_ws/install/articubot_one' for CMake module files
[8.515s] Level 1:colcon.colcon_core.environment:checking '/home/ass/dev_ws/install/articubot_one' for CMake config files
[8.544s] Level 1:colcon.colcon_core.shell:create_environment_hook('articubot_one', 'cmake_prefix_path')
[8.551s] INFO:colcon.colcon_core.shell:Creating environment hook '/home/ass/dev_ws/install/articubot_one/share/articubot_one/hook/cmake_prefix_path.ps1'
[8.570s] INFO:colcon.colcon_core.shell:Creating environment descriptor '/home/ass/dev_ws/install/articubot_one/share/articubot_one/hook/cmake_prefix_path.dsv'
[8.584s] INFO:colcon.colcon_core.shell:Creating environment hook '/home/ass/dev_ws/install/articubot_one/share/articubot_one/hook/cmake_prefix_path.sh'
[8.593s] Level 1:colcon.colcon_core.environment:checking '/home/ass/dev_ws/install/articubot_one/bin'
[8.593s] Level 1:colcon.colcon_core.environment:checking '/home/ass/dev_ws/install/articubot_one/lib/pkgconfig/articubot_one.pc'
[8.595s] Level 1:colcon.colcon_core.environment:checking '/home/ass/dev_ws/install/articubot_one/lib/python3.10/site-packages'
[8.596s] Level 1:colcon.colcon_core.environment:checking '/home/ass/dev_ws/install/articubot_one/bin'
[8.602s] INFO:colcon.colcon_core.shell:Creating package script '/home/ass/dev_ws/install/articubot_one/share/articubot_one/package.ps1'
[8.649s] INFO:colcon.colcon_core.shell:Creating package descriptor '/home/ass/dev_ws/install/articubot_one/share/articubot_one/package.dsv'
[8.657s] INFO:colcon.colcon_core.shell:Creating package script '/home/ass/dev_ws/install/articubot_one/share/articubot_one/package.sh'
[8.683s] INFO:colcon.colcon_core.shell:Creating package script '/home/ass/dev_ws/install/articubot_one/share/articubot_one/package.bash'
[8.693s] INFO:colcon.colcon_core.shell:Creating package script '/home/ass/dev_ws/install/articubot_one/share/articubot_one/package.zsh'
[8.704s] Level 1:colcon.colcon_core.environment:create_file_with_runtime_dependencies(/home/ass/dev_ws/install/articubot_one/share/colcon-core/packages/articubot_one)
[8.880s] Level 1:colcon.colcon_core.environment:create_environment_scripts_only(articubot_one)
[8.889s] Level 1:colcon.colcon_core.environment:checking '/home/ass/dev_ws/install/articubot_one' for CMake module files
[8.892s] Level 1:colcon.colcon_core.environment:checking '/home/ass/dev_ws/install/articubot_one' for CMake config files
[8.895s] Level 1:colcon.colcon_core.shell:create_environment_hook('articubot_one', 'cmake_prefix_path')
[8.901s] INFO:colcon.colcon_core.shell:Creating environment hook '/home/ass/dev_ws/install/articubot_one/share/articubot_one/hook/cmake_prefix_path.ps1'
[8.908s] INFO:colcon.colcon_core.shell:Creating environment descriptor '/home/ass/dev_ws/install/articubot_one/share/articubot_one/hook/cmake_prefix_path.dsv'
[8.911s] INFO:colcon.colcon_core.shell:Creating environment hook '/home/ass/dev_ws/install/articubot_one/share/articubot_one/hook/cmake_prefix_path.sh'
[8.915s] Level 1:colcon.colcon_core.environment:checking '/home/ass/dev_ws/install/articubot_one/bin'
[8.915s] Level 1:colcon.colcon_core.environment:checking '/home/ass/dev_ws/install/articubot_one/lib/pkgconfig/articubot_one.pc'
[8.917s] Level 1:colcon.colcon_core.environment:checking '/home/ass/dev_ws/install/articubot_one/lib/python3.10/site-packages'
[8.919s] Level 1:colcon.colcon_core.environment:checking '/home/ass/dev_ws/install/articubot_one/bin'
[8.927s] INFO:colcon.colcon_core.shell:Creating package script '/home/ass/dev_ws/install/articubot_one/share/articubot_one/package.ps1'
[8.933s] INFO:colcon.colcon_core.shell:Creating package descriptor '/home/ass/dev_ws/install/articubot_one/share/articubot_one/package.dsv'
[8.939s] INFO:colcon.colcon_core.shell:Creating package script '/home/ass/dev_ws/install/articubot_one/share/articubot_one/package.sh'
[8.943s] INFO:colcon.colcon_core.shell:Creating package script '/home/ass/dev_ws/install/articubot_one/share/articubot_one/package.bash'
[8.946s] INFO:colcon.colcon_core.shell:Creating package script '/home/ass/dev_ws/install/articubot_one/share/articubot_one/package.zsh'
[8.953s] Level 1:colcon.colcon_core.environment:create_file_with_runtime_dependencies(/home/ass/dev_ws/install/articubot_one/share/colcon-core/packages/articubot_one)
[11.412s] DEBUG:colcon.colcon_core.task.python.build:While undoing a previous installation files outside the Python library path are being ignored: /home/ass/dev_ws/install/twist_mux_test/share/ament_index/resource_index/packages/twist_mux_test
[11.413s] DEBUG:colcon.colcon_core.task.python.build:While undoing a previous installation files outside the Python library path are being ignored: /home/ass/dev_ws/install/twist_mux_test/share/twist_mux_test/package.xml
[11.415s] DEBUG:colcon.colcon_core.task.python.build:While undoing a previous installation files outside the Python library path are being ignored: /home/ass/dev_ws/install/twist_mux_test/share/twist_mux_test/launch/twist_mux_test.launch.py
[11.417s] DEBUG:colcon.colcon_core.task.python.build:While undoing a previous installation files outside the Python library path are being ignored: /home/ass/dev_ws/install/twist_mux_test/share/twist_mux_test/config/params.yaml
[11.449s] DEBUG:colcon.colcon_core.event_handler.log_command:Invoking command in '/home/ass/dev_ws/build/twist_mux_test': PYTHONPATH=/home/ass/dev_ws/build/twist_mux_test/prefix_override:/home/ass/dev_ws/install/twist_mux_test/lib/python3.10/site-packages:${PYTHONPATH} /usr/bin/python3 setup.py develop --editable --build-directory /home/ass/dev_ws/build/twist_mux_test/build --no-deps install_data
[15.212s] Level 1:colcon.colcon_core.shell:create_environment_hook('twist_mux_test', 'pythonpath_develop')
[15.221s] INFO:colcon.colcon_core.shell:Creating environment hook '/home/ass/dev_ws/build/twist_mux_test/share/twist_mux_test/hook/pythonpath_develop.ps1'
[15.227s] DEBUG:colcon.colcon_core.event_handler.log_command:Invoked command in '/home/ass/dev_ws/build/twist_mux_test' returned '0': PYTHONPATH=/home/ass/dev_ws/build/twist_mux_test/prefix_override:/home/ass/dev_ws/install/twist_mux_test/lib/python3.10/site-packages:${PYTHONPATH} /usr/bin/python3 setup.py develop --editable --build-directory /home/ass/dev_ws/build/twist_mux_test/build --no-deps install_data
[15.238s] INFO:colcon.colcon_core.shell:Creating environment descriptor '/home/ass/dev_ws/build/twist_mux_test/share/twist_mux_test/hook/pythonpath_develop.dsv'
[15.241s] INFO:colcon.colcon_core.shell:Creating environment hook '/home/ass/dev_ws/build/twist_mux_test/share/twist_mux_test/hook/pythonpath_develop.sh'
[15.271s] Level 1:colcon.colcon_core.environment:checking '/home/ass/dev_ws/install/twist_mux_test' for CMake module files
[15.275s] Level 1:colcon.colcon_core.environment:checking '/home/ass/dev_ws/install/twist_mux_test' for CMake config files
[15.291s] Level 1:colcon.colcon_core.environment:checking '/home/ass/dev_ws/install/twist_mux_test/lib'
[15.293s] Level 1:colcon.colcon_core.environment:checking '/home/ass/dev_ws/install/twist_mux_test/bin'
[15.294s] Level 1:colcon.colcon_core.environment:checking '/home/ass/dev_ws/install/twist_mux_test/lib/pkgconfig/twist_mux_test.pc'
[15.296s] Level 1:colcon.colcon_core.environment:checking '/home/ass/dev_ws/install/twist_mux_test/lib/python3.10/site-packages'
[15.297s] Level 1:colcon.colcon_core.shell:create_environment_hook('twist_mux_test', 'pythonpath')
[15.327s] INFO:colcon.colcon_core.shell:Creating environment hook '/home/ass/dev_ws/install/twist_mux_test/share/twist_mux_test/hook/pythonpath.ps1'
[15.333s] INFO:colcon.colcon_core.shell:Creating environment descriptor '/home/ass/dev_ws/install/twist_mux_test/share/twist_mux_test/hook/pythonpath.dsv'
[15.340s] INFO:colcon.colcon_core.shell:Creating environment hook '/home/ass/dev_ws/install/twist_mux_test/share/twist_mux_test/hook/pythonpath.sh'
[15.349s] Level 1:colcon.colcon_core.environment:checking '/home/ass/dev_ws/install/twist_mux_test/bin'
[15.352s] Level 1:colcon.colcon_core.environment:create_environment_scripts_only(twist_mux_test)
[15.367s] INFO:colcon.colcon_core.shell:Creating package script '/home/ass/dev_ws/install/twist_mux_test/share/twist_mux_test/package.ps1'
[15.387s] INFO:colcon.colcon_core.shell:Creating package descriptor '/home/ass/dev_ws/install/twist_mux_test/share/twist_mux_test/package.dsv'
[15.393s] INFO:colcon.colcon_core.shell:Creating package script '/home/ass/dev_ws/install/twist_mux_test/share/twist_mux_test/package.sh'
[15.405s] INFO:colcon.colcon_core.shell:Creating package script '/home/ass/dev_ws/install/twist_mux_test/share/twist_mux_test/package.bash'
[15.411s] INFO:colcon.colcon_core.shell:Creating package script '/home/ass/dev_ws/install/twist_mux_test/share/twist_mux_test/package.zsh'
[15.424s] Level 1:colcon.colcon_core.environment:create_file_with_runtime_dependencies(/home/ass/dev_ws/install/twist_mux_test/share/colcon-core/packages/twist_mux_test)
[17.738s] DEBUG:colcon.colcon_core.event_handler.log_command:Invoked command in '/home/ass/dev_ws/build/diffdrive_arduino' returned '0': CMAKE_PREFIX_PATH=/opt/ros/humble /usr/bin/cmake /home/ass/dev_ws/src/diffdrive_arduino -DAMENT_CMAKE_SYMLINK_INSTALL=1 -DCMAKE_INSTALL_PREFIX=/home/ass/dev_ws/install/diffdrive_arduino
[17.747s] DEBUG:colcon.colcon_core.event_handler.log_command:Invoking command in '/home/ass/dev_ws/build/diffdrive_arduino': CMAKE_PREFIX_PATH=/opt/ros/humble /usr/bin/cmake --build /home/ass/dev_ws/build/diffdrive_arduino -- -j4 -l4
[23.890s] DEBUG:colcon.colcon_core.event_handler.log_command:Invoked command in '/home/ass/dev_ws/build/serial' returned '0': CMAKE_PREFIX_PATH=/opt/ros/humble /usr/bin/cmake --build /home/ass/dev_ws/build/serial -- -j4 -l4
[24.093s] DEBUG:colcon.colcon_core.event_handler.log_command:Invoking command in '/home/ass/dev_ws/build/serial': CMAKE_PREFIX_PATH=/opt/ros/humble /usr/bin/cmake --install /home/ass/dev_ws/build/serial
[24.230s] Level 1:colcon.colcon_core.environment:create_environment_scripts_only(serial)
[24.243s] Level 1:colcon.colcon_core.environment:checking '/home/ass/dev_ws/install/serial' for CMake module files
[24.244s] DEBUG:colcon.colcon_core.event_handler.log_command:Invoked command in '/home/ass/dev_ws/build/serial' returned '0': CMAKE_PREFIX_PATH=/opt/ros/humble /usr/bin/cmake --install /home/ass/dev_ws/build/serial
[24.248s] Level 1:colcon.colcon_core.environment:checking '/home/ass/dev_ws/install/serial' for CMake config files
[24.249s] Level 1:colcon.colcon_core.shell:create_environment_hook('serial', 'cmake_prefix_path')
[24.256s] INFO:colcon.colcon_core.shell:Creating environment hook '/home/ass/dev_ws/install/serial/share/serial/hook/cmake_prefix_path.ps1'
[24.260s] INFO:colcon.colcon_core.shell:Creating environment descriptor '/home/ass/dev_ws/install/serial/share/serial/hook/cmake_prefix_path.dsv'
[24.263s] INFO:colcon.colcon_core.shell:Creating environment hook '/home/ass/dev_ws/install/serial/share/serial/hook/cmake_prefix_path.sh'
[24.266s] Level 1:colcon.colcon_core.environment:checking '/home/ass/dev_ws/install/serial/lib'
[24.267s] Level 1:colcon.colcon_core.environment:checking '/home/ass/dev_ws/install/serial/bin'
[24.267s] Level 1:colcon.colcon_core.environment:checking '/home/ass/dev_ws/install/serial/lib/pkgconfig/serial.pc'
[24.268s] Level 1:colcon.colcon_core.environment:checking '/home/ass/dev_ws/install/serial/lib/python3.10/site-packages'
[24.269s] Level 1:colcon.colcon_core.environment:checking '/home/ass/dev_ws/install/serial/bin'
[24.275s] INFO:colcon.colcon_core.shell:Creating package script '/home/ass/dev_ws/install/serial/share/serial/package.ps1'
[24.278s] INFO:colcon.colcon_core.shell:Creating package descriptor '/home/ass/dev_ws/install/serial/share/serial/package.dsv'
[24.280s] INFO:colcon.colcon_core.shell:Creating package script '/home/ass/dev_ws/install/serial/share/serial/package.sh'
[24.283s] INFO:colcon.colcon_core.shell:Creating package script '/home/ass/dev_ws/install/serial/share/serial/package.bash'
[24.285s] INFO:colcon.colcon_core.shell:Creating package script '/home/ass/dev_ws/install/serial/share/serial/package.zsh'
[24.287s] Level 1:colcon.colcon_core.environment:create_file_with_runtime_dependencies(/home/ass/dev_ws/install/serial/share/colcon-core/packages/serial)
[24.494s] Level 1:colcon.colcon_core.environment:create_environment_scripts_only(serial)
[24.502s] Level 1:colcon.colcon_core.environment:checking '/home/ass/dev_ws/install/serial' for CMake module files
[24.505s] Level 1:colcon.colcon_core.environment:checking '/home/ass/dev_ws/install/serial' for CMake config files
[24.508s] Level 1:colcon.colcon_core.shell:create_environment_hook('serial', 'cmake_prefix_path')
[24.513s] INFO:colcon.colcon_core.shell:Creating environment hook '/home/ass/dev_ws/install/serial/share/serial/hook/cmake_prefix_path.ps1'
[24.516s] INFO:colcon.colcon_core.shell:Creating environment descriptor '/home/ass/dev_ws/install/serial/share/serial/hook/cmake_prefix_path.dsv'
[24.520s] INFO:colcon.colcon_core.shell:Creating environment hook '/home/ass/dev_ws/install/serial/share/serial/hook/cmake_prefix_path.sh'
[24.523s] Level 1:colcon.colcon_core.environment:checking '/home/ass/dev_ws/install/serial/lib'
[24.524s] Level 1:colcon.colcon_core.environment:checking '/home/ass/dev_ws/install/serial/bin'
[24.524s] Level 1:colcon.colcon_core.environment:checking '/home/ass/dev_ws/install/serial/lib/pkgconfig/serial.pc'
[24.525s] Level 1:colcon.colcon_core.environment:checking '/home/ass/dev_ws/install/serial/lib/python3.10/site-packages'
[24.527s] Level 1:colcon.colcon_core.environment:checking '/home/ass/dev_ws/install/serial/bin'
[24.533s] INFO:colcon.colcon_core.shell:Creating package script '/home/ass/dev_ws/install/serial/share/serial/package.ps1'
[24.536s] INFO:colcon.colcon_core.shell:Creating package descriptor '/home/ass/dev_ws/install/serial/share/serial/package.dsv'
[24.540s] INFO:colcon.colcon_core.shell:Creating package script '/home/ass/dev_ws/install/serial/share/serial/package.sh'
[24.543s] INFO:colcon.colcon_core.shell:Creating package script '/home/ass/dev_ws/install/serial/share/serial/package.bash'
[24.545s] INFO:colcon.colcon_core.shell:Creating package script '/home/ass/dev_ws/install/serial/share/serial/package.zsh'
[24.547s] Level 1:colcon.colcon_core.environment:create_file_with_runtime_dependencies(/home/ass/dev_ws/install/serial/share/colcon-core/packages/serial)
[36.949s] DEBUG:colcon.colcon_core.event_handler.log_command:Invoked command in '/home/ass/dev_ws/build/diffdrive_arduino' returned '0': CMAKE_PREFIX_PATH=/opt/ros/humble /usr/bin/cmake --build /home/ass/dev_ws/build/diffdrive_arduino -- -j4 -l4
[37.077s] DEBUG:colcon.colcon_core.event_handler.log_command:Invoking command in '/home/ass/dev_ws/build/diffdrive_arduino': CMAKE_PREFIX_PATH=/opt/ros/humble /usr/bin/cmake --install /home/ass/dev_ws/build/diffdrive_arduino
[37.258s] Level 1:colcon.colcon_core.environment:create_environment_scripts_only(diffdrive_arduino)
[37.268s] Level 1:colcon.colcon_core.environment:checking '/home/ass/dev_ws/install/diffdrive_arduino' for CMake module files
[37.269s] DEBUG:colcon.colcon_core.event_handler.log_command:Invoked command in '/home/ass/dev_ws/build/diffdrive_arduino' returned '0': CMAKE_PREFIX_PATH=/opt/ros/humble /usr/bin/cmake --install /home/ass/dev_ws/build/diffdrive_arduino
[37.272s] Level 1:colcon.colcon_core.environment:checking '/home/ass/dev_ws/install/diffdrive_arduino' for CMake config files
[37.278s] Level 1:colcon.colcon_core.shell:create_environment_hook('diffdrive_arduino', 'cmake_prefix_path')
[37.284s] INFO:colcon.colcon_core.shell:Creating environment hook '/home/ass/dev_ws/install/diffdrive_arduino/share/diffdrive_arduino/hook/cmake_prefix_path.ps1'
[37.286s] INFO:colcon.colcon_core.shell:Creating environment descriptor '/home/ass/dev_ws/install/diffdrive_arduino/share/diffdrive_arduino/hook/cmake_prefix_path.dsv'
[37.288s] INFO:colcon.colcon_core.shell:Creating environment hook '/home/ass/dev_ws/install/diffdrive_arduino/share/diffdrive_arduino/hook/cmake_prefix_path.sh'
[37.291s] Level 1:colcon.colcon_core.environment:checking '/home/ass/dev_ws/install/diffdrive_arduino/lib'
[37.292s] Level 1:colcon.colcon_core.shell:create_environment_hook('diffdrive_arduino', 'ld_library_path_lib')
[37.298s] INFO:colcon.colcon_core.shell:Creating environment hook '/home/ass/dev_ws/install/diffdrive_arduino/share/diffdrive_arduino/hook/ld_library_path_lib.ps1'
[37.300s] INFO:colcon.colcon_core.shell:Creating environment descriptor '/home/ass/dev_ws/install/diffdrive_arduino/share/diffdrive_arduino/hook/ld_library_path_lib.dsv'
[37.302s] INFO:colcon.colcon_core.shell:Creating environment hook '/home/ass/dev_ws/install/diffdrive_arduino/share/diffdrive_arduino/hook/ld_library_path_lib.sh'
[37.304s] Level 1:colcon.colcon_core.environment:checking '/home/ass/dev_ws/install/diffdrive_arduino/bin'
[37.304s] Level 1:colcon.colcon_core.environment:checking '/home/ass/dev_ws/install/diffdrive_arduino/lib/pkgconfig/diffdrive_arduino.pc'
[37.305s] Level 1:colcon.colcon_core.environment:checking '/home/ass/dev_ws/install/diffdrive_arduino/lib/python3.10/site-packages'
[37.306s] Level 1:colcon.colcon_core.environment:checking '/home/ass/dev_ws/install/diffdrive_arduino/bin'
[37.311s] INFO:colcon.colcon_core.shell:Creating package script '/home/ass/dev_ws/install/diffdrive_arduino/share/diffdrive_arduino/package.ps1'
[37.314s] INFO:colcon.colcon_core.shell:Creating package descriptor '/home/ass/dev_ws/install/diffdrive_arduino/share/diffdrive_arduino/package.dsv'
[37.316s] INFO:colcon.colcon_core.shell:Creating package script '/home/ass/dev_ws/install/diffdrive_arduino/share/diffdrive_arduino/package.sh'
[37.319s] INFO:colcon.colcon_core.shell:Creating package script '/home/ass/dev_ws/install/diffdrive_arduino/share/diffdrive_arduino/package.bash'
[37.320s] INFO:colcon.colcon_core.shell:Creating package script '/home/ass/dev_ws/install/diffdrive_arduino/share/diffdrive_arduino/package.zsh'
[37.322s] Level 1:colcon.colcon_core.environment:create_file_with_runtime_dependencies(/home/ass/dev_ws/install/diffdrive_arduino/share/colcon-core/packages/diffdrive_arduino)
[37.446s] Level 1:colcon.colcon_core.environment:create_environment_scripts_only(diffdrive_arduino)
[37.456s] Level 1:colcon.colcon_core.environment:checking '/home/ass/dev_ws/install/diffdrive_arduino' for CMake module files
[37.460s] Level 1:colcon.colcon_core.environment:checking '/home/ass/dev_ws/install/diffdrive_arduino' for CMake config files
[37.461s] Level 1:colcon.colcon_core.shell:create_environment_hook('diffdrive_arduino', 'cmake_prefix_path')
[37.466s] INFO:colcon.colcon_core.shell:Creating environment hook '/home/ass/dev_ws/install/diffdrive_arduino/share/diffdrive_arduino/hook/cmake_prefix_path.ps1'
[37.468s] INFO:colcon.colcon_core.shell:Creating environment descriptor '/home/ass/dev_ws/install/diffdrive_arduino/share/diffdrive_arduino/hook/cmake_prefix_path.dsv'
[37.472s] INFO:colcon.colcon_core.shell:Creating environment hook '/home/ass/dev_ws/install/diffdrive_arduino/share/diffdrive_arduino/hook/cmake_prefix_path.sh'
[37.474s] Level 1:colcon.colcon_core.environment:checking '/home/ass/dev_ws/install/diffdrive_arduino/lib'
[37.475s] Level 1:colcon.colcon_core.shell:create_environment_hook('diffdrive_arduino', 'ld_library_path_lib')
[37.481s] INFO:colcon.colcon_core.shell:Creating environment hook '/home/ass/dev_ws/install/diffdrive_arduino/share/diffdrive_arduino/hook/ld_library_path_lib.ps1'
[37.484s] INFO:colcon.colcon_core.shell:Creating environment descriptor '/home/ass/dev_ws/install/diffdrive_arduino/share/diffdrive_arduino/hook/ld_library_path_lib.dsv'
[37.487s] INFO:colcon.colcon_core.shell:Creating environment hook '/home/ass/dev_ws/install/diffdrive_arduino/share/diffdrive_arduino/hook/ld_library_path_lib.sh'
[37.489s] Level 1:colcon.colcon_core.environment:checking '/home/ass/dev_ws/install/diffdrive_arduino/bin'
[37.489s] Level 1:colcon.colcon_core.environment:checking '/home/ass/dev_ws/install/diffdrive_arduino/lib/pkgconfig/diffdrive_arduino.pc'
[37.490s] Level 1:colcon.colcon_core.environment:checking '/home/ass/dev_ws/install/diffdrive_arduino/lib/python3.10/site-packages'
[37.491s] Level 1:colcon.colcon_core.environment:checking '/home/ass/dev_ws/install/diffdrive_arduino/bin'
[37.496s] INFO:colcon.colcon_core.shell:Creating package script '/home/ass/dev_ws/install/diffdrive_arduino/share/diffdrive_arduino/package.ps1'
[37.499s] INFO:colcon.colcon_core.shell:Creating package descriptor '/home/ass/dev_ws/install/diffdrive_arduino/share/diffdrive_arduino/package.dsv'
[37.502s] INFO:colcon.colcon_core.shell:Creating package script '/home/ass/dev_ws/install/diffdrive_arduino/share/diffdrive_arduino/package.sh'
[37.504s] INFO:colcon.colcon_core.shell:Creating package script '/home/ass/dev_ws/install/diffdrive_arduino/share/diffdrive_arduino/package.bash'
[37.506s] INFO:colcon.colcon_core.shell:Creating package script '/home/ass/dev_ws/install/diffdrive_arduino/share/diffdrive_arduino/package.zsh'
[37.507s] Level 1:colcon.colcon_core.environment:create_file_with_runtime_dependencies(/home/ass/dev_ws/install/diffdrive_arduino/share/colcon-core/packages/diffdrive_arduino)
[37.509s] DEBUG:colcon.colcon_parallel_executor.executor.parallel:closing loop
[37.510s] DEBUG:colcon.colcon_parallel_executor.executor.parallel:loop closed
[37.511s] DEBUG:colcon.colcon_parallel_executor.executor.parallel:run_until_complete finished with '0'
[37.511s] DEBUG:colcon.colcon_core.event_reactor:joining thread
[37.546s] INFO:colcon.colcon_core.plugin_system:Skipping extension 'colcon_notification.desktop_notification.terminal_notifier': Not used on non-Darwin systems
[37.546s] INFO:colcon.colcon_core.plugin_system:Skipping extension 'colcon_notification.desktop_notification.win32': Not used on non-Windows systems
[37.546s] INFO:colcon.colcon_notification.desktop_notification:Sending desktop notification using 'notify2'
[37.621s] DEBUG:colcon.colcon_core.event_reactor:joined thread
[37.630s] INFO:colcon.colcon_core.shell:Creating prefix script '/home/ass/dev_ws/install/local_setup.ps1'
[37.643s] INFO:colcon.colcon_core.shell:Creating prefix util module '/home/ass/dev_ws/install/_local_setup_util_ps1.py'
[37.654s] INFO:colcon.colcon_core.shell:Creating prefix chain script '/home/ass/dev_ws/install/setup.ps1'
[37.661s] INFO:colcon.colcon_core.shell:Creating prefix script '/home/ass/dev_ws/install/local_setup.sh'
[37.665s] INFO:colcon.colcon_core.shell:Creating prefix util module '/home/ass/dev_ws/install/_local_setup_util_sh.py'
[37.668s] INFO:colcon.colcon_core.shell:Creating prefix chain script '/home/ass/dev_ws/install/setup.sh'
[37.676s] INFO:colcon.colcon_core.shell:Creating prefix script '/home/ass/dev_ws/install/local_setup.bash'
[37.681s] INFO:colcon.colcon_core.shell:Creating prefix chain script '/home/ass/dev_ws/install/setup.bash'
[37.689s] INFO:colcon.colcon_core.shell:Creating prefix script '/home/ass/dev_ws/install/local_setup.zsh'
[37.693s] INFO:colcon.colcon_core.shell:Creating prefix chain script '/home/ass/dev_ws/install/setup.zsh'
