[0.071s] Invoking command in '/home/ass/dev_ws/build/articubot_one': CMAKE_PREFIX_PATH=/opt/ros/humble /usr/bin/cmake /home/ass/dev_ws/src/articubot_one -DAMENT_CMAKE_SYMLINK_INSTALL=1 -DCMAKE_INSTALL_PREFIX=/home/ass/dev_ws/install/articubot_one
[1.439s] -- The C compiler identification is GNU 11.3.0
[2.409s] -- The CXX compiler identification is GNU 11.3.0
[2.467s] -- Detecting C compiler ABI info
[2.895s] -- Detecting C compiler ABI info - done
[2.922s] -- Check for working C compiler: /usr/bin/cc - skipped
[2.926s] -- Detecting C compile features
[2.930s] -- Detecting C compile features - done
[2.948s] -- Detecting CXX compiler ABI info
[3.360s] -- Detecting CXX compiler ABI info - done
[3.390s] -- Check for working CXX compiler: /usr/bin/c++ - skipped
[3.391s] -- Detecting CXX compile features
[3.393s] -- Detecting CXX compile features - done
[3.441s] -- Found ament_cmake: 1.3.5 (/opt/ros/humble/share/ament_cmake/cmake)
[4.508s] -- Found Python3: /usr/bin/python3.10 (found version "3.10.6") found components: Interpreter 
[4.926s] -- Override CMake install command with custom implementation using symlinks instead of copying resources
[5.363s] -- Found ament_lint_auto: 0.12.6 (/opt/ros/humble/share/ament_lint_auto/cmake)
[5.969s] -- Added test 'copyright' to check source files copyright and LICENSE
[6.076s] -- Added test 'flake8' to check Python code syntax and style conventions
[6.091s] -- Added test 'lint_cmake' to check CMake code style
[6.100s] -- Added test 'pep257' to check Python code against some of the docstring style conventions in PEP 257
[6.156s] -- Added test 'xmllint' to check XML markup files
[6.168s] -- Configuring done
[6.191s] -- Generating done
[6.196s] -- Build files have been written to: /home/ass/dev_ws/build/articubot_one
[6.213s] Invoked command in '/home/ass/dev_ws/build/articubot_one' returned '0': CMAKE_PREFIX_PATH=/opt/ros/humble /usr/bin/cmake /home/ass/dev_ws/src/articubot_one -DAMENT_CMAKE_SYMLINK_INSTALL=1 -DCMAKE_INSTALL_PREFIX=/home/ass/dev_ws/install/articubot_one
[6.224s] Invoking command in '/home/ass/dev_ws/build/articubot_one': CMAKE_PREFIX_PATH=/opt/ros/humble /usr/bin/cmake --build /home/ass/dev_ws/build/articubot_one -- -j4 -l4
[6.386s] Invoked command in '/home/ass/dev_ws/build/articubot_one' returned '0': CMAKE_PREFIX_PATH=/opt/ros/humble /usr/bin/cmake --build /home/ass/dev_ws/build/articubot_one -- -j4 -l4
[6.530s] Invoking command in '/home/ass/dev_ws/build/articubot_one': CMAKE_PREFIX_PATH=/opt/ros/humble /usr/bin/cmake --install /home/ass/dev_ws/build/articubot_one
[6.560s] -- Install configuration: ""
[6.562s] -- Execute custom install script
[6.566s] -- Symlinking: /home/ass/dev_ws/install/articubot_one/share/articubot_one/config/ball_tracker_params_robot.yaml
[6.598s] -- Symlinking: /home/ass/dev_ws/install/articubot_one/share/articubot_one/config/ball_tracker_params_sim.yaml
[6.632s] -- Symlinking: /home/ass/dev_ws/install/articubot_one/share/articubot_one/config/drive_bot.rviz
[6.683s] -- Symlinking: /home/ass/dev_ws/install/articubot_one/share/articubot_one/config/empty.yaml
[6.715s] -- Symlinking: /home/ass/dev_ws/install/articubot_one/share/articubot_one/config/gaz_ros2_ctl_use_sim.yaml
[6.751s] -- Symlinking: /home/ass/dev_ws/install/articubot_one/share/articubot_one/config/gazebo_params.yaml
[6.784s] -- Symlinking: /home/ass/dev_ws/install/articubot_one/share/articubot_one/config/joystick.yaml
[6.817s] -- Symlinking: /home/ass/dev_ws/install/articubot_one/share/articubot_one/config/main.rviz
[6.859s] -- Symlinking: /home/ass/dev_ws/install/articubot_one/share/articubot_one/config/map.rviz
[6.890s] -- Symlinking: /home/ass/dev_ws/install/articubot_one/share/articubot_one/config/mapper_params_online_async.yaml
[6.925s] -- Symlinking: /home/ass/dev_ws/install/articubot_one/share/articubot_one/config/my_controllers.yaml
[6.960s] -- Symlinking: /home/ass/dev_ws/install/articubot_one/share/articubot_one/config/nav2_params.yaml
[6.996s] -- Symlinking: /home/ass/dev_ws/install/articubot_one/share/articubot_one/config/twist_mux.yaml
[7.044s] -- Symlinking: /home/ass/dev_ws/install/articubot_one/share/articubot_one/config/view_bot.rviz
[7.088s] -- Symlinking: /home/ass/dev_ws/install/articubot_one/share/articubot_one/description/camera.xacro
[7.130s] -- Symlinking: /home/ass/dev_ws/install/articubot_one/share/articubot_one/description/depth_camera.xacro
[7.179s] -- Symlinking: /home/ass/dev_ws/install/articubot_one/share/articubot_one/description/face.xacro
[7.214s] -- Symlinking: /home/ass/dev_ws/install/articubot_one/share/articubot_one/description/gazebo_control.xacro
[7.252s] -- Symlinking: /home/ass/dev_ws/install/articubot_one/share/articubot_one/description/inertial_macros.xacro
[7.294s] -- Symlinking: /home/ass/dev_ws/install/articubot_one/share/articubot_one/description/lidar.xacro
[7.328s] -- Symlinking: /home/ass/dev_ws/install/articubot_one/share/articubot_one/description/robot.urdf.xacro
[7.365s] -- Symlinking: /home/ass/dev_ws/install/articubot_one/share/articubot_one/description/robot_core.xacro
[7.403s] -- Symlinking: /home/ass/dev_ws/install/articubot_one/share/articubot_one/description/ros2_control.xacro
[7.440s] -- Symlinking: /home/ass/dev_ws/install/articubot_one/share/articubot_one/launch/ball_tracker.launch.py
[7.485s] -- Symlinking: /home/ass/dev_ws/install/articubot_one/share/articubot_one/launch/camera.launch.py
[7.533s] -- Symlinking: /home/ass/dev_ws/install/articubot_one/share/articubot_one/launch/joystick.launch.py
[7.570s] -- Symlinking: /home/ass/dev_ws/install/articubot_one/share/articubot_one/launch/launch_robot.launch.py
[7.613s] -- Symlinking: /home/ass/dev_ws/install/articubot_one/share/articubot_one/launch/launch_sim.launch.py
[7.658s] -- Symlinking: /home/ass/dev_ws/install/articubot_one/share/articubot_one/launch/localization_launch.py
[7.704s] -- Symlinking: /home/ass/dev_ws/install/articubot_one/share/articubot_one/launch/navigation_launch.py
[7.784s] -- Symlinking: /home/ass/dev_ws/install/articubot_one/share/articubot_one/launch/online_async_launch.py
[7.822s] -- Symlinking: /home/ass/dev_ws/install/articubot_one/share/articubot_one/launch/rplidar.launch.py
[7.863s] -- Symlinking: /home/ass/dev_ws/install/articubot_one/share/articubot_one/launch/rsp.launch.py
[7.904s] -- Symlinking: /home/ass/dev_ws/install/articubot_one/share/articubot_one/worlds/empty.world
[7.967s] -- Symlinking: /home/ass/dev_ws/install/articubot_one/share/articubot_one/worlds/obstacles.world
[8.105s] -- Symlinking: /home/ass/dev_ws/install/articubot_one/share/ament_index/resource_index/package_run_dependencies/articubot_one
[8.201s] -- Symlinking: /home/ass/dev_ws/install/articubot_one/share/ament_index/resource_index/parent_prefix_path/articubot_one
[8.472s] -- Symlinking: /home/ass/dev_ws/install/articubot_one/share/articubot_one/environment/ament_prefix_path.sh
[8.522s] -- Symlinking: /home/ass/dev_ws/install/articubot_one/share/articubot_one/environment/ament_prefix_path.dsv
[8.574s] -- Symlinking: /home/ass/dev_ws/install/articubot_one/share/articubot_one/environment/path.sh
[8.631s] -- Symlinking: /home/ass/dev_ws/install/articubot_one/share/articubot_one/environment/path.dsv
[8.694s] -- Symlinking: /home/ass/dev_ws/install/articubot_one/share/articubot_one/local_setup.bash
[8.764s] -- Symlinking: /home/ass/dev_ws/install/articubot_one/share/articubot_one/local_setup.sh
[8.860s] -- Symlinking: /home/ass/dev_ws/install/articubot_one/share/articubot_one/local_setup.zsh
[8.973s] -- Symlinking: /home/ass/dev_ws/install/articubot_one/share/articubot_one/local_setup.dsv
[9.115s] -- Symlinking: /home/ass/dev_ws/install/articubot_one/share/articubot_one/package.dsv
[9.235s] -- Symlinking: /home/ass/dev_ws/install/articubot_one/share/ament_index/resource_index/packages/articubot_one
[9.291s] -- Symlinking: /home/ass/dev_ws/install/articubot_one/share/articubot_one/cmake/articubot_oneConfig.cmake
[9.467s] -- Symlinking: /home/ass/dev_ws/install/articubot_one/share/articubot_one/cmake/articubot_oneConfig-version.cmake
[9.580s] -- Symlinking: /home/ass/dev_ws/install/articubot_one/share/articubot_one/package.xml
[9.729s] Invoked command in '/home/ass/dev_ws/build/articubot_one' returned '0': CMAKE_PREFIX_PATH=/opt/ros/humble /usr/bin/cmake --install /home/ass/dev_ws/build/articubot_one
