[0.052s] Invoking command in '/home/ass/dev_ws/build/diffdrive_arduino': AMENT_PREFIX_PATH=/home/ass/dev_ws/install/serial:${AMENT_PREFIX_PATH} CMAKE_PREFIX_PATH=/home/ass/dev_ws/install/serial:/opt/ros/humble LD_LIBRARY_PATH=/home/ass/dev_ws/install/serial/lib:${LD_LIBRARY_PATH} /usr/bin/cmake /home/ass/dev_ws/src/diffdrive_arduino -DAMENT_CMAKE_SYMLINK_INSTALL=1 -DCMAKE_INSTALL_PREFIX=/home/ass/dev_ws/install/diffdrive_arduino
[0.109s] -- Found ament_cmake: 1.3.5 (/opt/ros/humble/share/ament_cmake/cmake)
[0.902s] -- Override CMake install command with custom implementation using symlinks instead of copying resources
[0.957s] -- Found serial: 1.2.1 (/home/ass/dev_ws/install/serial/share/serial/cmake)
[0.981s] -- Found hardware_interface: 2.28.0 (/opt/ros/humble/share/hardware_interface/cmake)
[1.514s] -- Found rosidl_generator_c: 3.1.4 (/opt/ros/humble/share/rosidl_generator_c/cmake)
[1.593s] -- Found rosidl_adapter: 3.1.4 (/opt/ros/humble/share/rosidl_adapter/cmake)
[1.694s] -- Found rosidl_generator_cpp: 3.1.4 (/opt/ros/humble/share/rosidl_generator_cpp/cmake)
[1.880s] -- Using all available rosidl_typesupport_c: rosidl_typesupport_fastrtps_c;rosidl_typesupport_introspection_c
[2.067s] -- Using all available rosidl_typesupport_cpp: rosidl_typesupport_fastrtps_cpp;rosidl_typesupport_introspection_cpp
[5.788s] -- Found rmw_implementation_cmake: 6.1.1 (/opt/ros/humble/share/rmw_implementation_cmake/cmake)
[5.833s] -- Found rmw_fastrtps_cpp: 6.2.2 (/opt/ros/humble/share/rmw_fastrtps_cpp/cmake)
[6.647s] -- Found OpenSSL: /usr/lib/aarch64-linux-gnu/libcrypto.so (found version "3.0.2")  
[6.922s] -- Found FastRTPS: /opt/ros/humble/include  
[7.376s] -- Using RMW implementation 'rmw_fastrtps_cpp' as default
[7.519s] -- Looking for pthread.h
[7.958s] -- Looking for pthread.h - found
[7.964s] -- Performing Test CMAKE_HAVE_LIBC_PTHREAD
[8.296s] -- Performing Test CMAKE_HAVE_LIBC_PTHREAD - Success
[8.302s] -- Found Threads: TRUE  
[9.119s] -- Found controller_manager: 2.28.0 (/opt/ros/humble/share/controller_manager/cmake)
[13.759s] -- Configuring done
[14.371s] -- Generating done
[14.379s] -- Build files have been written to: /home/ass/dev_ws/build/diffdrive_arduino
[14.418s] Invoked command in '/home/ass/dev_ws/build/diffdrive_arduino' returned '0': AMENT_PREFIX_PATH=/home/ass/dev_ws/install/serial:${AMENT_PREFIX_PATH} CMAKE_PREFIX_PATH=/home/ass/dev_ws/install/serial:/opt/ros/humble LD_LIBRARY_PATH=/home/ass/dev_ws/install/serial/lib:${LD_LIBRARY_PATH} /usr/bin/cmake /home/ass/dev_ws/src/diffdrive_arduino -DAMENT_CMAKE_SYMLINK_INSTALL=1 -DCMAKE_INSTALL_PREFIX=/home/ass/dev_ws/install/diffdrive_arduino
[14.427s] Invoking command in '/home/ass/dev_ws/build/diffdrive_arduino': AMENT_PREFIX_PATH=/home/ass/dev_ws/install/serial:${AMENT_PREFIX_PATH} CMAKE_PREFIX_PATH=/home/ass/dev_ws/install/serial:/opt/ros/humble LD_LIBRARY_PATH=/home/ass/dev_ws/install/serial/lib:${LD_LIBRARY_PATH} /usr/bin/cmake --build /home/ass/dev_ws/build/diffdrive_arduino -- -j4 -l4
[14.656s] [ 14%] [32mBuilding CXX object CMakeFiles/diffdrive_arduino.dir/src/diffdrive_arduino.cpp.o[0m
[14.658s] [ 28%] [32mBuilding CXX object CMakeFiles/diffdrive_arduino.dir/src/wheel.cpp.o[0m
[14.662s] [ 42%] [32mBuilding CXX object CMakeFiles/fake_robot.dir/src/fake_robot.cpp.o[0m
[14.667s] [ 57%] [32mBuilding CXX object CMakeFiles/fake_robot.dir/src/wheel.cpp.o[0m
[16.790s] [ 71%] [32mBuilding CXX object CMakeFiles/diffdrive_arduino.dir/src/arduino_comms.cpp.o[0m
[17.447s] In file included from [01m[K/home/ass/dev_ws/src/diffdrive_arduino/src/diffdrive_arduino.cpp:1[m[K:
[17.448s] [01m[K/home/ass/dev_ws/src/diffdrive_arduino/include/diffdrive_arduino/diffdrive_arduino.h:7:10:[m[K [01;31m[Kfatal error: [m[Khardware_interface/base_interface.hpp: No such file or directory
[17.448s]     7 | #include [01;31m[K"hardware_interface/base_interface.hpp"[m[K
[17.449s]       |          [01;31m[K^~~~~~~~~~~~~~~~~~~~~~~~~~~~~~~~~~~~~~~[m[K
[17.450s] In file included from [01m[K/home/ass/dev_ws/src/diffdrive_arduino/src/fake_robot.cpp:1[m[K:
[17.450s] [01m[K/home/ass/dev_ws/src/diffdrive_arduino/include/diffdrive_arduino/fake_robot.h:7:10:[m[K [01;31m[Kfatal error: [m[Khardware_interface/base_interface.hpp: No such file or directory
[17.451s]     7 | #include [01;31m[K"hardware_interface/base_interface.hpp"[m[K
[17.451s]       |          [01;31m[K^~~~~~~~~~~~~~~~~~~~~~~~~~~~~~~~~~~~~~~[m[K
[17.452s] compilation terminated.
[17.452s] compilation terminated.
[17.464s] gmake[2]: *** [CMakeFiles/fake_robot.dir/build.make:76: CMakeFiles/fake_robot.dir/src/fake_robot.cpp.o] Error 1
[17.465s] gmake[1]: *** [CMakeFiles/Makefile2:165: CMakeFiles/fake_robot.dir/all] Error 2
[17.465s] gmake[1]: *** Waiting for unfinished jobs....
[17.472s] gmake[2]: *** [CMakeFiles/diffdrive_arduino.dir/build.make:76: CMakeFiles/diffdrive_arduino.dir/src/diffdrive_arduino.cpp.o] Error 1
[17.473s] gmake[2]: *** Waiting for unfinished jobs....
[29.105s] gmake[1]: *** [CMakeFiles/Makefile2:139: CMakeFiles/diffdrive_arduino.dir/all] Error 2
[29.106s] gmake: *** [Makefile:146: all] Error 2
[29.125s] Invoked command in '/home/ass/dev_ws/build/diffdrive_arduino' returned '2': AMENT_PREFIX_PATH=/home/ass/dev_ws/install/serial:${AMENT_PREFIX_PATH} CMAKE_PREFIX_PATH=/home/ass/dev_ws/install/serial:/opt/ros/humble LD_LIBRARY_PATH=/home/ass/dev_ws/install/serial/lib:${LD_LIBRARY_PATH} /usr/bin/cmake --build /home/ass/dev_ws/build/diffdrive_arduino -- -j4 -l4
