[0.066s] Invoking command in '/home/ass/dev_ws/src/build/articubot_one': CMAKE_PREFIX_PATH=/opt/ros/humble /usr/bin/cmake /home/ass/dev_ws/src/articubot_one -DAMENT_CMAKE_SYMLINK_INSTALL=1 -DCMAKE_INSTALL_PREFIX=/home/ass/dev_ws/src/install/articubot_one
[0.335s] -- The C compiler identification is GNU 11.3.0
[0.608s] -- The CXX compiler identification is GNU 11.3.0
[0.635s] -- Detecting C compiler ABI info
[0.987s] -- Detecting C compiler ABI info - done
[1.013s] -- Check for working C compiler: /usr/bin/cc - skipped
[1.014s] -- Detecting C compile features
[1.016s] -- Detecting C compile features - done
[1.029s] -- Detecting CXX compiler ABI info
[1.408s] -- Detecting CXX compiler ABI info - done
[1.434s] -- Check for working CXX compiler: /usr/bin/c++ - skipped
[1.434s] -- Detecting CXX compile features
[1.436s] -- Detecting CXX compile features - done
[1.458s] -- Found ament_cmake: 1.3.5 (/opt/ros/humble/share/ament_cmake/cmake)
[2.472s] -- Found Python3: /usr/bin/python3.10 (found version "3.10.6") found components: Interpreter 
[2.796s] -- Override CMake install command with custom implementation using symlinks instead of copying resources
[3.053s] -- Found ament_lint_auto: 0.12.6 (/opt/ros/humble/share/ament_lint_auto/cmake)
[3.573s] -- Added test 'copyright' to check source files copyright and LICENSE
[3.673s] -- Added test 'flake8' to check Python code syntax and style conventions
[3.685s] -- Added test 'lint_cmake' to check CMake code style
[3.692s] -- Added test 'pep257' to check Python code against some of the docstring style conventions in PEP 257
[3.741s] -- Added test 'xmllint' to check XML markup files
[3.750s] -- Configuring done
[3.773s] -- Generating done
[3.779s] -- Build files have been written to: /home/ass/dev_ws/src/build/articubot_one
[3.803s] Invoked command in '/home/ass/dev_ws/src/build/articubot_one' returned '0': CMAKE_PREFIX_PATH=/opt/ros/humble /usr/bin/cmake /home/ass/dev_ws/src/articubot_one -DAMENT_CMAKE_SYMLINK_INSTALL=1 -DCMAKE_INSTALL_PREFIX=/home/ass/dev_ws/src/install/articubot_one
[3.816s] Invoking command in '/home/ass/dev_ws/src/build/articubot_one': CMAKE_PREFIX_PATH=/opt/ros/humble /usr/bin/cmake --build /home/ass/dev_ws/src/build/articubot_one -- -j4 -l4
[3.968s] Invoked command in '/home/ass/dev_ws/src/build/articubot_one' returned '0': CMAKE_PREFIX_PATH=/opt/ros/humble /usr/bin/cmake --build /home/ass/dev_ws/src/build/articubot_one -- -j4 -l4
[4.116s] Invoking command in '/home/ass/dev_ws/src/build/articubot_one': CMAKE_PREFIX_PATH=/opt/ros/humble /usr/bin/cmake --install /home/ass/dev_ws/src/build/articubot_one
[4.157s] -- Install configuration: ""
[4.159s] -- Execute custom install script
[4.162s] -- Symlinking: /home/ass/dev_ws/src/install/articubot_one/share/articubot_one/config/ball_tracker_params_robot.yaml
[4.193s] -- Symlinking: /home/ass/dev_ws/src/install/articubot_one/share/articubot_one/config/ball_tracker_params_sim.yaml
[4.228s] -- Symlinking: /home/ass/dev_ws/src/install/articubot_one/share/articubot_one/config/drive_bot.rviz
[4.259s] -- Symlinking: /home/ass/dev_ws/src/install/articubot_one/share/articubot_one/config/empty.yaml
[4.295s] -- Symlinking: /home/ass/dev_ws/src/install/articubot_one/share/articubot_one/config/gaz_ros2_ctl_use_sim.yaml
[4.331s] -- Symlinking: /home/ass/dev_ws/src/install/articubot_one/share/articubot_one/config/gazebo_params.yaml
[4.363s] -- Symlinking: /home/ass/dev_ws/src/install/articubot_one/share/articubot_one/config/joystick.yaml
[4.394s] -- Symlinking: /home/ass/dev_ws/src/install/articubot_one/share/articubot_one/config/main.rviz
[4.432s] -- Symlinking: /home/ass/dev_ws/src/install/articubot_one/share/articubot_one/config/map.rviz
[4.471s] -- Symlinking: /home/ass/dev_ws/src/install/articubot_one/share/articubot_one/config/mapper_params_online_async.yaml
[4.532s] -- Symlinking: /home/ass/dev_ws/src/install/articubot_one/share/articubot_one/config/my_controllers.yaml
[4.582s] -- Symlinking: /home/ass/dev_ws/src/install/articubot_one/share/articubot_one/config/nav2_params.yaml
[4.664s] -- Symlinking: /home/ass/dev_ws/src/install/articubot_one/share/articubot_one/config/twist_mux.yaml
[4.744s] -- Symlinking: /home/ass/dev_ws/src/install/articubot_one/share/articubot_one/config/view_bot.rviz
[4.842s] -- Symlinking: /home/ass/dev_ws/src/install/articubot_one/share/articubot_one/description/camera.xacro
[4.918s] -- Symlinking: /home/ass/dev_ws/src/install/articubot_one/share/articubot_one/description/depth_camera.xacro
[5.000s] -- Symlinking: /home/ass/dev_ws/src/install/articubot_one/share/articubot_one/description/face.xacro
[5.063s] -- Symlinking: /home/ass/dev_ws/src/install/articubot_one/share/articubot_one/description/gazebo_control.xacro
[5.110s] -- Symlinking: /home/ass/dev_ws/src/install/articubot_one/share/articubot_one/description/inertial_macros.xacro
[5.155s] -- Symlinking: /home/ass/dev_ws/src/install/articubot_one/share/articubot_one/description/lidar.xacro
[5.201s] -- Symlinking: /home/ass/dev_ws/src/install/articubot_one/share/articubot_one/description/robot.urdf.xacro
[5.247s] -- Symlinking: /home/ass/dev_ws/src/install/articubot_one/share/articubot_one/description/robot_core.xacro
[5.293s] -- Symlinking: /home/ass/dev_ws/src/install/articubot_one/share/articubot_one/description/ros2_control.xacro
[5.343s] -- Symlinking: /home/ass/dev_ws/src/install/articubot_one/share/articubot_one/launch/ball_tracker.launch.py
[5.396s] -- Symlinking: /home/ass/dev_ws/src/install/articubot_one/share/articubot_one/launch/camera.launch.py
[5.445s] -- Symlinking: /home/ass/dev_ws/src/install/articubot_one/share/articubot_one/launch/joystick.launch.py
[5.496s] -- Symlinking: /home/ass/dev_ws/src/install/articubot_one/share/articubot_one/launch/launch_robot.launch.py
[5.549s] -- Symlinking: /home/ass/dev_ws/src/install/articubot_one/share/articubot_one/launch/launch_sim.launch.py
[5.595s] -- Symlinking: /home/ass/dev_ws/src/install/articubot_one/share/articubot_one/launch/localization_launch.py
[5.647s] -- Symlinking: /home/ass/dev_ws/src/install/articubot_one/share/articubot_one/launch/navigation_launch.py
[5.697s] -- Symlinking: /home/ass/dev_ws/src/install/articubot_one/share/articubot_one/launch/online_async_launch.py
[5.748s] -- Symlinking: /home/ass/dev_ws/src/install/articubot_one/share/articubot_one/launch/rplidar.launch.py
[5.800s] -- Symlinking: /home/ass/dev_ws/src/install/articubot_one/share/articubot_one/launch/rsp.launch.py
[5.851s] -- Symlinking: /home/ass/dev_ws/src/install/articubot_one/share/articubot_one/worlds/empty.world
[5.906s] -- Symlinking: /home/ass/dev_ws/src/install/articubot_one/share/articubot_one/worlds/obstacles.world
[5.963s] -- Symlinking: /home/ass/dev_ws/src/install/articubot_one/share/ament_index/resource_index/package_run_dependencies/articubot_one
[6.016s] -- Symlinking: /home/ass/dev_ws/src/install/articubot_one/share/ament_index/resource_index/parent_prefix_path/articubot_one
[6.068s] -- Symlinking: /home/ass/dev_ws/src/install/articubot_one/share/articubot_one/environment/ament_prefix_path.sh
[6.126s] -- Symlinking: /home/ass/dev_ws/src/install/articubot_one/share/articubot_one/environment/ament_prefix_path.dsv
[6.178s] -- Symlinking: /home/ass/dev_ws/src/install/articubot_one/share/articubot_one/environment/path.sh
[6.231s] -- Symlinking: /home/ass/dev_ws/src/install/articubot_one/share/articubot_one/environment/path.dsv
[6.282s] -- Symlinking: /home/ass/dev_ws/src/install/articubot_one/share/articubot_one/local_setup.bash
[6.333s] -- Symlinking: /home/ass/dev_ws/src/install/articubot_one/share/articubot_one/local_setup.sh
[6.386s] -- Symlinking: /home/ass/dev_ws/src/install/articubot_one/share/articubot_one/local_setup.zsh
[6.443s] -- Symlinking: /home/ass/dev_ws/src/install/articubot_one/share/articubot_one/local_setup.dsv
[6.493s] -- Symlinking: /home/ass/dev_ws/src/install/articubot_one/share/articubot_one/package.dsv
[6.556s] -- Symlinking: /home/ass/dev_ws/src/install/articubot_one/share/ament_index/resource_index/packages/articubot_one
[6.608s] -- Symlinking: /home/ass/dev_ws/src/install/articubot_one/share/articubot_one/cmake/articubot_oneConfig.cmake
[6.670s] -- Symlinking: /home/ass/dev_ws/src/install/articubot_one/share/articubot_one/cmake/articubot_oneConfig-version.cmake
[6.727s] -- Symlinking: /home/ass/dev_ws/src/install/articubot_one/share/articubot_one/package.xml
[6.793s] Invoked command in '/home/ass/dev_ws/src/build/articubot_one' returned '0': CMAKE_PREFIX_PATH=/opt/ros/humble /usr/bin/cmake --install /home/ass/dev_ws/src/build/articubot_one
