[0.359s] Invoking command in '/home/ass/dev_ws/build/diffdrive_arduino': CMAKE_PREFIX_PATH=/opt/ros/humble /usr/bin/cmake /home/ass/dev_ws/src/diffdrive_arduino -DAMENT_CMAKE_SYMLINK_INSTALL=1 -DCMAKE_INSTALL_PREFIX=/home/ass/dev_ws/install/diffdrive_arduino
[0.714s] -- Found ament_cmake: 1.3.5 (/opt/ros/humble/share/ament_cmake/cmake)
[1.771s] -- Override CMake install command with custom implementation using symlinks instead of copying resources
[1.925s] -- Found hardware_interface: 2.28.0 (/opt/ros/humble/share/hardware_interface/cmake)
[2.454s] -- Found rosidl_generator_c: 3.1.4 (/opt/ros/humble/share/rosidl_generator_c/cmake)
[2.490s] -- Found rosidl_adapter: 3.1.4 (/opt/ros/humble/share/rosidl_adapter/cmake)
[2.591s] -- Found rosidl_generator_cpp: 3.1.4 (/opt/ros/humble/share/rosidl_generator_cpp/cmake)
[2.779s] -- Using all available rosidl_typesupport_c: rosidl_typesupport_fastrtps_c;rosidl_typesupport_introspection_c
[2.958s] -- Using all available rosidl_typesupport_cpp: rosidl_typesupport_fastrtps_cpp;rosidl_typesupport_introspection_cpp
[8.134s] -- Found rmw_implementation_cmake: 6.1.1 (/opt/ros/humble/share/rmw_implementation_cmake/cmake)
[8.300s] -- Found rmw_fastrtps_cpp: 6.2.2 (/opt/ros/humble/share/rmw_fastrtps_cpp/cmake)
[10.107s] -- Using RMW implementation 'rmw_fastrtps_cpp' as default
[11.939s] -- Found ament_cmake_gtest: 1.3.5 (/opt/ros/humble/share/ament_cmake_gtest/cmake)
[12.548s] -- Configuring done
[13.129s] -- Generating done
[13.145s] -- Build files have been written to: /home/ass/dev_ws/build/diffdrive_arduino
[13.203s] Invoked command in '/home/ass/dev_ws/build/diffdrive_arduino' returned '0': CMAKE_PREFIX_PATH=/opt/ros/humble /usr/bin/cmake /home/ass/dev_ws/src/diffdrive_arduino -DAMENT_CMAKE_SYMLINK_INSTALL=1 -DCMAKE_INSTALL_PREFIX=/home/ass/dev_ws/install/diffdrive_arduino
[13.211s] Invoking command in '/home/ass/dev_ws/build/diffdrive_arduino': CMAKE_PREFIX_PATH=/opt/ros/humble /usr/bin/cmake --build /home/ass/dev_ws/build/diffdrive_arduino -- -j4 -l4
[13.463s] [35m[1mConsolidate compiler generated dependencies of target diffdrive_arduino[0m
[13.778s] [ 50%] [32mBuilding CXX object CMakeFiles/diffdrive_arduino.dir/hardware/diffbot_system.cpp.o[0m
[31.038s] [100%] [32m[1mLinking CXX shared library libdiffdrive_arduino.so[0m
[32.366s] [100%] Built target diffdrive_arduino
[32.414s] Invoked command in '/home/ass/dev_ws/build/diffdrive_arduino' returned '0': CMAKE_PREFIX_PATH=/opt/ros/humble /usr/bin/cmake --build /home/ass/dev_ws/build/diffdrive_arduino -- -j4 -l4
[32.540s] Invoking command in '/home/ass/dev_ws/build/diffdrive_arduino': CMAKE_PREFIX_PATH=/opt/ros/humble /usr/bin/cmake --install /home/ass/dev_ws/build/diffdrive_arduino
[32.567s] -- Install configuration: ""
[32.569s] -- Execute custom install script
[32.576s] -- Up-to-date symlink: /home/ass/dev_ws/install/diffdrive_arduino/share/diffdrive_arduino//diffdrive_arduino.xml
[32.580s] -- Up-to-date symlink: /home/ass/dev_ws/install/diffdrive_arduino/include/diffdrive_arduino/diffdrive_arduino/arduino_comms.hpp
[32.582s] -- Up-to-date symlink: /home/ass/dev_ws/install/diffdrive_arduino/include/diffdrive_arduino/diffdrive_arduino/diffbot_system.hpp
[32.584s] -- Up-to-date symlink: /home/ass/dev_ws/install/diffdrive_arduino/include/diffdrive_arduino/diffdrive_arduino/visibility_control.h
[32.586s] -- Up-to-date symlink: /home/ass/dev_ws/install/diffdrive_arduino/include/diffdrive_arduino/diffdrive_arduino/wheel.hpp
[32.591s] -- Up-to-date symlink: /home/ass/dev_ws/install/diffdrive_arduino/share/diffdrive_arduino/launch/view_robot.launch.py
[32.594s] -- Up-to-date symlink: /home/ass/dev_ws/install/diffdrive_arduino/share/diffdrive_arduino/ros2_control/diffbot.ros2_control.xacro
[32.599s] -- Up-to-date symlink: /home/ass/dev_ws/install/diffdrive_arduino/share/diffdrive_arduino/urdf/diffbot.materials.xacro
[32.601s] -- Up-to-date symlink: /home/ass/dev_ws/install/diffdrive_arduino/share/diffdrive_arduino/urdf/diffbot.urdf.xacro
[32.602s] -- Up-to-date symlink: /home/ass/dev_ws/install/diffdrive_arduino/share/diffdrive_arduino/urdf/diffbot_description.urdf.xacro
[32.607s] -- Up-to-date symlink: /home/ass/dev_ws/install/diffdrive_arduino/share/diffdrive_arduino/rviz/diffbot.rviz
[32.609s] -- Up-to-date symlink: /home/ass/dev_ws/install/diffdrive_arduino/share/diffdrive_arduino/rviz/diffbot_view.rviz
[32.612s] -- Up-to-date symlink: /home/ass/dev_ws/install/diffdrive_arduino/share/diffdrive_arduino/launch/diffbot.launch.py
[32.617s] -- Up-to-date symlink: /home/ass/dev_ws/install/diffdrive_arduino/share/diffdrive_arduino/config/diffbot_controllers.yaml
[32.619s] -- Up-to-date symlink: /home/ass/dev_ws/install/diffdrive_arduino/share/diffdrive_arduino/environment/library_path.sh
[32.621s] -- Up-to-date symlink: /home/ass/dev_ws/install/diffdrive_arduino/share/diffdrive_arduino/environment/library_path.dsv
[32.624s] -- Up-to-date symlink: /home/ass/dev_ws/install/diffdrive_arduino/share/ament_index/resource_index/package_run_dependencies/diffdrive_arduino
[32.627s] -- Up-to-date symlink: /home/ass/dev_ws/install/diffdrive_arduino/share/ament_index/resource_index/parent_prefix_path/diffdrive_arduino
[32.629s] -- Up-to-date symlink: /home/ass/dev_ws/install/diffdrive_arduino/share/diffdrive_arduino/environment/ament_prefix_path.sh
[32.631s] -- Up-to-date symlink: /home/ass/dev_ws/install/diffdrive_arduino/share/diffdrive_arduino/environment/ament_prefix_path.dsv
[32.633s] -- Up-to-date symlink: /home/ass/dev_ws/install/diffdrive_arduino/share/diffdrive_arduino/environment/path.sh
[32.635s] -- Up-to-date symlink: /home/ass/dev_ws/install/diffdrive_arduino/share/diffdrive_arduino/environment/path.dsv
[32.636s] -- Up-to-date symlink: /home/ass/dev_ws/install/diffdrive_arduino/share/diffdrive_arduino/local_setup.bash
[32.638s] -- Up-to-date symlink: /home/ass/dev_ws/install/diffdrive_arduino/share/diffdrive_arduino/local_setup.sh
[32.640s] -- Up-to-date symlink: /home/ass/dev_ws/install/diffdrive_arduino/share/diffdrive_arduino/local_setup.zsh
[32.641s] -- Up-to-date symlink: /home/ass/dev_ws/install/diffdrive_arduino/share/diffdrive_arduino/local_setup.dsv
[32.642s] -- Symlinking: /home/ass/dev_ws/install/diffdrive_arduino/share/diffdrive_arduino/package.dsv
[32.678s] -- Up-to-date symlink: /home/ass/dev_ws/install/diffdrive_arduino/share/ament_index/resource_index/packages/diffdrive_arduino
[32.680s] -- Up-to-date symlink: /home/ass/dev_ws/install/diffdrive_arduino/share/ament_index/resource_index/hardware_interface__pluginlib__plugin/diffdrive_arduino
[32.683s] -- Up-to-date symlink: /home/ass/dev_ws/install/diffdrive_arduino/share/diffdrive_arduino/cmake/ament_cmake_export_targets-extras.cmake
[32.684s] -- Up-to-date symlink: /home/ass/dev_ws/install/diffdrive_arduino/share/diffdrive_arduino/cmake/ament_cmake_export_dependencies-extras.cmake
[32.686s] -- Up-to-date symlink: /home/ass/dev_ws/install/diffdrive_arduino/share/diffdrive_arduino/cmake/diffdrive_arduinoConfig.cmake
[32.688s] -- Up-to-date symlink: /home/ass/dev_ws/install/diffdrive_arduino/share/diffdrive_arduino/cmake/diffdrive_arduinoConfig-version.cmake
[32.689s] -- Up-to-date symlink: /home/ass/dev_ws/install/diffdrive_arduino/share/diffdrive_arduino/package.xml
[32.696s] -- Installing: /home/ass/dev_ws/install/diffdrive_arduino/lib/libdiffdrive_arduino.so
[32.706s] -- Set runtime path of "/home/ass/dev_ws/install/diffdrive_arduino/lib/libdiffdrive_arduino.so" to ""
[32.713s] -- Installing: /home/ass/dev_ws/install/diffdrive_arduino/share/diffdrive_arduino/cmake/export_diffdrive_arduinoExport.cmake
[32.715s] -- Installing: /home/ass/dev_ws/install/diffdrive_arduino/share/diffdrive_arduino/cmake/export_diffdrive_arduinoExport-noconfig.cmake
[32.734s] Invoked command in '/home/ass/dev_ws/build/diffdrive_arduino' returned '0': CMAKE_PREFIX_PATH=/opt/ros/humble /usr/bin/cmake --install /home/ass/dev_ws/build/diffdrive_arduino
