[0.045s] Invoking command in '/home/ass/dev_ws/src/build/diffdrive_arduino': AMENT_PREFIX_PATH=/home/ass/dev_ws/src/install/serial:${AMENT_PREFIX_PATH} CMAKE_PREFIX_PATH=/home/ass/dev_ws/src/install/serial:/opt/ros/humble LD_LIBRARY_PATH=/home/ass/dev_ws/src/install/serial/lib:${LD_LIBRARY_PATH} /usr/bin/cmake /home/ass/dev_ws/src/diffdrive_arduino -DAMENT_CMAKE_SYMLINK_INSTALL=1 -DCMAKE_INSTALL_PREFIX=/home/ass/dev_ws/src/install/diffdrive_arduino
[0.303s] -- The C compiler identification is GNU 11.3.0
[0.557s] -- The CXX compiler identification is GNU 11.3.0
[0.589s] -- Detecting C compiler ABI info
[0.910s] -- Detecting C compiler ABI info - done
[0.937s] -- Check for working C compiler: /usr/bin/cc - skipped
[0.937s] -- Detecting C compile features
[0.939s] -- Detecting C compile features - done
[0.950s] -- Detecting CXX compiler ABI info
[1.298s] -- Detecting CXX compiler ABI info - done
[1.325s] -- Check for working CXX compiler: /usr/bin/c++ - skipped
[1.326s] -- Detecting CXX compile features
[1.327s] -- Detecting CXX compile features - done
[1.360s] -- Found ament_cmake: 1.3.5 (/opt/ros/humble/share/ament_cmake/cmake)
[2.166s] -- Found Python3: /usr/bin/python3.10 (found version "3.10.6") found components: Interpreter 
[2.449s] -- Override CMake install command with custom implementation using symlinks instead of copying resources
[2.712s] -- Found serial: 1.2.1 (/home/ass/dev_ws/src/install/serial/share/serial/cmake)
[2.878s] [31mCMake Error at CMakeLists.txt:16 (find_package):
[2.879s]   By not providing "Findhardware_interface.cmake" in CMAKE_MODULE_PATH this
[2.879s]   project has asked CMake to find a package configuration file provided by
[2.879s]   "hardware_interface", but CMake did not find one.
[2.880s] 
[2.880s]   Could not find a package configuration file provided by
[2.880s]   "hardware_interface" with any of the following names:
[2.881s] 
[2.881s]     hardware_interfaceConfig.cmake
[2.881s]     hardware_interface-config.cmake
[2.881s] 
[2.882s]   Add the installation prefix of "hardware_interface" to CMAKE_PREFIX_PATH or
[2.882s]   set "hardware_interface_DIR" to a directory containing one of the above
[2.883s]   files.  If "hardware_interface" provides a separate development package or
[2.884s]   SDK, be sure it has been installed.
[2.885s] 
[2.886s] [0m
[2.886s] -- Configuring incomplete, errors occurred!
[2.887s] See also "/home/ass/dev_ws/src/build/diffdrive_arduino/CMakeFiles/CMakeOutput.log".
[2.894s] Invoked command in '/home/ass/dev_ws/src/build/diffdrive_arduino' returned '1': AMENT_PREFIX_PATH=/home/ass/dev_ws/src/install/serial:${AMENT_PREFIX_PATH} CMAKE_PREFIX_PATH=/home/ass/dev_ws/src/install/serial:/opt/ros/humble LD_LIBRARY_PATH=/home/ass/dev_ws/src/install/serial/lib:${LD_LIBRARY_PATH} /usr/bin/cmake /home/ass/dev_ws/src/diffdrive_arduino -DAMENT_CMAKE_SYMLINK_INSTALL=1 -DCMAKE_INSTALL_PREFIX=/home/ass/dev_ws/src/install/diffdrive_arduino
