[0.093s] Invoking command in '/home/ass/dev_ws/build/serial': CMAKE_PREFIX_PATH=/opt/ros/humble /usr/bin/cmake --build /home/ass/dev_ws/build/serial -- -j4 -l4
[0.343s] [35m[1mConsolidate compiler generated dependencies of target gtest_main[0m
[0.344s] [35m[1mConsolidate compiler generated dependencies of target gtest[0m
[0.346s] [35m[1mConsolidate compiler generated dependencies of target serial[0m
[0.411s] [ 14%] Built target gtest_main
[0.423s] [ 28%] Built target gtest
[0.427s] [ 57%] Built target serial
[0.488s] [35m[1mConsolidate compiler generated dependencies of target serial_example[0m
[0.496s] [35m[1mConsolidate compiler generated dependencies of target serial-test[0m
[0.497s] [35m[1mConsolidate compiler generated dependencies of target serial-test-timer[0m
[0.553s] [ 71%] Built target serial_example
[0.568s] [ 85%] Built target serial-test-timer
[0.583s] [100%] Built target serial-test
[0.626s] Invoked command in '/home/ass/dev_ws/build/serial' returned '0': CMAKE_PREFIX_PATH=/opt/ros/humble /usr/bin/cmake --build /home/ass/dev_ws/build/serial -- -j4 -l4
[0.826s] Invoking command in '/home/ass/dev_ws/build/serial': CMAKE_PREFIX_PATH=/opt/ros/humble /usr/bin/cmake --install /home/ass/dev_ws/build/serial
[0.855s] -- Install configuration: ""
[0.859s] -- Execute custom install script
[0.863s] -- Up-to-date symlink: /home/ass/dev_ws/install/serial/lib/libserial.a
[0.876s] -- Up-to-date symlink: /home/ass/dev_ws/install/serial/include/serial/serial.h
[0.883s] -- Up-to-date symlink: /home/ass/dev_ws/install/serial/include/serial/v8stdint.h
[0.883s] -- Up-to-date symlink: /home/ass/dev_ws/install/serial/share/serial/environment/library_path.sh
[0.884s] -- Up-to-date symlink: /home/ass/dev_ws/install/serial/share/serial/environment/library_path.dsv
[0.885s] -- Up-to-date symlink: /home/ass/dev_ws/install/serial/share/ament_index/resource_index/package_run_dependencies/serial
[0.886s] -- Up-to-date symlink: /home/ass/dev_ws/install/serial/share/ament_index/resource_index/parent_prefix_path/serial
[0.886s] -- Up-to-date symlink: /home/ass/dev_ws/install/serial/share/serial/environment/ament_prefix_path.sh
[0.887s] -- Up-to-date symlink: /home/ass/dev_ws/install/serial/share/serial/environment/ament_prefix_path.dsv
[0.888s] -- Up-to-date symlink: /home/ass/dev_ws/install/serial/share/serial/environment/path.sh
[0.892s] -- Up-to-date symlink: /home/ass/dev_ws/install/serial/share/serial/environment/path.dsv
[0.893s] -- Up-to-date symlink: /home/ass/dev_ws/install/serial/share/serial/local_setup.bash
[0.894s] -- Up-to-date symlink: /home/ass/dev_ws/install/serial/share/serial/local_setup.sh
[0.895s] -- Up-to-date symlink: /home/ass/dev_ws/install/serial/share/serial/local_setup.zsh
[0.905s] -- Up-to-date symlink: /home/ass/dev_ws/install/serial/share/serial/local_setup.dsv
[0.905s] -- Symlinking: /home/ass/dev_ws/install/serial/share/serial/package.dsv
[0.952s] -- Up-to-date symlink: /home/ass/dev_ws/install/serial/share/ament_index/resource_index/packages/serial
[0.956s] -- Up-to-date symlink: /home/ass/dev_ws/install/serial/share/serial/cmake/ament_cmake_export_include_directories-extras.cmake
[0.960s] -- Up-to-date symlink: /home/ass/dev_ws/install/serial/share/serial/cmake/ament_cmake_export_libraries-extras.cmake
[0.961s] -- Up-to-date symlink: /home/ass/dev_ws/install/serial/share/serial/cmake/serialConfig.cmake
[0.965s] -- Up-to-date symlink: /home/ass/dev_ws/install/serial/share/serial/cmake/serialConfig-version.cmake
[0.967s] -- Up-to-date symlink: /home/ass/dev_ws/install/serial/share/serial/package.xml
[0.994s] Invoked command in '/home/ass/dev_ws/build/serial' returned '0': CMAKE_PREFIX_PATH=/opt/ros/humble /usr/bin/cmake --install /home/ass/dev_ws/build/serial
