[0.127s] Invoking command in '/home/ass/dev_ws/build/diffdrive_arduino': CMAKE_PREFIX_PATH=${CMAKE_PREFIX_PATH}:/opt/ros/humble /usr/bin/cmake --build /home/ass/dev_ws/build/diffdrive_arduino -- -j4 -l4
[0.356s] [35m[1mConsolidate compiler generated dependencies of target diffdrive_arduino[0m
[0.514s] [100%] Built target diffdrive_arduino
[0.568s] Invoked command in '/home/ass/dev_ws/build/diffdrive_arduino' returned '0': CMAKE_PREFIX_PATH=${CMAKE_PREFIX_PATH}:/opt/ros/humble /usr/bin/cmake --build /home/ass/dev_ws/build/diffdrive_arduino -- -j4 -l4
[0.839s] Invoking command in '/home/ass/dev_ws/build/diffdrive_arduino': CMAKE_PREFIX_PATH=${CMAKE_PREFIX_PATH}:/opt/ros/humble /usr/bin/cmake --install /home/ass/dev_ws/build/diffdrive_arduino
[0.877s] -- Install configuration: ""
[0.878s] -- Execute custom install script
[0.880s] -- Up-to-date symlink: /home/ass/dev_ws/install/diffdrive_arduino/share/diffdrive_arduino//diffdrive_arduino.xml
[0.882s] -- Up-to-date symlink: /home/ass/dev_ws/install/diffdrive_arduino/include/diffdrive_arduino/diffdrive_arduino/arduino_comms.hpp
[0.884s] -- Up-to-date symlink: /home/ass/dev_ws/install/diffdrive_arduino/include/diffdrive_arduino/diffdrive_arduino/diffbot_system.hpp
[0.884s] -- Up-to-date symlink: /home/ass/dev_ws/install/diffdrive_arduino/include/diffdrive_arduino/diffdrive_arduino/visibility_control.h
[0.886s] -- Up-to-date symlink: /home/ass/dev_ws/install/diffdrive_arduino/include/diffdrive_arduino/diffdrive_arduino/wheel.hpp
[0.888s] -- Up-to-date symlink: /home/ass/dev_ws/install/diffdrive_arduino/share/diffdrive_arduino/launch/view_robot.launch.py
[0.890s] -- Up-to-date symlink: /home/ass/dev_ws/install/diffdrive_arduino/share/diffdrive_arduino/ros2_control/diffbot.ros2_control.xacro
[0.893s] -- Up-to-date symlink: /home/ass/dev_ws/install/diffdrive_arduino/share/diffdrive_arduino/urdf/diffbot.materials.xacro
[0.894s] -- Up-to-date symlink: /home/ass/dev_ws/install/diffdrive_arduino/share/diffdrive_arduino/urdf/diffbot.urdf.xacro
[0.895s] -- Up-to-date symlink: /home/ass/dev_ws/install/diffdrive_arduino/share/diffdrive_arduino/urdf/diffbot_description.urdf.xacro
[0.897s] -- Up-to-date symlink: /home/ass/dev_ws/install/diffdrive_arduino/share/diffdrive_arduino/rviz/diffbot.rviz
[0.898s] -- Up-to-date symlink: /home/ass/dev_ws/install/diffdrive_arduino/share/diffdrive_arduino/rviz/diffbot_view.rviz
[0.900s] -- Up-to-date symlink: /home/ass/dev_ws/install/diffdrive_arduino/share/diffdrive_arduino/launch/diffbot.launch.py
[0.903s] -- Up-to-date symlink: /home/ass/dev_ws/install/diffdrive_arduino/share/diffdrive_arduino/config/diffbot_controllers.yaml
[0.904s] -- Up-to-date symlink: /home/ass/dev_ws/install/diffdrive_arduino/share/diffdrive_arduino/environment/library_path.sh
[0.905s] -- Up-to-date symlink: /home/ass/dev_ws/install/diffdrive_arduino/share/diffdrive_arduino/environment/library_path.dsv
[0.907s] -- Up-to-date symlink: /home/ass/dev_ws/install/diffdrive_arduino/share/ament_index/resource_index/package_run_dependencies/diffdrive_arduino
[0.909s] -- Up-to-date symlink: /home/ass/dev_ws/install/diffdrive_arduino/share/ament_index/resource_index/parent_prefix_path/diffdrive_arduino
[0.910s] -- Up-to-date symlink: /home/ass/dev_ws/install/diffdrive_arduino/share/diffdrive_arduino/environment/ament_prefix_path.sh
[0.912s] -- Up-to-date symlink: /home/ass/dev_ws/install/diffdrive_arduino/share/diffdrive_arduino/environment/ament_prefix_path.dsv
[0.913s] -- Up-to-date symlink: /home/ass/dev_ws/install/diffdrive_arduino/share/diffdrive_arduino/environment/path.sh
[0.914s] -- Up-to-date symlink: /home/ass/dev_ws/install/diffdrive_arduino/share/diffdrive_arduino/environment/path.dsv
[0.915s] -- Up-to-date symlink: /home/ass/dev_ws/install/diffdrive_arduino/share/diffdrive_arduino/local_setup.bash
[0.916s] -- Up-to-date symlink: /home/ass/dev_ws/install/diffdrive_arduino/share/diffdrive_arduino/local_setup.sh
[0.917s] -- Up-to-date symlink: /home/ass/dev_ws/install/diffdrive_arduino/share/diffdrive_arduino/local_setup.zsh
[0.918s] -- Up-to-date symlink: /home/ass/dev_ws/install/diffdrive_arduino/share/diffdrive_arduino/local_setup.dsv
[0.919s] -- Symlinking: /home/ass/dev_ws/install/diffdrive_arduino/share/diffdrive_arduino/package.dsv
[0.959s] -- Up-to-date symlink: /home/ass/dev_ws/install/diffdrive_arduino/share/ament_index/resource_index/packages/diffdrive_arduino
[0.969s] -- Up-to-date symlink: /home/ass/dev_ws/install/diffdrive_arduino/share/ament_index/resource_index/hardware_interface__pluginlib__plugin/diffdrive_arduino
[0.970s] -- Up-to-date symlink: /home/ass/dev_ws/install/diffdrive_arduino/share/diffdrive_arduino/cmake/ament_cmake_export_targets-extras.cmake
[0.970s] -- Up-to-date symlink: /home/ass/dev_ws/install/diffdrive_arduino/share/diffdrive_arduino/cmake/ament_cmake_export_dependencies-extras.cmake
[0.972s] -- Up-to-date symlink: /home/ass/dev_ws/install/diffdrive_arduino/share/diffdrive_arduino/cmake/diffdrive_arduinoConfig.cmake
[0.972s] -- Up-to-date symlink: /home/ass/dev_ws/install/diffdrive_arduino/share/diffdrive_arduino/cmake/diffdrive_arduinoConfig-version.cmake
[0.973s] -- Up-to-date symlink: /home/ass/dev_ws/install/diffdrive_arduino/share/diffdrive_arduino/package.xml
[0.973s] -- Up-to-date: /home/ass/dev_ws/install/diffdrive_arduino/lib/libdiffdrive_arduino.so
[0.974s] -- Up-to-date: /home/ass/dev_ws/install/diffdrive_arduino/share/diffdrive_arduino/cmake/export_diffdrive_arduinoExport.cmake
[0.975s] -- Up-to-date: /home/ass/dev_ws/install/diffdrive_arduino/share/diffdrive_arduino/cmake/export_diffdrive_arduinoExport-noconfig.cmake
[1.068s] Invoked command in '/home/ass/dev_ws/build/diffdrive_arduino' returned '0': CMAKE_PREFIX_PATH=${CMAKE_PREFIX_PATH}:/opt/ros/humble /usr/bin/cmake --install /home/ass/dev_ws/build/diffdrive_arduino
